#
# There is insufficient memory for the Java Runtime Environment to continue.
# Native memory allocation (malloc) failed to allocate 1973296 bytes for Chunk::new
# Possible reasons:
#   The system is out of physical RAM or swap space
#   The process is running with CompressedOops enabled, and the Java Heap may be blocking the growth of the native heap
# Possible solutions:
#   Reduce memory load on the system
#   Increase physical memory or swap space
#   Check if swap backing store is full
#   Decrease Java heap size (-Xmx/-Xms)
#   Decrease number of Java threads
#   Decrease Java thread stack sizes (-Xss)
#   Set larger code cache with -XX:ReservedCodeCacheSize=
#   JVM is running with Unscaled Compressed Oops mode in which the Java heap is
#     placed in the first 4GB address space. The Java Heap base address is the
#     maximum limit for the native heap growth. Please use -XX:HeapBaseMinAddress
#     to set the Java Heap base and to place the Java Heap above 4GB virtual address.
# This output file may be truncated or incomplete.
#
#  Out of Memory Error (./src/hotspot/share/memory/arena.cpp:197), pid=13852, tid=12088
#
# JRE version: OpenJDK Runtime Environment (11.0.13) (build 11.0.13+0-b1751.21-8125866)
# Java VM: OpenJDK 64-Bit Server VM (11.0.13+0-b1751.21-8125866, mixed mode, tiered, compressed oops, g1 gc, windows-amd64)
# No core dump will be written. Minidumps are not enabled by default on client versions of Windows
#

---------------  S U M M A R Y ------------

Command Line: --add-opens=java.base/java.util=ALL-UNNAMED --add-opens=java.base/java.lang=ALL-UNNAMED --add-opens=java.base/java.lang.invoke=ALL-UNNAMED --add-opens=java.base/java.util=ALL-UNNAMED --add-opens=java.prefs/java.util.prefs=ALL-UNNAMED --add-opens=java.prefs/java.util.prefs=ALL-UNNAMED --add-opens=java.base/java.nio.charset=ALL-UNNAMED --add-opens=java.base/java.net=ALL-UNNAMED --add-opens=java.base/java.util.concurrent.atomic=ALL-UNNAMED -Xmx2048m -Dfile.encoding=UTF-8 -Duser.country=US -Duser.language=en -Duser.variant org.gradle.launcher.daemon.bootstrap.GradleDaemon 7.0.2

Host: Intel(R) Celeron(R) N4020 CPU @ 1.10GHz, 2 cores, 3G,  Windows 10 , 64 bit Build 19041 (10.0.19041.2364)
Time: Thu Jan 26 18:33:50 2023 Malay Peninsula Standard Time elapsed time: 959.770341 seconds (0d 0h 15m 59s)

---------------  T H R E A D  ---------------

Current thread (0x0000020be9997000):  JavaThread "C2 CompilerThread0" daemon [_thread_in_native, id=12088, stack(0x0000005d3bd00000,0x0000005d3be00000)]


Current CompileTask:
C2: 959770 22078       4       org.gradle.api.internal.artifacts.transform.AttributeMatchingVariantSelector::doSelect (469 bytes)

Stack: [0x0000005d3bd00000,0x0000005d3be00000]
Native frames: (J=compiled Java code, j=interpreted, Vv=VM code, C=native code)
V  [jvm.dll+0x6100fa]
V  [jvm.dll+0x747090]
V  [jvm.dll+0x7486ad]
V  [jvm.dll+0x748d83]
V  [jvm.dll+0x24ab48]
V  [jvm.dll+0xc04dc]
V  [jvm.dll+0xc0a0c]
V  [jvm.dll+0x35eb9d]
V  [jvm.dll+0x32b833]
V  [jvm.dll+0x32ad2a]
V  [jvm.dll+0x2032b2]
V  [jvm.dll+0x202437]
V  [jvm.dll+0x188e01]
V  [jvm.dll+0x21106b]
V  [jvm.dll+0x20f8c1]
V  [jvm.dll+0x70de0f]
V  [jvm.dll+0x706a75]
V  [jvm.dll+0x60ed66]
C  [ucrtbase.dll+0x21bb2]
C  [KERNEL32.DLL+0x17614]
C  [ntdll.dll+0x526a1]


---------------  P R O C E S S  ---------------

Threads class SMR info:
_java_thread_list=0x0000020bf2b7bdf0, length=47, elements={
0x0000020bcf21d000, 0x0000020be9929800, 0x0000020be9934800, 0x0000020be998a800,
0x0000020be998c800, 0x0000020be998e800, 0x0000020be9997000, 0x0000020be999a000,
0x0000020be99a8800, 0x0000020be9c16800, 0x0000020beb679800, 0x0000020beb9d5800,
0x0000020beb8e6800, 0x0000020beb1e6000, 0x0000020beb1e3800, 0x0000020beb1e5000,
0x0000020beb1e7000, 0x0000020beb1e1000, 0x0000020beb610800, 0x0000020beb613000,
0x0000020beb614000, 0x0000020beb614800, 0x0000020beb61b000, 0x0000020beb61a800,
0x0000020beba8f800, 0x0000020beb61d800, 0x0000020beba8c000, 0x0000020beba96800,
0x0000020beba89800, 0x0000020beba8a800, 0x0000020beba8d000, 0x0000020beba89000,
0x0000020beba8d800, 0x0000020beba8b800, 0x0000020beba88000, 0x0000020beba92800,
0x0000020beba92000, 0x0000020beba94800, 0x0000020beba90000, 0x0000020beba93800,
0x0000020beba8e800, 0x0000020beba95000, 0x0000020beba96000, 0x0000020beba91000,
0x0000020beb616800, 0x0000020beb617000, 0x0000020beb611800
}

Java Threads: ( => current thread )
  0x0000020bcf21d000 JavaThread "main" [_thread_blocked, id=14604, stack(0x0000005d3b100000,0x0000005d3b200000)]
  0x0000020be9929800 JavaThread "Reference Handler" daemon [_thread_blocked, id=3704, stack(0x0000005d3b800000,0x0000005d3b900000)]
  0x0000020be9934800 JavaThread "Finalizer" daemon [_thread_blocked, id=17396, stack(0x0000005d3b900000,0x0000005d3ba00000)]
  0x0000020be998a800 JavaThread "Signal Dispatcher" daemon [_thread_blocked, id=16808, stack(0x0000005d3ba00000,0x0000005d3bb00000)]
  0x0000020be998c800 JavaThread "Attach Listener" daemon [_thread_blocked, id=14916, stack(0x0000005d3bb00000,0x0000005d3bc00000)]
  0x0000020be998e800 JavaThread "Service Thread" daemon [_thread_blocked, id=15408, stack(0x0000005d3bc00000,0x0000005d3bd00000)]
=>0x0000020be9997000 JavaThread "C2 CompilerThread0" daemon [_thread_in_native, id=12088, stack(0x0000005d3bd00000,0x0000005d3be00000)]
  0x0000020be999a000 JavaThread "C1 CompilerThread0" daemon [_thread_blocked, id=4516, stack(0x0000005d3be00000,0x0000005d3bf00000)]
  0x0000020be99a8800 JavaThread "Sweeper thread" daemon [_thread_blocked, id=12636, stack(0x0000005d3bf00000,0x0000005d3c000000)]
  0x0000020be9c16800 JavaThread "Common-Cleaner" daemon [_thread_blocked, id=11332, stack(0x0000005d3c000000,0x0000005d3c100000)]
  0x0000020beb679800 JavaThread "Daemon health stats" [_thread_blocked, id=6660, stack(0x0000005d3c300000,0x0000005d3c400000)]
  0x0000020beb9d5800 JavaThread "Incoming local TCP Connector on port 53439" [_thread_in_native, id=13764, stack(0x0000005d3c400000,0x0000005d3c500000)]
  0x0000020beb8e6800 JavaThread "Daemon periodic checks" [_thread_blocked, id=1780, stack(0x0000005d3c700000,0x0000005d3c800000)]
  0x0000020beb1e6000 JavaThread "Cache worker for file hash cache (C:\Users\hp\.gradle\caches\7.0.2\fileHashes)" [_thread_blocked, id=17168, stack(0x0000005d3cd00000,0x0000005d3ce00000)]
  0x0000020beb1e3800 JavaThread "File lock request listener" [_thread_in_native, id=3760, stack(0x0000005d3ce00000,0x0000005d3cf00000)]
  0x0000020beb1e5000 JavaThread "Cache worker for journal cache (C:\Users\hp\.gradle\caches\journal-1)" [_thread_blocked, id=6100, stack(0x0000005d3cf00000,0x0000005d3d000000)]
  0x0000020beb1e7000 JavaThread "File watcher server" daemon [_thread_in_native, id=16504, stack(0x0000005d3d100000,0x0000005d3d200000)]
  0x0000020beb1e1000 JavaThread "File watcher consumer" daemon [_thread_blocked, id=5076, stack(0x0000005d3d200000,0x0000005d3d300000)]
  0x0000020beb610800 JavaThread "Cache worker for execution history cache (C:\Users\hp\.gradle\caches\7.0.2\executionHistory)" [_thread_blocked, id=11076, stack(0x0000005d3d600000,0x0000005d3d700000)]
  0x0000020beb613000 JavaThread "jar transforms" [_thread_blocked, id=2416, stack(0x0000005d3d700000,0x0000005d3d800000)]
  0x0000020beb614000 JavaThread "jar transforms Thread 2" [_thread_blocked, id=15504, stack(0x0000005d3d800000,0x0000005d3d900000)]
  0x0000020beb614800 JavaThread "Cache worker for file content cache (C:\Users\hp\.gradle\caches\7.0.2\fileContent)" [_thread_blocked, id=13752, stack(0x0000005d3d900000,0x0000005d3da00000)]
  0x0000020beb61b000 JavaThread "Memory manager" [_thread_blocked, id=3716, stack(0x0000005d3de00000,0x0000005d3df00000)]
  0x0000020beb61a800 JavaThread "pool-3-thread-1" [_thread_blocked, id=15756, stack(0x0000005d3e000000,0x0000005d3e100000)]
  0x0000020beba8f800 JavaThread "pool-9-thread-1" [_thread_blocked, id=15120, stack(0x0000005d3dc00000,0x0000005d3dd00000)]
  0x0000020beb61d800 JavaThread "Cache worker for Java compile cache (C:\Users\hp\.gradle\caches\7.0.2\javaCompile)" [_thread_blocked, id=4464, stack(0x0000005d3e700000,0x0000005d3e800000)]
  0x0000020beba8c000 JavaThread "pool-14-thread-1" [_thread_blocked, id=524, stack(0x0000005d3dd00000,0x0000005d3de00000)]
  0x0000020beba96800 JavaThread "ForkJoinPool.commonPool-worker-1" daemon [_thread_blocked, id=14536, stack(0x0000005d3e800000,0x0000005d3e900000)]
  0x0000020beba89800 JavaThread "Daemon Thread 5" [_thread_blocked, id=3796, stack(0x0000005d3af00000,0x0000005d3b000000)]
  0x0000020beba8a800 JavaThread "Handler for socket connection from /127.0.0.1:53439 to /127.0.0.1:53519" [_thread_in_native, id=16368, stack(0x0000005d3b000000,0x0000005d3b100000)]
  0x0000020beba8d000 JavaThread "Cancel handler" [_thread_blocked, id=14028, stack(0x0000005d3c500000,0x0000005d3c600000)]
  0x0000020beba89000 JavaThread "Daemon worker Thread 5" [_thread_blocked, id=17068, stack(0x0000005d3c600000,0x0000005d3c700000)]
  0x0000020beba8d800 JavaThread "Asynchronous log dispatcher for DefaultDaemonConnection: socket connection from /127.0.0.1:53439 to /127.0.0.1:53519" [_thread_blocked, id=8396, stack(0x0000005d3c800000,0x0000005d3c900000)]
  0x0000020beba8b800 JavaThread "Stdin handler" [_thread_blocked, id=10204, stack(0x0000005d3c900000,0x0000005d3ca00000)]
  0x0000020beba88000 JavaThread "Daemon client event forwarder" [_thread_blocked, id=1424, stack(0x0000005d3ca00000,0x0000005d3cb00000)]
  0x0000020beba92800 JavaThread "Cache worker for file hash cache (E:\SEMESTER 5\UAS MOBILE\carkus\.gradle\7.0.2\fileHashes)" [_thread_blocked, id=13180, stack(0x0000005d3cb00000,0x0000005d3cc00000)]
  0x0000020beba92000 JavaThread "Cache worker for checksums cache (E:\SEMESTER 5\UAS MOBILE\carkus\.gradle\checksums)" [_thread_blocked, id=3016, stack(0x0000005d3cc00000,0x0000005d3cd00000)]
  0x0000020beba94800 JavaThread "Cache worker for cache directory md-supplier (C:\Users\hp\.gradle\caches\7.0.2\md-supplier)" [_thread_blocked, id=13552, stack(0x0000005d3d000000,0x0000005d3d100000)]
  0x0000020beba90000 JavaThread "Cache worker for cache directory md-rule (C:\Users\hp\.gradle\caches\7.0.2\md-rule)" [_thread_blocked, id=13600, stack(0x0000005d3d300000,0x0000005d3d400000)]
  0x0000020beba93800 JavaThread "Cache worker for dependencies-accessors (E:\SEMESTER 5\UAS MOBILE\carkus\.gradle\7.0.2\dependencies-accessors)" [_thread_blocked, id=13660, stack(0x0000005d3d400000,0x0000005d3d500000)]
  0x0000020beba8e800 JavaThread "Cache worker for Build Output Cleanup Cache (E:\SEMESTER 5\UAS MOBILE\carkus\.gradle\buildOutputCleanup)" [_thread_blocked, id=15356, stack(0x0000005d3d500000,0x0000005d3d600000)]
  0x0000020beba95000 JavaThread "Build operations" [_thread_blocked, id=11576, stack(0x0000005d3da00000,0x0000005d3db00000)]
  0x0000020beba96000 JavaThread "Build operations Thread 2" [_thread_blocked, id=8812, stack(0x0000005d3db00000,0x0000005d3dc00000)]
  0x0000020beba91000 JavaThread "pool-18-thread-1" [_thread_blocked, id=10848, stack(0x0000005d3df00000,0x0000005d3e000000)]
  0x0000020beb616800 JavaThread "build event listener" [_thread_blocked, id=3808, stack(0x0000005d3e100000,0x0000005d3e200000)]
  0x0000020beb617000 JavaThread "Execution worker for ':'" [_thread_in_Java, id=6744, stack(0x0000005d3e200000,0x0000005d3e300000)]
  0x0000020beb611800 JavaThread "Cache worker for execution history cache (E:\SEMESTER 5\UAS MOBILE\carkus\.gradle\7.0.2\executionHistory)" [_thread_blocked, id=12560, stack(0x0000005d3e300000,0x0000005d3e400000)]

Other Threads:
  0x0000020be9925800 VMThread "VM Thread" [stack: 0x0000005d3b700000,0x0000005d3b800000] [id=16740]
  0x0000020be9c82000 WatcherThread [stack: 0x0000005d3c100000,0x0000005d3c200000] [id=16776]
  0x0000020bcf235000 GCTaskThread "GC Thread#0" [stack: 0x0000005d3b200000,0x0000005d3b300000] [id=8544]
  0x0000020be9d34800 GCTaskThread "GC Thread#1" [stack: 0x0000005d3c200000,0x0000005d3c300000] [id=13224]
  0x0000020bcf268800 ConcurrentGCThread "G1 Main Marker" [stack: 0x0000005d3b300000,0x0000005d3b400000] [id=6748]
  0x0000020bcf269800 ConcurrentGCThread "G1 Conc#0" [stack: 0x0000005d3b400000,0x0000005d3b500000] [id=2144]
  0x0000020bcf2a7000 ConcurrentGCThread "G1 Refine#0" [stack: 0x0000005d3b500000,0x0000005d3b600000] [id=6376]
  0x0000020bcf2a8000 ConcurrentGCThread "G1 Young RemSet Sampling" [stack: 0x0000005d3b600000,0x0000005d3b700000] [id=6136]

Threads with active compile tasks:
C2 CompilerThread0 959861 22078       4       org.gradle.api.internal.artifacts.transform.AttributeMatchingVariantSelector::doSelect (469 bytes)

VM state:not at safepoint (normal execution)

VM Mutex/Monitor currently owned by a thread: None

Heap address: 0x0000000080000000, size: 2048 MB, Compressed Oops mode: 32-bit
Narrow klass base: 0x0000000000000000, Narrow klass shift: 3
Compressed class space size: 1073741824 Address: 0x0000000100000000

Heap:
 garbage-first heap   total 225280K, used 111688K [0x0000000080000000, 0x0000000100000000)
  region size 1024K, 14 young (14336K), 2 survivors (2048K)
 Metaspace       used 126179K, capacity 129321K, committed 129436K, reserved 1163264K
  class space    used 15365K, capacity 16557K, committed 16620K, reserved 1048576K
Heap Regions: E=young(eden), S=young(survivor), O=old, HS=humongous(starts), HC=humongous(continues), CS=collection set, F=free, A=archive, TAMS=top-at-mark-start (previous, next)
|   0|0x0000000080000000, 0x0000000080100000, 0x0000000080100000|100%| O|  |TAMS 0x0000000080100000, 0x0000000080000000| Untracked 
|   1|0x0000000080100000, 0x0000000080200000, 0x0000000080200000|100%| O|  |TAMS 0x0000000080200000, 0x0000000080100000| Untracked 
|   2|0x0000000080200000, 0x0000000080300000, 0x0000000080300000|100%| O|  |TAMS 0x0000000080300000, 0x0000000080200000| Untracked 
|   3|0x0000000080300000, 0x0000000080400000, 0x0000000080400000|100%| O|  |TAMS 0x0000000080400000, 0x0000000080300000| Untracked 
|   4|0x0000000080400000, 0x0000000080500000, 0x0000000080500000|100%|HS|  |TAMS 0x0000000080500000, 0x0000000080400000| Complete 
|   5|0x0000000080500000, 0x0000000080600000, 0x0000000080600000|100%|HC|  |TAMS 0x0000000080600000, 0x0000000080500000| Complete 
|   6|0x0000000080600000, 0x0000000080700000, 0x0000000080700000|100%|HC|  |TAMS 0x0000000080700000, 0x0000000080600000| Complete 
|   7|0x0000000080700000, 0x0000000080800000, 0x0000000080800000|100%| O|  |TAMS 0x0000000080800000, 0x0000000080700000| Untracked 
|   8|0x0000000080800000, 0x0000000080900000, 0x0000000080900000|100%| O|  |TAMS 0x0000000080900000, 0x0000000080800000| Untracked 
|   9|0x0000000080900000, 0x0000000080a00000, 0x0000000080a00000|100%| O|  |TAMS 0x0000000080a00000, 0x0000000080900000| Untracked 
|  10|0x0000000080a00000, 0x0000000080b00000, 0x0000000080b00000|100%| O|  |TAMS 0x0000000080b00000, 0x0000000080a00000| Untracked 
|  11|0x0000000080b00000, 0x0000000080c00000, 0x0000000080c00000|100%| O|  |TAMS 0x0000000080b00000, 0x0000000080b00000| Untracked 
|  12|0x0000000080c00000, 0x0000000080d00000, 0x0000000080d00000|100%| O|  |TAMS 0x0000000080d00000, 0x0000000080c00000| Untracked 
|  13|0x0000000080d00000, 0x0000000080e00000, 0x0000000080e00000|100%| O|  |TAMS 0x0000000080d00000, 0x0000000080d00000| Untracked 
|  14|0x0000000080e00000, 0x0000000080f00000, 0x0000000080f00000|100%| O|  |TAMS 0x0000000080f00000, 0x0000000080e00000| Untracked 
|  15|0x0000000080f00000, 0x0000000081000000, 0x0000000081000000|100%| O|  |TAMS 0x0000000081000000, 0x0000000080f00000| Untracked 
|  16|0x0000000081000000, 0x0000000081100000, 0x0000000081100000|100%| O|  |TAMS 0x0000000081100000, 0x0000000081000000| Untracked 
|  17|0x0000000081100000, 0x0000000081200000, 0x0000000081200000|100%| O|  |TAMS 0x0000000081200000, 0x0000000081100000| Untracked 
|  18|0x0000000081200000, 0x0000000081300000, 0x0000000081300000|100%| O|  |TAMS 0x0000000081300000, 0x0000000081200000| Untracked 
|  19|0x0000000081300000, 0x0000000081400000, 0x0000000081400000|100%| O|  |TAMS 0x0000000081400000, 0x0000000081300000| Untracked 
|  20|0x0000000081400000, 0x0000000081500000, 0x0000000081500000|100%| O|  |TAMS 0x0000000081500000, 0x0000000081400000| Untracked 
|  21|0x0000000081500000, 0x0000000081600000, 0x0000000081600000|100%| O|  |TAMS 0x0000000081600000, 0x0000000081500000| Untracked 
|  22|0x0000000081600000, 0x0000000081700000, 0x0000000081700000|100%| O|  |TAMS 0x0000000081700000, 0x0000000081600000| Untracked 
|  23|0x0000000081700000, 0x0000000081800000, 0x0000000081800000|100%| O|  |TAMS 0x0000000081800000, 0x0000000081700000| Untracked 
|  24|0x0000000081800000, 0x0000000081900000, 0x0000000081900000|100%| O|  |TAMS 0x0000000081900000, 0x0000000081800000| Untracked 
|  25|0x0000000081900000, 0x0000000081a00000, 0x0000000081a00000|100%|HS|  |TAMS 0x0000000081a00000, 0x0000000081900000| Complete 
|  26|0x0000000081a00000, 0x0000000081b00000, 0x0000000081b00000|100%| O|  |TAMS 0x0000000081b00000, 0x0000000081a00000| Untracked 
|  27|0x0000000081b00000, 0x0000000081c00000, 0x0000000081c00000|100%|HS|  |TAMS 0x0000000081c00000, 0x0000000081b00000| Complete 
|  28|0x0000000081c00000, 0x0000000081d00000, 0x0000000081d00000|100%|HS|  |TAMS 0x0000000081d00000, 0x0000000081c00000| Complete 
|  29|0x0000000081d00000, 0x0000000081e00000, 0x0000000081e00000|100%|HC|  |TAMS 0x0000000081e00000, 0x0000000081d00000| Complete 
|  30|0x0000000081e00000, 0x0000000081f00000, 0x0000000081f00000|100%| O|  |TAMS 0x0000000081f00000, 0x0000000081e00000| Untracked 
|  31|0x0000000081f00000, 0x0000000082000000, 0x0000000082000000|100%| O|  |TAMS 0x0000000082000000, 0x0000000081f00000| Untracked 
|  32|0x0000000082000000, 0x0000000082100000, 0x0000000082100000|100%| O|  |TAMS 0x0000000082100000, 0x0000000082000000| Untracked 
|  33|0x0000000082100000, 0x0000000082200000, 0x0000000082200000|100%| O|  |TAMS 0x0000000082200000, 0x0000000082100000| Untracked 
|  34|0x0000000082200000, 0x0000000082300000, 0x0000000082300000|100%| O|  |TAMS 0x0000000082300000, 0x0000000082200000| Untracked 
|  35|0x0000000082300000, 0x0000000082400000, 0x0000000082400000|100%| O|  |TAMS 0x0000000082400000, 0x0000000082300000| Untracked 
|  36|0x0000000082400000, 0x0000000082500000, 0x0000000082500000|100%| O|  |TAMS 0x0000000082500000, 0x0000000082400000| Untracked 
|  37|0x0000000082500000, 0x0000000082600000, 0x0000000082600000|100%| O|  |TAMS 0x0000000082600000, 0x0000000082500000| Untracked 
|  38|0x0000000082600000, 0x0000000082700000, 0x0000000082700000|100%| O|  |TAMS 0x0000000082700000, 0x0000000082600000| Untracked 
|  39|0x0000000082700000, 0x0000000082800000, 0x0000000082800000|100%| O|  |TAMS 0x0000000082800000, 0x0000000082700000| Untracked 
|  40|0x0000000082800000, 0x0000000082900000, 0x0000000082900000|100%| O|  |TAMS 0x0000000082900000, 0x0000000082800000| Untracked 
|  41|0x0000000082900000, 0x0000000082a00000, 0x0000000082a00000|100%| O|  |TAMS 0x0000000082a00000, 0x0000000082900000| Untracked 
|  42|0x0000000082a00000, 0x0000000082b00000, 0x0000000082b00000|100%| O|  |TAMS 0x0000000082b00000, 0x0000000082a00000| Untracked 
|  43|0x0000000082b00000, 0x0000000082c00000, 0x0000000082c00000|100%| O|  |TAMS 0x0000000082c00000, 0x0000000082b00000| Untracked 
|  44|0x0000000082c00000, 0x0000000082d00000, 0x0000000082d00000|100%| O|  |TAMS 0x0000000082d00000, 0x0000000082c00000| Untracked 
|  45|0x0000000082d00000, 0x0000000082e00000, 0x0000000082e00000|100%| O|  |TAMS 0x0000000082e00000, 0x0000000082d00000| Untracked 
|  46|0x0000000082e00000, 0x0000000082f00000, 0x0000000082f00000|100%| O|  |TAMS 0x0000000082f00000, 0x0000000082e00000| Untracked 
|  47|0x0000000082f00000, 0x0000000083000000, 0x0000000083000000|100%| O|  |TAMS 0x0000000083000000, 0x0000000082f00000| Untracked 
|  48|0x0000000083000000, 0x0000000083100000, 0x0000000083100000|100%| O|  |TAMS 0x0000000083100000, 0x0000000083000000| Untracked 
|  49|0x0000000083100000, 0x0000000083200000, 0x0000000083200000|100%| O|  |TAMS 0x0000000083200000, 0x0000000083100000| Untracked 
|  50|0x0000000083200000, 0x0000000083200000, 0x0000000083300000|  0%| F|  |TAMS 0x0000000083200000, 0x0000000083200000| Untracked 
|  51|0x0000000083300000, 0x0000000083400000, 0x0000000083400000|100%| O|  |TAMS 0x0000000083400000, 0x0000000083300000| Untracked 
|  52|0x0000000083400000, 0x0000000083500000, 0x0000000083500000|100%| O|  |TAMS 0x0000000083500000, 0x0000000083400000| Untracked 
|  53|0x0000000083500000, 0x0000000083600000, 0x0000000083600000|100%| O|  |TAMS 0x0000000083600000, 0x0000000083500000| Untracked 
|  54|0x0000000083600000, 0x0000000083700000, 0x0000000083700000|100%| O|  |TAMS 0x0000000083700000, 0x0000000083600000| Untracked 
|  55|0x0000000083700000, 0x0000000083800000, 0x0000000083800000|100%| O|  |TAMS 0x0000000083800000, 0x0000000083700000| Untracked 
|  56|0x0000000083800000, 0x0000000083900000, 0x0000000083900000|100%| O|  |TAMS 0x0000000083900000, 0x0000000083800000| Untracked 
|  57|0x0000000083900000, 0x0000000083a00000, 0x0000000083a00000|100%| O|  |TAMS 0x0000000083a00000, 0x0000000083900000| Untracked 
|  58|0x0000000083a00000, 0x0000000083b00000, 0x0000000083b00000|100%| O|  |TAMS 0x0000000083b00000, 0x0000000083a00000| Untracked 
|  59|0x0000000083b00000, 0x0000000083c00000, 0x0000000083c00000|100%| O|  |TAMS 0x0000000083c00000, 0x0000000083b00000| Untracked 
|  60|0x0000000083c00000, 0x0000000083d00000, 0x0000000083d00000|100%| O|  |TAMS 0x0000000083d00000, 0x0000000083c00000| Untracked 
|  61|0x0000000083d00000, 0x0000000083e00000, 0x0000000083e00000|100%| O|  |TAMS 0x0000000083e00000, 0x0000000083d00000| Untracked 
|  62|0x0000000083e00000, 0x0000000083f00000, 0x0000000083f00000|100%| O|  |TAMS 0x0000000083e00000, 0x0000000083e00000| Untracked 
|  63|0x0000000083f00000, 0x0000000084000000, 0x0000000084000000|100%| O|  |TAMS 0x0000000084000000, 0x0000000083f00000| Untracked 
|  64|0x0000000084000000, 0x0000000084100000, 0x0000000084100000|100%| O|  |TAMS 0x0000000084100000, 0x0000000084000000| Untracked 
|  65|0x0000000084100000, 0x0000000084200000, 0x0000000084200000|100%| O|  |TAMS 0x0000000084200000, 0x0000000084100000| Untracked 
|  66|0x0000000084200000, 0x0000000084300000, 0x0000000084300000|100%| O|  |TAMS 0x0000000084300000, 0x0000000084200000| Untracked 
|  67|0x0000000084300000, 0x0000000084400000, 0x0000000084400000|100%| O|  |TAMS 0x0000000084400000, 0x0000000084300000| Untracked 
|  68|0x0000000084400000, 0x0000000084500000, 0x0000000084500000|100%| O|  |TAMS 0x0000000084500000, 0x0000000084400000| Untracked 
|  69|0x0000000084500000, 0x0000000084600000, 0x0000000084600000|100%| O|  |TAMS 0x0000000084600000, 0x0000000084500000| Untracked 
|  70|0x0000000084600000, 0x0000000084700000, 0x0000000084700000|100%| O|  |TAMS 0x0000000084700000, 0x0000000084600000| Untracked 
|  71|0x0000000084700000, 0x0000000084800000, 0x0000000084800000|100%| O|  |TAMS 0x0000000084800000, 0x0000000084700000| Untracked 
|  72|0x0000000084800000, 0x0000000084800000, 0x0000000084900000|  0%| F|  |TAMS 0x0000000084800000, 0x0000000084800000| Untracked 
|  73|0x0000000084900000, 0x0000000084a00000, 0x0000000084a00000|100%| O|  |TAMS 0x0000000084a00000, 0x0000000084900000| Untracked 
|  74|0x0000000084a00000, 0x0000000084a00000, 0x0000000084b00000|  0%| F|  |TAMS 0x0000000084a00000, 0x0000000084a00000| Untracked 
|  75|0x0000000084b00000, 0x0000000084b00000, 0x0000000084c00000|  0%| F|  |TAMS 0x0000000084b00000, 0x0000000084b00000| Untracked 
|  76|0x0000000084c00000, 0x0000000084d00000, 0x0000000084d00000|100%| O|  |TAMS 0x0000000084d00000, 0x0000000084c00000| Untracked 
|  77|0x0000000084d00000, 0x0000000084e00000, 0x0000000084e00000|100%| O|  |TAMS 0x0000000084e00000, 0x0000000084d00000| Untracked 
|  78|0x0000000084e00000, 0x0000000084f00000, 0x0000000084f00000|100%| O|  |TAMS 0x0000000084e00000, 0x0000000084e00000| Untracked 
|  79|0x0000000084f00000, 0x0000000085000000, 0x0000000085000000|100%| O|  |TAMS 0x0000000085000000, 0x0000000084f00000| Untracked 
|  80|0x0000000085000000, 0x0000000085000000, 0x0000000085100000|  0%| F|  |TAMS 0x0000000085000000, 0x0000000085000000| Untracked 
|  81|0x0000000085100000, 0x0000000085100000, 0x0000000085200000|  0%| F|  |TAMS 0x0000000085100000, 0x0000000085100000| Untracked 
|  82|0x0000000085200000, 0x0000000085200000, 0x0000000085300000|  0%| F|  |TAMS 0x0000000085200000, 0x0000000085200000| Untracked 
|  83|0x0000000085300000, 0x0000000085400000, 0x0000000085400000|100%| O|  |TAMS 0x0000000085300000, 0x0000000085300000| Untracked 
|  84|0x0000000085400000, 0x00000000854b8e00, 0x0000000085500000| 72%| O|  |TAMS 0x0000000085400000, 0x0000000085400000| Untracked 
|  85|0x0000000085500000, 0x0000000085600000, 0x0000000085600000|100%| O|  |TAMS 0x0000000085600000, 0x0000000085500000| Untracked 
|  86|0x0000000085600000, 0x0000000085600000, 0x0000000085700000|  0%| F|  |TAMS 0x0000000085600000, 0x0000000085600000| Untracked 
|  87|0x0000000085700000, 0x0000000085800000, 0x0000000085800000|100%| O|  |TAMS 0x0000000085800000, 0x0000000085700000| Untracked 
|  88|0x0000000085800000, 0x0000000085900000, 0x0000000085900000|100%| O|  |TAMS 0x0000000085900000, 0x0000000085800000| Untracked 
|  89|0x0000000085900000, 0x0000000085900000, 0x0000000085a00000|  0%| F|  |TAMS 0x0000000085900000, 0x0000000085900000| Untracked 
|  90|0x0000000085a00000, 0x0000000085b00000, 0x0000000085b00000|100%| O|  |TAMS 0x0000000085b00000, 0x0000000085a00000| Untracked 
|  91|0x0000000085b00000, 0x0000000085c00000, 0x0000000085c00000|100%| O|  |TAMS 0x0000000085c00000, 0x0000000085b00000| Untracked 
|  92|0x0000000085c00000, 0x0000000085c00000, 0x0000000085d00000|  0%| F|  |TAMS 0x0000000085c00000, 0x0000000085c00000| Untracked 
|  93|0x0000000085d00000, 0x0000000085e00000, 0x0000000085e00000|100%| O|  |TAMS 0x0000000085e00000, 0x0000000085d00000| Untracked 
|  94|0x0000000085e00000, 0x0000000085f00000, 0x0000000085f00000|100%| O|  |TAMS 0x0000000085f00000, 0x0000000085e00000| Untracked 
|  95|0x0000000085f00000, 0x0000000085f00000, 0x0000000086000000|  0%| F|  |TAMS 0x0000000085f00000, 0x0000000085f00000| Untracked 
|  96|0x0000000086000000, 0x0000000086100000, 0x0000000086100000|100%| O|  |TAMS 0x0000000086100000, 0x0000000086000000| Untracked 
|  97|0x0000000086100000, 0x0000000086100000, 0x0000000086200000|  0%| F|  |TAMS 0x0000000086100000, 0x0000000086100000| Untracked 
|  98|0x0000000086200000, 0x0000000086200000, 0x0000000086300000|  0%| F|  |TAMS 0x0000000086200000, 0x0000000086200000| Untracked 
|  99|0x0000000086300000, 0x0000000086300000, 0x0000000086400000|  0%| F|  |TAMS 0x0000000086300000, 0x0000000086300000| Untracked 
| 100|0x0000000086400000, 0x0000000086400000, 0x0000000086500000|  0%| F|  |TAMS 0x0000000086400000, 0x0000000086400000| Untracked 
| 101|0x0000000086500000, 0x0000000086500000, 0x0000000086600000|  0%| F|  |TAMS 0x0000000086500000, 0x0000000086500000| Untracked 
| 102|0x0000000086600000, 0x0000000086600000, 0x0000000086700000|  0%| F|  |TAMS 0x0000000086600000, 0x0000000086600000| Untracked 
| 103|0x0000000086700000, 0x0000000086700000, 0x0000000086800000|  0%| F|  |TAMS 0x0000000086700000, 0x0000000086700000| Untracked 
| 104|0x0000000086800000, 0x0000000086900000, 0x0000000086900000|100%| O|  |TAMS 0x0000000086900000, 0x0000000086800000| Untracked 
| 105|0x0000000086900000, 0x0000000086a00000, 0x0000000086a00000|100%| O|  |TAMS 0x0000000086a00000, 0x0000000086900000| Untracked 
| 106|0x0000000086a00000, 0x0000000086b00000, 0x0000000086b00000|100%| O|  |TAMS 0x0000000086b00000, 0x0000000086a00000| Untracked 
| 107|0x0000000086b00000, 0x0000000086c00000, 0x0000000086c00000|100%| O|  |TAMS 0x0000000086c00000, 0x0000000086b00000| Untracked 
| 108|0x0000000086c00000, 0x0000000086d00000, 0x0000000086d00000|100%| O|  |TAMS 0x0000000086d00000, 0x0000000086c00000| Untracked 
| 109|0x0000000086d00000, 0x0000000086e00000, 0x0000000086e00000|100%| O|  |TAMS 0x0000000086e00000, 0x0000000086d00000| Untracked 
| 110|0x0000000086e00000, 0x0000000086f00000, 0x0000000086f00000|100%| O|  |TAMS 0x0000000086f00000, 0x0000000086e00000| Untracked 
| 111|0x0000000086f00000, 0x0000000087000000, 0x0000000087000000|100%| O|  |TAMS 0x0000000087000000, 0x0000000086f00000| Untracked 
| 112|0x0000000087000000, 0x0000000087000000, 0x0000000087100000|  0%| F|  |TAMS 0x0000000087000000, 0x0000000087000000| Untracked 
| 113|0x0000000087100000, 0x0000000087200000, 0x0000000087200000|100%| O|  |TAMS 0x0000000087200000, 0x0000000087100000| Untracked 
| 114|0x0000000087200000, 0x0000000087300000, 0x0000000087300000|100%| O|  |TAMS 0x0000000087300000, 0x0000000087200000| Untracked 
| 115|0x0000000087300000, 0x0000000087400000, 0x0000000087400000|100%| O|  |TAMS 0x0000000087352e00, 0x0000000087300000| Untracked 
| 116|0x0000000087400000, 0x0000000087400000, 0x0000000087500000|  0%| F|  |TAMS 0x0000000087400000, 0x0000000087400000| Untracked 
| 117|0x0000000087500000, 0x0000000087500000, 0x0000000087600000|  0%| F|  |TAMS 0x0000000087500000, 0x0000000087500000| Untracked 
| 118|0x0000000087600000, 0x0000000087600000, 0x0000000087700000|  0%| F|  |TAMS 0x0000000087600000, 0x0000000087600000| Untracked 
| 119|0x0000000087700000, 0x0000000087700000, 0x0000000087800000|  0%| F|  |TAMS 0x0000000087700000, 0x0000000087700000| Untracked 
| 120|0x0000000087800000, 0x0000000087800000, 0x0000000087900000|  0%| F|  |TAMS 0x0000000087800000, 0x0000000087800000| Untracked 
| 121|0x0000000087900000, 0x0000000087900000, 0x0000000087a00000|  0%| F|  |TAMS 0x0000000087900000, 0x0000000087900000| Untracked 
| 122|0x0000000087a00000, 0x0000000087a00000, 0x0000000087b00000|  0%| F|  |TAMS 0x0000000087a00000, 0x0000000087a00000| Untracked 
| 123|0x0000000087b00000, 0x0000000087b00000, 0x0000000087c00000|  0%| F|  |TAMS 0x0000000087b00000, 0x0000000087b00000| Untracked 
| 124|0x0000000087c00000, 0x0000000087c00000, 0x0000000087d00000|  0%| F|  |TAMS 0x0000000087c00000, 0x0000000087c00000| Untracked 
| 125|0x0000000087d00000, 0x0000000087d00000, 0x0000000087e00000|  0%| F|  |TAMS 0x0000000087d00000, 0x0000000087d00000| Untracked 
| 126|0x0000000087e00000, 0x0000000087e00000, 0x0000000087f00000|  0%| F|  |TAMS 0x0000000087e00000, 0x0000000087e00000| Untracked 
| 127|0x0000000087f00000, 0x0000000087f00000, 0x0000000088000000|  0%| F|  |TAMS 0x0000000087f00000, 0x0000000087f00000| Untracked 
| 128|0x0000000088000000, 0x0000000088000000, 0x0000000088100000|  0%| F|  |TAMS 0x0000000088000000, 0x0000000088000000| Untracked 
| 129|0x0000000088100000, 0x0000000088100000, 0x0000000088200000|  0%| F|  |TAMS 0x0000000088100000, 0x0000000088100000| Untracked 
| 130|0x0000000088200000, 0x0000000088200000, 0x0000000088300000|  0%| F|  |TAMS 0x0000000088200000, 0x0000000088200000| Untracked 
| 131|0x0000000088300000, 0x0000000088300000, 0x0000000088400000|  0%| F|  |TAMS 0x0000000088300000, 0x0000000088300000| Untracked 
| 132|0x0000000088400000, 0x0000000088400000, 0x0000000088500000|  0%| F|  |TAMS 0x0000000088400000, 0x0000000088400000| Untracked 
| 133|0x0000000088500000, 0x0000000088500000, 0x0000000088600000|  0%| F|  |TAMS 0x0000000088500000, 0x0000000088500000| Untracked 
| 134|0x0000000088600000, 0x0000000088600000, 0x0000000088700000|  0%| F|  |TAMS 0x0000000088600000, 0x0000000088600000| Untracked 
| 135|0x0000000088700000, 0x0000000088700000, 0x0000000088800000|  0%| F|  |TAMS 0x0000000088700000, 0x0000000088700000| Untracked 
| 136|0x0000000088800000, 0x0000000088800000, 0x0000000088900000|  0%| F|  |TAMS 0x0000000088800000, 0x0000000088800000| Untracked 
| 137|0x0000000088900000, 0x0000000088900000, 0x0000000088a00000|  0%| F|  |TAMS 0x0000000088900000, 0x0000000088900000| Untracked 
| 138|0x0000000088a00000, 0x0000000088a00000, 0x0000000088b00000|  0%| F|  |TAMS 0x0000000088a00000, 0x0000000088a00000| Untracked 
| 139|0x0000000088b00000, 0x0000000088b00000, 0x0000000088c00000|  0%| F|  |TAMS 0x0000000088b00000, 0x0000000088b00000| Untracked 
| 140|0x0000000088c00000, 0x0000000088c00000, 0x0000000088d00000|  0%| F|  |TAMS 0x0000000088c00000, 0x0000000088c00000| Untracked 
| 141|0x0000000088d00000, 0x0000000088d00000, 0x0000000088e00000|  0%| F|  |TAMS 0x0000000088d00000, 0x0000000088d00000| Untracked 
| 142|0x0000000088e00000, 0x0000000088e00000, 0x0000000088f00000|  0%| F|  |TAMS 0x0000000088e00000, 0x0000000088e00000| Untracked 
| 143|0x0000000088f00000, 0x0000000088f00000, 0x0000000089000000|  0%| F|  |TAMS 0x0000000088f00000, 0x0000000088f00000| Untracked 
| 144|0x0000000089000000, 0x0000000089000000, 0x0000000089100000|  0%| F|  |TAMS 0x0000000089000000, 0x0000000089000000| Untracked 
| 145|0x0000000089100000, 0x0000000089100000, 0x0000000089200000|  0%| F|  |TAMS 0x0000000089100000, 0x0000000089100000| Untracked 
| 146|0x0000000089200000, 0x0000000089200000, 0x0000000089300000|  0%| F|  |TAMS 0x0000000089200000, 0x0000000089200000| Untracked 
| 147|0x0000000089300000, 0x0000000089300000, 0x0000000089400000|  0%| F|  |TAMS 0x0000000089300000, 0x0000000089300000| Untracked 
| 148|0x0000000089400000, 0x0000000089400000, 0x0000000089500000|  0%| F|  |TAMS 0x0000000089400000, 0x0000000089400000| Untracked 
| 149|0x0000000089500000, 0x0000000089500000, 0x0000000089600000|  0%| F|  |TAMS 0x0000000089500000, 0x0000000089500000| Untracked 
| 150|0x0000000089600000, 0x0000000089600000, 0x0000000089700000|  0%| F|  |TAMS 0x0000000089600000, 0x0000000089600000| Untracked 
| 151|0x0000000089700000, 0x0000000089700000, 0x0000000089800000|  0%| F|  |TAMS 0x0000000089700000, 0x0000000089700000| Untracked 
| 152|0x0000000089800000, 0x0000000089800000, 0x0000000089900000|  0%| F|  |TAMS 0x0000000089800000, 0x0000000089800000| Untracked 
| 153|0x0000000089900000, 0x0000000089900000, 0x0000000089a00000|  0%| F|  |TAMS 0x0000000089900000, 0x0000000089900000| Untracked 
| 154|0x0000000089a00000, 0x0000000089a00000, 0x0000000089b00000|  0%| F|  |TAMS 0x0000000089a00000, 0x0000000089a00000| Untracked 
| 155|0x0000000089b00000, 0x0000000089b00000, 0x0000000089c00000|  0%| F|  |TAMS 0x0000000089b00000, 0x0000000089b00000| Untracked 
| 156|0x0000000089c00000, 0x0000000089c00000, 0x0000000089d00000|  0%| F|  |TAMS 0x0000000089c00000, 0x0000000089c00000| Untracked 
| 157|0x0000000089d00000, 0x0000000089d00000, 0x0000000089e00000|  0%| F|  |TAMS 0x0000000089d00000, 0x0000000089d00000| Untracked 
| 158|0x0000000089e00000, 0x0000000089e00000, 0x0000000089f00000|  0%| F|  |TAMS 0x0000000089e00000, 0x0000000089e00000| Untracked 
| 159|0x0000000089f00000, 0x0000000089f00000, 0x000000008a000000|  0%| F|  |TAMS 0x0000000089f00000, 0x0000000089f00000| Untracked 
| 160|0x000000008a000000, 0x000000008a000000, 0x000000008a100000|  0%| F|  |TAMS 0x000000008a000000, 0x000000008a000000| Untracked 
| 161|0x000000008a100000, 0x000000008a100000, 0x000000008a200000|  0%| F|  |TAMS 0x000000008a100000, 0x000000008a100000| Untracked 
| 162|0x000000008a200000, 0x000000008a200000, 0x000000008a300000|  0%| F|  |TAMS 0x000000008a200000, 0x000000008a200000| Untracked 
| 163|0x000000008a300000, 0x000000008a300000, 0x000000008a400000|  0%| F|  |TAMS 0x000000008a300000, 0x000000008a300000| Untracked 
| 164|0x000000008a400000, 0x000000008a400000, 0x000000008a500000|  0%| F|  |TAMS 0x000000008a400000, 0x000000008a400000| Untracked 
| 165|0x000000008a500000, 0x000000008a500000, 0x000000008a600000|  0%| F|  |TAMS 0x000000008a500000, 0x000000008a500000| Untracked 
| 166|0x000000008a600000, 0x000000008a600000, 0x000000008a700000|  0%| F|  |TAMS 0x000000008a600000, 0x000000008a600000| Untracked 
| 167|0x000000008a700000, 0x000000008a700000, 0x000000008a800000|  0%| F|  |TAMS 0x000000008a700000, 0x000000008a700000| Untracked 
| 168|0x000000008a800000, 0x000000008a800000, 0x000000008a900000|  0%| F|  |TAMS 0x000000008a800000, 0x000000008a800000| Untracked 
| 169|0x000000008a900000, 0x000000008a900000, 0x000000008aa00000|  0%| F|  |TAMS 0x000000008a900000, 0x000000008a900000| Untracked 
| 170|0x000000008aa00000, 0x000000008aa00000, 0x000000008ab00000|  0%| F|  |TAMS 0x000000008aa00000, 0x000000008aa00000| Untracked 
| 171|0x000000008ab00000, 0x000000008ab00000, 0x000000008ac00000|  0%| F|  |TAMS 0x000000008ab00000, 0x000000008ab00000| Untracked 
| 172|0x000000008ac00000, 0x000000008ac00000, 0x000000008ad00000|  0%| F|  |TAMS 0x000000008ac00000, 0x000000008ac00000| Untracked 
| 173|0x000000008ad00000, 0x000000008ad00000, 0x000000008ae00000|  0%| F|  |TAMS 0x000000008ad00000, 0x000000008ad00000| Untracked 
| 174|0x000000008ae00000, 0x000000008ae00000, 0x000000008af00000|  0%| F|  |TAMS 0x000000008ae00000, 0x000000008ae00000| Untracked 
| 175|0x000000008af00000, 0x000000008af00000, 0x000000008b000000|  0%| F|  |TAMS 0x000000008af00000, 0x000000008af00000| Untracked 
| 176|0x000000008b000000, 0x000000008b000000, 0x000000008b100000|  0%| F|  |TAMS 0x000000008b000000, 0x000000008b000000| Untracked 
| 177|0x000000008b100000, 0x000000008b100000, 0x000000008b200000|  0%| F|  |TAMS 0x000000008b100000, 0x000000008b100000| Untracked 
| 178|0x000000008b200000, 0x000000008b200000, 0x000000008b300000|  0%| F|  |TAMS 0x000000008b200000, 0x000000008b200000| Untracked 
| 179|0x000000008b300000, 0x000000008b300000, 0x000000008b400000|  0%| F|  |TAMS 0x000000008b300000, 0x000000008b300000| Untracked 
| 180|0x000000008b400000, 0x000000008b400000, 0x000000008b500000|  0%| F|  |TAMS 0x000000008b400000, 0x000000008b400000| Untracked 
| 181|0x000000008b500000, 0x000000008b500000, 0x000000008b600000|  0%| F|  |TAMS 0x000000008b500000, 0x000000008b500000| Untracked 
| 182|0x000000008b600000, 0x000000008b600000, 0x000000008b700000|  0%| F|  |TAMS 0x000000008b600000, 0x000000008b600000| Untracked 
| 183|0x000000008b700000, 0x000000008b700000, 0x000000008b800000|  0%| F|  |TAMS 0x000000008b700000, 0x000000008b700000| Untracked 
| 184|0x000000008b800000, 0x000000008b800000, 0x000000008b900000|  0%| F|  |TAMS 0x000000008b800000, 0x000000008b800000| Untracked 
| 185|0x000000008b900000, 0x000000008b900000, 0x000000008ba00000|  0%| F|  |TAMS 0x000000008b900000, 0x000000008b900000| Untracked 
| 186|0x000000008ba00000, 0x000000008ba00000, 0x000000008bb00000|  0%| F|  |TAMS 0x000000008ba00000, 0x000000008ba00000| Untracked 
| 187|0x000000008bb00000, 0x000000008bb00000, 0x000000008bc00000|  0%| F|  |TAMS 0x000000008bb00000, 0x000000008bb00000| Untracked 
| 188|0x000000008bc00000, 0x000000008bc00000, 0x000000008bd00000|  0%| F|  |TAMS 0x000000008bc00000, 0x000000008bc00000| Untracked 
| 189|0x000000008bd00000, 0x000000008bd00000, 0x000000008be00000|  0%| F|  |TAMS 0x000000008bd00000, 0x000000008bd00000| Untracked 
| 190|0x000000008be00000, 0x000000008be00000, 0x000000008bf00000|  0%| F|  |TAMS 0x000000008be00000, 0x000000008be00000| Untracked 
| 191|0x000000008bf00000, 0x000000008bf00000, 0x000000008c000000|  0%| F|  |TAMS 0x000000008bf00000, 0x000000008bf00000| Untracked 
| 192|0x000000008c000000, 0x000000008c000000, 0x000000008c100000|  0%| F|  |TAMS 0x000000008c000000, 0x000000008c000000| Untracked 
| 193|0x000000008c100000, 0x000000008c100000, 0x000000008c200000|  0%| F|  |TAMS 0x000000008c100000, 0x000000008c100000| Untracked 
| 194|0x000000008c200000, 0x000000008c200000, 0x000000008c300000|  0%| F|  |TAMS 0x000000008c200000, 0x000000008c200000| Untracked 
| 195|0x000000008c300000, 0x000000008c300000, 0x000000008c400000|  0%| F|  |TAMS 0x000000008c300000, 0x000000008c300000| Untracked 
| 196|0x000000008c400000, 0x000000008c400000, 0x000000008c500000|  0%| F|  |TAMS 0x000000008c400000, 0x000000008c400000| Untracked 
| 197|0x000000008c500000, 0x000000008c500000, 0x000000008c600000|  0%| F|  |TAMS 0x000000008c500000, 0x000000008c500000| Untracked 
| 198|0x000000008c600000, 0x000000008c600000, 0x000000008c700000|  0%| F|  |TAMS 0x000000008c600000, 0x000000008c600000| Untracked 
| 199|0x000000008c700000, 0x000000008c700000, 0x000000008c800000|  0%| F|  |TAMS 0x000000008c700000, 0x000000008c700000| Untracked 
| 200|0x000000008c800000, 0x000000008c800000, 0x000000008c900000|  0%| F|  |TAMS 0x000000008c800000, 0x000000008c800000| Untracked 
| 201|0x000000008c900000, 0x000000008c900000, 0x000000008ca00000|  0%| F|  |TAMS 0x000000008c900000, 0x000000008c900000| Untracked 
| 202|0x000000008ca00000, 0x000000008ca00000, 0x000000008cb00000|  0%| F|  |TAMS 0x000000008ca00000, 0x000000008ca00000| Untracked 
| 203|0x000000008cb00000, 0x000000008cb00000, 0x000000008cc00000|  0%| F|  |TAMS 0x000000008cb00000, 0x000000008cb00000| Untracked 
| 204|0x000000008cc00000, 0x000000008cc00000, 0x000000008cd00000|  0%| F|  |TAMS 0x000000008cc00000, 0x000000008cc00000| Untracked 
| 205|0x000000008cd00000, 0x000000008cd736c0, 0x000000008ce00000| 45%| E|  |TAMS 0x000000008cd00000, 0x000000008cd00000| Complete 
| 206|0x000000008ce00000, 0x000000008cf00000, 0x000000008cf00000|100%| E|CS|TAMS 0x000000008ce00000, 0x000000008ce00000| Complete 
| 207|0x000000008cf00000, 0x000000008d000000, 0x000000008d000000|100%| E|CS|TAMS 0x000000008cf00000, 0x000000008cf00000| Complete 
| 208|0x000000008d000000, 0x000000008d100000, 0x000000008d100000|100%| E|CS|TAMS 0x000000008d000000, 0x000000008d000000| Complete 
| 209|0x000000008d100000, 0x000000008d200000, 0x000000008d200000|100%| E|CS|TAMS 0x000000008d100000, 0x000000008d100000| Complete 
| 210|0x000000008d200000, 0x000000008d300000, 0x000000008d300000|100%| E|CS|TAMS 0x000000008d200000, 0x000000008d200000| Complete 
| 211|0x000000008d300000, 0x000000008d400000, 0x000000008d400000|100%| E|CS|TAMS 0x000000008d300000, 0x000000008d300000| Complete 
| 212|0x000000008d400000, 0x000000008d459250, 0x000000008d500000| 34%| S|CS|TAMS 0x000000008d400000, 0x000000008d400000| Complete 
| 213|0x000000008d500000, 0x000000008d600000, 0x000000008d600000|100%| S|CS|TAMS 0x000000008d500000, 0x000000008d500000| Complete 
| 214|0x000000008d600000, 0x000000008d700000, 0x000000008d700000|100%| E|CS|TAMS 0x000000008d600000, 0x000000008d600000| Complete 
| 215|0x000000008d700000, 0x000000008d800000, 0x000000008d800000|100%| E|CS|TAMS 0x000000008d700000, 0x000000008d700000| Complete 
| 216|0x000000008d800000, 0x000000008d900000, 0x000000008d900000|100%| E|CS|TAMS 0x000000008d800000, 0x000000008d800000| Complete 
| 217|0x000000008d900000, 0x000000008da00000, 0x000000008da00000|100%| E|CS|TAMS 0x000000008d900000, 0x000000008d900000| Complete 
| 218|0x000000008da00000, 0x000000008db00000, 0x000000008db00000|100%| E|CS|TAMS 0x000000008da00000, 0x000000008da00000| Complete 
| 219|0x000000008db00000, 0x000000008dc00000, 0x000000008dc00000|100%| E|CS|TAMS 0x000000008db00000, 0x000000008db00000| Complete 

Card table byte_map: [0x0000020be2560000,0x0000020be2960000] _byte_map_base: 0x0000020be2160000

Marking Bits (Prev, Next): (CMBitMap*) 0x0000020bcf25f730, (CMBitMap*) 0x0000020bcf25f6f8
 Prev Bits: [0x0000020be4d60000, 0x0000020be6d60000)
 Next Bits: [0x0000020be2d60000, 0x0000020be4d60000)

Polling page: 0x0000020bcd940000

Metaspace:

Usage:
  Non-class:    110.12 MB capacity,   108.22 MB ( 98%) used,     1.51 MB (  1%) free+waste,   406.88 KB ( <1%) overhead. 
      Class:     16.17 MB capacity,    15.01 MB ( 93%) used,  1018.53 KB (  6%) free+waste,   172.81 KB (  1%) overhead. 
       Both:    126.29 MB capacity,   123.22 MB ( 98%) used,     2.50 MB (  2%) free+waste,   579.69 KB ( <1%) overhead. 

Virtual space:
  Non-class space:      112.00 MB reserved,     110.17 MB ( 98%) committed 
      Class space:        1.00 GB reserved,      16.23 MB (  2%) committed 
             Both:        1.11 GB reserved,     126.40 MB ( 11%) committed 

Chunk freelists:
   Non-Class:  0 bytes
       Class:  0 bytes
        Both:  0 bytes

MaxMetaspaceSize: 17179869184.00 GB
CompressedClassSpaceSize: 1.00 GB
Initial GC threshold: 20.80 MB
Current GC threshold: 210.25 MB
CDS: off

CodeHeap 'non-profiled nmethods': size=120064Kb used=12580Kb max_used=12580Kb free=107483Kb
 bounds [0x0000020bda810000, 0x0000020bdb460000, 0x0000020be1d50000]
CodeHeap 'profiled nmethods': size=120000Kb used=47630Kb max_used=47630Kb free=72370Kb
 bounds [0x0000020bd32e0000, 0x0000020bd6170000, 0x0000020bda810000]
CodeHeap 'non-nmethods': size=5696Kb used=2444Kb max_used=2488Kb free=3251Kb
 bounds [0x0000020bd2d50000, 0x0000020bd2fd0000, 0x0000020bd32e0000]
 total_blobs=21047 nmethods=20068 adapters=890
 compilation: enabled
              stopped_count=0, restarted_count=0
 full_count=0

Compilation events (20 events):
Event: 959.257 Thread 0x0000020be999a000 22093       3       org.gradle.api.internal.file.DefaultFileOperations::file (11 bytes)
Event: 959.257 Thread 0x0000020be999a000 nmethod 22093 0x0000020bd6159410 code [0x0000020bd61595c0, 0x0000020bd6159788]
Event: 959.268 Thread 0x0000020be999a000 22094       3       org.gradle.internal.operations.DefaultBuildOperationQueue$WorkerRunnable::doRunBatch (26 bytes)
Event: 959.269 Thread 0x0000020be999a000 nmethod 22094 0x0000020bd6159890 code [0x0000020bd6159aa0, 0x0000020bd6159f88]
Event: 959.281 Thread 0x0000020be999a000 22096       3       org.gradle.internal.snapshot.RootTrackingFileSystemSnapshotHierarchyVisitor::enterDirectory (28 bytes)
Event: 959.283 Thread 0x0000020be999a000 nmethod 22096 0x0000020bd615a310 code [0x0000020bd615a4c0, 0x0000020bd615a6e8]
Event: 959.283 Thread 0x0000020be999a000 22097       3       org.gradle.internal.snapshot.RootTrackingFileSystemSnapshotHierarchyVisitor::leaveDirectory (28 bytes)
Event: 959.283 Thread 0x0000020be999a000 nmethod 22097 0x0000020bd615a790 code [0x0000020bd615a940, 0x0000020bd615ab68]
Event: 959.284 Thread 0x0000020be999a000 22098       3       com.google.common.collect.Maps$FilteredEntryNavigableMap::comparator (10 bytes)
Event: 959.284 Thread 0x0000020be999a000 nmethod 22098 0x0000020bd615ac10 code [0x0000020bd615adc0, 0x0000020bd615af88]
Event: 959.286 Thread 0x0000020be999a000 22099       3       org.gradle.tooling.internal.provider.runner.ClientForwardingTaskOperationListener$$Lambda$743/0x0000000100a7d040::<init> (20 bytes)
Event: 959.286 Thread 0x0000020be999a000 nmethod 22099 0x0000020bd615b090 code [0x0000020bd615b240, 0x0000020bd615b4b8]
Event: 959.354 Thread 0x0000020be9997000 nmethod 22079 0x0000020bdb451d10 code [0x0000020bdb452080, 0x0000020bdb454680]
Event: 959.354 Thread 0x0000020be9997000 22095       4       com.google.common.collect.ImmutableSet::construct (252 bytes)
Event: 959.356 Thread 0x0000020be999a000 22100       3       org.gradle.internal.logging.events.StyledTextOutputEvent::<init> (24 bytes)
Event: 959.356 Thread 0x0000020be999a000 nmethod 22100 0x0000020bd615b590 code [0x0000020bd615b780, 0x0000020bd615bc28]
Event: 959.373 Thread 0x0000020be999a000 22101       1       kotlin.sequences.FilteringSequence::access$getSequence$p (5 bytes)
Event: 959.374 Thread 0x0000020be999a000 nmethod 22101 0x0000020bdb457190 code [0x0000020bdb457340, 0x0000020bdb4573d8]
Event: 959.389 Thread 0x0000020be9997000 nmethod 22095 0x0000020bdb457490 code [0x0000020bdb4576a0, 0x0000020bdb458538]
Event: 959.389 Thread 0x0000020be9997000 22078       4       org.gradle.api.internal.artifacts.transform.AttributeMatchingVariantSelector::doSelect (469 bytes)

GC Heap History (20 events):
Event: 567.668 GC heap before
{Heap before GC invocations=49 (full 0):
 garbage-first heap   total 225280K, used 147422K [0x0000000080000000, 0x0000000100000000)
  region size 1024K, 44 young (45056K), 1 survivors (1024K)
 Metaspace       used 116189K, capacity 119053K, committed 119324K, reserved 1153024K
  class space    used 14277K, capacity 15351K, committed 15468K, reserved 1048576K
}
Event: 567.710 GC heap after
{Heap after GC invocations=50 (full 0):
 garbage-first heap   total 225280K, used 110849K [0x0000000080000000, 0x0000000100000000)
  region size 1024K, 6 young (6144K), 6 survivors (6144K)
 Metaspace       used 116189K, capacity 119053K, committed 119324K, reserved 1153024K
  class space    used 14277K, capacity 15351K, committed 15468K, reserved 1048576K
}
Event: 569.291 GC heap before
{Heap before GC invocations=51 (full 0):
 garbage-first heap   total 225280K, used 152833K [0x0000000080000000, 0x0000000100000000)
  region size 1024K, 53 young (54272K), 6 survivors (6144K)
 Metaspace       used 116977K, capacity 119885K, committed 120220K, reserved 1155072K
  class space    used 14371K, capacity 15458K, committed 15596K, reserved 1048576K
}
Event: 569.328 GC heap after
{Heap after GC invocations=52 (full 0):
 garbage-first heap   total 225280K, used 108840K [0x0000000080000000, 0x0000000100000000)
  region size 1024K, 5 young (5120K), 5 survivors (5120K)
 Metaspace       used 116977K, capacity 119885K, committed 120220K, reserved 1155072K
  class space    used 14371K, capacity 15458K, committed 15596K, reserved 1048576K
}
Event: 569.610 GC heap before
{Heap before GC invocations=52 (full 0):
 garbage-first heap   total 225280K, used 113960K [0x0000000080000000, 0x0000000100000000)
  region size 1024K, 11 young (11264K), 5 survivors (5120K)
 Metaspace       used 117861K, capacity 120878K, committed 121116K, reserved 1155072K
  class space    used 14483K, capacity 15641K, committed 15724K, reserved 1048576K
}
Event: 569.656 GC heap after
{Heap after GC invocations=53 (full 0):
 garbage-first heap   total 225280K, used 99958K [0x0000000080000000, 0x0000000100000000)
  region size 1024K, 1 young (1024K), 1 survivors (1024K)
 Metaspace       used 117861K, capacity 120878K, committed 121116K, reserved 1155072K
  class space    used 14483K, capacity 15641K, committed 15724K, reserved 1048576K
}
Event: 573.366 GC heap before
{Heap before GC invocations=53 (full 0):
 garbage-first heap   total 225280K, used 156278K [0x0000000080000000, 0x0000000100000000)
  region size 1024K, 55 young (56320K), 1 survivors (1024K)
 Metaspace       used 123964K, capacity 127038K, committed 127260K, reserved 1161216K
  class space    used 15227K, capacity 16389K, committed 16492K, reserved 1048576K
}
Event: 573.415 GC heap after
{Heap after GC invocations=54 (full 0):
 garbage-first heap   total 225280K, used 111104K [0x0000000080000000, 0x0000000100000000)
  region size 1024K, 7 young (7168K), 7 survivors (7168K)
 Metaspace       used 123964K, capacity 127038K, committed 127260K, reserved 1161216K
  class space    used 15227K, capacity 16389K, committed 16492K, reserved 1048576K
}
Event: 576.370 GC heap before
{Heap before GC invocations=54 (full 0):
 garbage-first heap   total 225280K, used 161280K [0x0000000080000000, 0x0000000100000000)
  region size 1024K, 58 young (59392K), 7 survivors (7168K)
 Metaspace       used 125020K, capacity 128074K, committed 128412K, reserved 1161216K
  class space    used 15329K, capacity 16494K, committed 16620K, reserved 1048576K
}
Event: 576.397 GC heap after
{Heap after GC invocations=55 (full 0):
 garbage-first heap   total 225280K, used 110080K [0x0000000080000000, 0x0000000100000000)
  region size 1024K, 3 young (3072K), 3 survivors (3072K)
 Metaspace       used 125020K, capacity 128074K, committed 128412K, reserved 1161216K
  class space    used 15329K, capacity 16494K, committed 16620K, reserved 1048576K
}
Event: 766.211 GC heap before
{Heap before GC invocations=56 (full 0):
 garbage-first heap   total 225280K, used 185856K [0x0000000080000000, 0x0000000100000000)
  region size 1024K, 57 young (58368K), 3 survivors (3072K)
 Metaspace       used 125450K, capacity 128609K, committed 128924K, reserved 1161216K
  class space    used 15348K, capacity 16526K, committed 16620K, reserved 1048576K
}
Event: 766.384 GC heap after
{Heap after GC invocations=57 (full 0):
 garbage-first heap   total 225280K, used 114459K [0x0000000080000000, 0x0000000100000000)
  region size 1024K, 7 young (7168K), 7 survivors (7168K)
 Metaspace       used 125450K, capacity 128609K, committed 128924K, reserved 1161216K
  class space    used 15348K, capacity 16526K, committed 16620K, reserved 1048576K
}
Event: 767.126 GC heap before
{Heap before GC invocations=57 (full 0):
 garbage-first heap   total 225280K, used 119579K [0x0000000080000000, 0x0000000100000000)
  region size 1024K, 11 young (11264K), 7 survivors (7168K)
 Metaspace       used 125527K, capacity 128737K, committed 128924K, reserved 1161216K
  class space    used 15348K, capacity 16526K, committed 16620K, reserved 1048576K
}
Event: 767.226 GC heap after
{Heap after GC invocations=58 (full 0):
 garbage-first heap   total 225280K, used 117067K [0x0000000080000000, 0x0000000100000000)
  region size 1024K, 2 young (2048K), 2 survivors (2048K)
 Metaspace       used 125527K, capacity 128737K, committed 128924K, reserved 1161216K
  class space    used 15348K, capacity 16526K, committed 16620K, reserved 1048576K
}
Event: 770.338 GC heap before
{Heap before GC invocations=58 (full 0):
 garbage-first heap   total 225280K, used 170315K [0x0000000080000000, 0x0000000100000000)
  region size 1024K, 55 young (56320K), 2 survivors (2048K)
 Metaspace       used 125892K, capacity 129063K, committed 129180K, reserved 1161216K
  class space    used 15357K, capacity 16544K, committed 16620K, reserved 1048576K
}
Event: 770.366 GC heap after
{Heap after GC invocations=59 (full 0):
 garbage-first heap   total 225280K, used 117169K [0x0000000080000000, 0x0000000100000000)
  region size 1024K, 3 young (3072K), 3 survivors (3072K)
 Metaspace       used 125892K, capacity 129063K, committed 129180K, reserved 1161216K
  class space    used 15357K, capacity 16544K, committed 16620K, reserved 1048576K
}
Event: 957.706 GC heap before
{Heap before GC invocations=60 (full 0):
 garbage-first heap   total 225280K, used 189873K [0x0000000080000000, 0x0000000100000000)
  region size 1024K, 58 young (59392K), 3 survivors (3072K)
 Metaspace       used 126115K, capacity 129308K, committed 129436K, reserved 1163264K
  class space    used 15364K, capacity 16555K, committed 16620K, reserved 1048576K
}
Event: 957.869 GC heap after
{Heap after GC invocations=61 (full 0):
 garbage-first heap   total 225280K, used 114217K [0x0000000080000000, 0x0000000100000000)
  region size 1024K, 5 young (5120K), 5 survivors (5120K)
 Metaspace       used 126115K, capacity 129308K, committed 129436K, reserved 1163264K
  class space    used 15364K, capacity 16555K, committed 16620K, reserved 1048576K
}
Event: 958.353 GC heap before
{Heap before GC invocations=61 (full 0):
 garbage-first heap   total 225280K, used 120361K [0x0000000080000000, 0x0000000100000000)
  region size 1024K, 11 young (11264K), 5 survivors (5120K)
 Metaspace       used 126149K, capacity 129315K, committed 129436K, reserved 1163264K
  class space    used 15365K, capacity 16556K, committed 16620K, reserved 1048576K
}
Event: 958.565 GC heap after
{Heap after GC invocations=62 (full 0):
 garbage-first heap   total 225280K, used 100424K [0x0000000080000000, 0x0000000100000000)
  region size 1024K, 2 young (2048K), 2 survivors (2048K)
 Metaspace       used 126149K, capacity 129315K, committed 129436K, reserved 1163264K
  class space    used 15365K, capacity 16556K, committed 16620K, reserved 1048576K
}

Deoptimization events (20 events):
Event: 958.683 Thread 0x0000020beb617000 DEOPT PACKING pc=0x0000020bdb4472a4 sp=0x0000005d3e2fb7b0
Event: 958.683 Thread 0x0000020beb617000 DEOPT UNPACKING pc=0x0000020bd2d9a1a9 sp=0x0000005d3e2fb728 mode 2
Event: 958.683 Thread 0x0000020beb617000 Uncommon trap: trap_request=0xffffffbe fr.pc=0x0000020bdb4472a4 relative=0x0000000000000204
Event: 958.683 Thread 0x0000020beb617000 Uncommon trap: reason=profile_predicate action=maybe_recompile pc=0x0000020bdb4472a4 method=java.net.URI$Parser.scan(IILjava/lang/String;)I @ 6 c2
Event: 958.683 Thread 0x0000020beb617000 DEOPT PACKING pc=0x0000020bdb4472a4 sp=0x0000005d3e2fb6e0
Event: 958.683 Thread 0x0000020beb617000 DEOPT UNPACKING pc=0x0000020bd2d9a1a9 sp=0x0000005d3e2fb678 mode 2
Event: 958.683 Thread 0x0000020beb617000 Uncommon trap: trap_request=0xffffffbe fr.pc=0x0000020bdb4472a4 relative=0x0000000000000204
Event: 958.683 Thread 0x0000020beb617000 Uncommon trap: reason=profile_predicate action=maybe_recompile pc=0x0000020bdb4472a4 method=java.net.URI$Parser.scan(IILjava/lang/String;)I @ 6 c2
Event: 958.683 Thread 0x0000020beb617000 DEOPT PACKING pc=0x0000020bdb4472a4 sp=0x0000005d3e2fb7b0
Event: 958.683 Thread 0x0000020beb617000 DEOPT UNPACKING pc=0x0000020bd2d9a1a9 sp=0x0000005d3e2fb728 mode 2
Event: 958.776 Thread 0x0000020beb617000 Uncommon trap: trap_request=0xffffffdc fr.pc=0x0000020bdb444378 relative=0x0000000000000218
Event: 958.776 Thread 0x0000020beb617000 Uncommon trap: reason=class_check action=make_not_entrant pc=0x0000020bdb444378 method=com.google.common.collect.Platform.copy([Ljava/lang/Object;II[Ljava/lang/Object;)[Ljava/lang/Object; @ 7 c2
Event: 958.776 Thread 0x0000020beb617000 DEOPT PACKING pc=0x0000020bdb444378 sp=0x0000005d3e2fb7f0
Event: 958.776 Thread 0x0000020beb617000 DEOPT UNPACKING pc=0x0000020bd2d9a1a9 sp=0x0000005d3e2fb710 mode 2
Event: 959.131 Thread 0x0000020beb617000 Uncommon trap: trap_request=0xffffff4d fr.pc=0x0000020bdb3c4cd8 relative=0x0000000000004ff8
Event: 959.131 Thread 0x0000020beb617000 Uncommon trap: reason=unstable_if action=reinterpret pc=0x0000020bdb3c4cd8 method=java.util.concurrent.locks.AbstractQueuedSynchronizer.unparkSuccessor(Ljava/util/concurrent/locks/AbstractQueuedSynchronizer$Node;)V @ 22 c2
Event: 959.131 Thread 0x0000020beb617000 DEOPT PACKING pc=0x0000020bdb3c4cd8 sp=0x0000005d3e2fc190
Event: 959.131 Thread 0x0000020beb617000 DEOPT UNPACKING pc=0x0000020bd2d9a1a9 sp=0x0000005d3e2fbf30 mode 2
Event: 959.177 Thread 0x0000020beb617000 DEOPT PACKING pc=0x0000020bd48b53e7 sp=0x0000005d3e2fc4c0
Event: 959.177 Thread 0x0000020beb617000 DEOPT UNPACKING pc=0x0000020bd2d9a93f sp=0x0000005d3e2fba98 mode 0

Classes redefined (0 events):
No events

Internal exceptions (20 events):
Event: 769.031 Thread 0x0000020beba93800 Exception <a 'sun/nio/fs/WindowsException'{0x000000008b7371b8}> (0x000000008b7371b8) thrown at [./src/hotspot/share/prims/jni.cpp, line 616]
Event: 769.059 Thread 0x0000020beba93800 Exception <a 'sun/nio/fs/WindowsException'{0x000000008b749fd8}> (0x000000008b749fd8) thrown at [./src/hotspot/share/prims/jni.cpp, line 616]
Event: 769.082 Thread 0x0000020beba93800 Exception <a 'sun/nio/fs/WindowsException'{0x000000008b759918}> (0x000000008b759918) thrown at [./src/hotspot/share/prims/jni.cpp, line 616]
Event: 770.066 Thread 0x0000020beba95000 Exception <a 'sun/nio/fs/WindowsException'{0x000000008aacfd58}> (0x000000008aacfd58) thrown at [./src/hotspot/share/prims/jni.cpp, line 616]
Event: 770.233 Thread 0x0000020beba95000 Exception <a 'sun/nio/fs/WindowsException'{0x000000008a71b6c0}> (0x000000008a71b6c0) thrown at [./src/hotspot/share/prims/jni.cpp, line 616]
Event: 772.084 Thread 0x0000020beba95000 Exception <a 'sun/nio/fs/WindowsException'{0x000000008d8a81d0}> (0x000000008d8a81d0) thrown at [./src/hotspot/share/prims/jni.cpp, line 616]
Event: 772.209 Thread 0x0000020beba95000 Exception <a 'sun/nio/fs/WindowsException'{0x000000008c9694d8}> (0x000000008c9694d8) thrown at [./src/hotspot/share/prims/jni.cpp, line 616]
Event: 773.033 Thread 0x0000020beba96000 Exception <a 'java/lang/NoSuchMethodError'{0x000000008c2dc328}: 'java.lang.Object java.lang.invoke.DirectMethodHandle$Holder.invokeVirtual(java.lang.Object, java.lang.Object, int)'> (0x000000008c2dc328) thrown at [./src/hotspot/share/interpreter/linkResolver.cpp, line 773]
Event: 773.142 Thread 0x0000020beba88000 Exception <a 'sun/nio/fs/WindowsException'{0x000000008c000ff8}> (0x000000008c000ff8) thrown at [./src/hotspot/share/prims/jni.cpp, line 616]
Event: 956.157 Thread 0x0000020beba89000 Exception <a 'sun/nio/fs/WindowsException'{0x000000008ab801b8}> (0x000000008ab801b8) thrown at [./src/hotspot/share/prims/jni.cpp, line 616]
Event: 957.012 Thread 0x0000020beba89000 Exception <a 'java/lang/NoClassDefFoundError'{0x000000008a85dba0}: org/jetbrains/kotlin/gradle/plugin/KotlinBasePluginWrapper> (0x000000008a85dba0) thrown at [./src/hotspot/share/oops/constantPool.cpp, line 775]
Event: 957.120 Thread 0x0000020beba89000 Exception <a 'sun/nio/fs/WindowsException'{0x000000008a720e48}> (0x000000008a720e48) thrown at [./src/hotspot/share/prims/jni.cpp, line 616]
Event: 957.414 Thread 0x0000020beba89000 Exception <a 'sun/nio/fs/WindowsException'{0x000000008a7c7010}> (0x000000008a7c7010) thrown at [./src/hotspot/share/prims/jni.cpp, line 616]
Event: 957.417 Thread 0x0000020beba89000 Exception <a 'sun/nio/fs/WindowsException'{0x000000008a7c80d8}> (0x000000008a7c80d8) thrown at [./src/hotspot/share/prims/jni.cpp, line 616]
Event: 957.417 Thread 0x0000020beba89000 Exception <a 'sun/nio/fs/WindowsException'{0x000000008a7c91f0}> (0x000000008a7c91f0) thrown at [./src/hotspot/share/prims/jni.cpp, line 616]
Event: 957.418 Thread 0x0000020beba89000 Exception <a 'sun/nio/fs/WindowsException'{0x000000008a7ca308}> (0x000000008a7ca308) thrown at [./src/hotspot/share/prims/jni.cpp, line 616]
Event: 957.496 Thread 0x0000020beba89000 Implicit null exception at 0x0000020bd58a769c to 0x0000020bd58a88f7
Event: 957.496 Thread 0x0000020beba89000 Exception <a 'java/lang/NullPointerException'{0x000000008a662b28}> (0x000000008a662b28) thrown at [./src/hotspot/share/runtime/sharedRuntime.cpp, line 607]
Event: 957.979 Thread 0x0000020beba89000 Exception <a 'sun/nio/fs/WindowsException'{0x000000008daa5e10}> (0x000000008daa5e10) thrown at [./src/hotspot/share/prims/jni.cpp, line 616]
Event: 959.131 Thread 0x0000020beb617000 Implicit null exception at 0x0000020bdb3c151c to 0x0000020bdb3c4cb0

Events (20 events):
Event: 958.101 Executing VM operation: RevokeBias
Event: 958.101 Executing VM operation: RevokeBias done
Event: 958.118 Executing VM operation: RevokeBias
Event: 958.120 Executing VM operation: RevokeBias done
Event: 958.318 Executing VM operation: RevokeBias
Event: 958.319 Executing VM operation: RevokeBias done
Event: 958.319 Executing VM operation: RevokeBias
Event: 958.319 Executing VM operation: RevokeBias done
Event: 958.350 Executing VM operation: G1CollectForAllocation
Event: 958.565 Executing VM operation: G1CollectForAllocation done
Event: 958.684 Executing VM operation: RevokeBias
Event: 958.684 Executing VM operation: RevokeBias done
Event: 959.390 Executing VM operation: RevokeBias
Event: 959.392 Executing VM operation: RevokeBias done
Event: 959.392 Executing VM operation: RevokeBias
Event: 959.392 Executing VM operation: RevokeBias done
Event: 959.395 Executing VM operation: RevokeBias
Event: 959.395 Executing VM operation: RevokeBias done
Event: 959.395 Executing VM operation: RevokeBias
Event: 959.395 Executing VM operation: RevokeBias done


Dynamic libraries:
0x00007ff79e540000 - 0x00007ff79e54a000 	C:\Program Files\Android\Android Studio\jre\bin\java.exe
0x00007ffcced70000 - 0x00007ffccef68000 	C:\Windows\SYSTEM32\ntdll.dll
0x00007ffccd780000 - 0x00007ffccd83f000 	C:\Windows\System32\KERNEL32.DLL
0x00007ffccc900000 - 0x00007ffcccbd2000 	C:\Windows\System32\KERNELBASE.dll
0x00007ffcccc80000 - 0x00007ffcccd80000 	C:\Windows\System32\ucrtbase.dll
0x00007ffc9d300000 - 0x00007ffc9d319000 	C:\Program Files\Android\Android Studio\jre\bin\jli.dll
0x00007ffcb3350000 - 0x00007ffcb3367000 	C:\Program Files\Android\Android Studio\jre\bin\VCRUNTIME140.dll
0x00007ffccdd70000 - 0x00007ffccdf11000 	C:\Windows\System32\USER32.dll
0x00007ffcccd80000 - 0x00007ffcccda2000 	C:\Windows\System32\win32u.dll
0x00007ffccdbd0000 - 0x00007ffccdbfb000 	C:\Windows\System32\GDI32.dll
0x00007ffccc610000 - 0x00007ffccc71f000 	C:\Windows\System32\gdi32full.dll
0x00007ffcccbe0000 - 0x00007ffcccc7d000 	C:\Windows\System32\msvcp_win.dll
0x00007ffcb9cf0000 - 0x00007ffcb9f8a000 	C:\Windows\WinSxS\amd64_microsoft.windows.common-controls_6595b64144ccf1df_6.0.19041.1110_none_60b5254171f9507e\COMCTL32.dll
0x00007ffccd8e0000 - 0x00007ffccd97e000 	C:\Windows\System32\msvcrt.dll
0x00007ffccec40000 - 0x00007ffccec72000 	C:\Windows\System32\IMM32.DLL
0x00007ffc9bc50000 - 0x00007ffc9bced000 	C:\Program Files\Android\Android Studio\jre\bin\msvcp140.dll
0x00007ffc8bfd0000 - 0x00007ffc8cad2000 	C:\Program Files\Android\Android Studio\jre\bin\server\jvm.dll
0x00007ffccdc00000 - 0x00007ffccdcae000 	C:\Windows\System32\ADVAPI32.dll
0x00007ffccd840000 - 0x00007ffccd8dc000 	C:\Windows\System32\sechost.dll
0x00007ffccea40000 - 0x00007ffcceb65000 	C:\Windows\System32\RPCRT4.dll
0x00007ffccdcb0000 - 0x00007ffccdcb8000 	C:\Windows\System32\PSAPI.DLL
0x00007ffcaad90000 - 0x00007ffcaad99000 	C:\Windows\SYSTEM32\WSOCK32.dll
0x00007ffcb1260000 - 0x00007ffcb1287000 	C:\Windows\SYSTEM32\WINMM.dll
0x00007ffccdb60000 - 0x00007ffccdbcb000 	C:\Windows\System32\WS2_32.dll
0x00007ffcc2d10000 - 0x00007ffcc2d1a000 	C:\Windows\SYSTEM32\VERSION.dll
0x00007ffccad00000 - 0x00007ffccad12000 	C:\Windows\SYSTEM32\kernel.appcore.dll
0x00007ffcc45d0000 - 0x00007ffcc45e1000 	C:\Program Files\Android\Android Studio\jre\bin\verify.dll
0x00007ffcca9d0000 - 0x00007ffccabb4000 	C:\Windows\SYSTEM32\DBGHELP.DLL
0x00007ffcb7e40000 - 0x00007ffcb7e75000 	C:\Windows\SYSTEM32\dbgcore.DLL
0x00007ffccc580000 - 0x00007ffccc602000 	C:\Windows\System32\bcryptPrimitives.dll
0x00007ffc9b1e0000 - 0x00007ffc9b209000 	C:\Program Files\Android\Android Studio\jre\bin\java.dll
0x00007ffcb9090000 - 0x00007ffcb909b000 	C:\Program Files\Android\Android Studio\jre\bin\jimage.dll
0x00007ffc9c670000 - 0x00007ffc9c688000 	C:\Program Files\Android\Android Studio\jre\bin\zip.dll
0x00007ffcccdb0000 - 0x00007ffccd4f4000 	C:\Windows\System32\SHELL32.dll
0x00007ffcca160000 - 0x00007ffcca8f2000 	C:\Windows\SYSTEM32\windows.storage.dll
0x00007ffcce6e0000 - 0x00007ffccea35000 	C:\Windows\System32\combase.dll
0x00007ffccbe50000 - 0x00007ffccbe80000 	C:\Windows\SYSTEM32\Wldp.dll
0x00007ffccdcc0000 - 0x00007ffccdd6d000 	C:\Windows\System32\SHCORE.dll
0x00007ffcce680000 - 0x00007ffcce6d5000 	C:\Windows\System32\shlwapi.dll
0x00007ffccc3a0000 - 0x00007ffccc3bf000 	C:\Windows\SYSTEM32\profapi.dll
0x00007ffc9b1c0000 - 0x00007ffc9b1da000 	C:\Program Files\Android\Android Studio\jre\bin\net.dll
0x00007ffcba090000 - 0x00007ffcba19c000 	C:\Windows\SYSTEM32\WINHTTP.dll
0x00007ffccbbb0000 - 0x00007ffccbc1a000 	C:\Windows\system32\mswsock.dll
0x00007ffc9b1a0000 - 0x00007ffc9b1b4000 	C:\Program Files\Android\Android Studio\jre\bin\nio.dll
0x00007ffcb6620000 - 0x00007ffcb6647000 	C:\Users\hp\.gradle\native\8bec1ad78214c89d9ad589b4d07fe93259594b29d510b10fafb7a158f7737e5d\windows-amd64\native-platform.dll
0x00007ffc82870000 - 0x00007ffc829ad000 	C:\Users\hp\.gradle\native\53dbd7edfb1c66fb8903c78663c9afc45aea4f116125fa6feffd364cf09443e8\windows-amd64\native-platform-file-events.dll
0x00007ffcc73d0000 - 0x00007ffcc73da000 	C:\Program Files\Android\Android Studio\jre\bin\management.dll
0x00007ffcc5ee0000 - 0x00007ffcc5eed000 	C:\Program Files\Android\Android Studio\jre\bin\management_ext.dll
0x00007ffccbdb0000 - 0x00007ffccbdc8000 	C:\Windows\SYSTEM32\CRYPTSP.dll
0x00007ffccb460000 - 0x00007ffccb494000 	C:\Windows\system32\rsaenh.dll
0x00007ffccc720000 - 0x00007ffccc747000 	C:\Windows\System32\bcrypt.dll
0x00007ffccc320000 - 0x00007ffccc34e000 	C:\Windows\SYSTEM32\USERENV.dll
0x00007ffccbda0000 - 0x00007ffccbdac000 	C:\Windows\SYSTEM32\CRYPTBASE.dll
0x00007ffccb830000 - 0x00007ffccb86b000 	C:\Windows\SYSTEM32\IPHLPAPI.DLL
0x00007ffcce050000 - 0x00007ffcce058000 	C:\Windows\System32\NSI.dll
0x00007ffcc2c80000 - 0x00007ffcc2c97000 	C:\Windows\SYSTEM32\dhcpcsvc6.DLL
0x00007ffcc2c60000 - 0x00007ffcc2c7d000 	C:\Windows\SYSTEM32\dhcpcsvc.DLL
0x00007ffccb870000 - 0x00007ffccb93a000 	C:\Windows\SYSTEM32\DNSAPI.dll
0x00007ffc9b540000 - 0x00007ffc9b567000 	C:\Program Files\Android\Android Studio\jre\bin\sunec.dll

dbghelp: loaded successfully - version: 4.0.5 - missing functions: none
symbol engine: initialized successfully - sym options: 0x614 - pdb path: .;C:\Program Files\Android\Android Studio\jre\bin;C:\Windows\SYSTEM32;C:\Windows\WinSxS\amd64_microsoft.windows.common-controls_6595b64144ccf1df_6.0.19041.1110_none_60b5254171f9507e;C:\Program Files\Android\Android Studio\jre\bin\server;C:\Users\hp\.gradle\native\8bec1ad78214c89d9ad589b4d07fe93259594b29d510b10fafb7a158f7737e5d\windows-amd64;C:\Users\hp\.gradle\native\53dbd7edfb1c66fb8903c78663c9afc45aea4f116125fa6feffd364cf09443e8\windows-amd64

VM Arguments:
jvm_args: --add-opens=java.base/java.util=ALL-UNNAMED --add-opens=java.base/java.lang=ALL-UNNAMED --add-opens=java.base/java.lang.invoke=ALL-UNNAMED --add-opens=java.base/java.util=ALL-UNNAMED --add-opens=java.prefs/java.util.prefs=ALL-UNNAMED --add-opens=java.prefs/java.util.prefs=ALL-UNNAMED --add-opens=java.base/java.nio.charset=ALL-UNNAMED --add-opens=java.base/java.net=ALL-UNNAMED --add-opens=java.base/java.util.concurrent.atomic=ALL-UNNAMED -Xmx2048m -Dfile.encoding=UTF-8 -Duser.country=US -Duser.language=en -Duser.variant 
java_command: org.gradle.launcher.daemon.bootstrap.GradleDaemon 7.0.2
java_class_path (initial): C:\Users\hp\.gradle\wrapper\dists\gradle-7.0.2-bin\857tjihv64xamwrf0h14cai3r\gradle-7.0.2\lib\gradle-launcher-7.0.2.jar
Launcher Type: SUN_STANDARD

[Global flags]
     intx CICompilerCount                          = 2                                         {product} {ergonomic}
     uint ConcGCThreads                            = 1                                         {product} {ergonomic}
     uint G1ConcRefinementThreads                  = 2                                         {product} {ergonomic}
   size_t G1HeapRegionSize                         = 1048576                                   {product} {ergonomic}
    uintx GCDrainStackTargetSize                   = 64                                        {product} {ergonomic}
   size_t InitialHeapSize                          = 62914560                                  {product} {ergonomic}
   size_t MarkStackSize                            = 4194304                                   {product} {ergonomic}
   size_t MaxHeapSize                              = 2147483648                                {product} {command line}
   size_t MaxNewSize                               = 1287651328                                {product} {ergonomic}
   size_t MinHeapDeltaBytes                        = 1048576                                   {product} {ergonomic}
    uintx NonNMethodCodeHeapSize                   = 5825164                                {pd product} {ergonomic}
    uintx NonProfiledCodeHeapSize                  = 122916538                              {pd product} {ergonomic}
    uintx ProfiledCodeHeapSize                     = 122916538                              {pd product} {ergonomic}
    uintx ReservedCodeCacheSize                    = 251658240                              {pd product} {ergonomic}
     bool SegmentedCodeCache                       = true                                      {product} {ergonomic}
     bool UseCompressedClassPointers               = true                                 {lp64_product} {ergonomic}
     bool UseCompressedOops                        = true                                 {lp64_product} {ergonomic}
     bool UseG1GC                                  = true                                      {product} {ergonomic}
     bool UseLargePagesIndividualAllocation        = false                                  {pd product} {ergonomic}

Logging:
Log output configuration:
 #0: stdout all=warning uptime,level,tags
 #1: stderr all=off uptime,level,tags

Environment Variables:
JAVA_HOME=C:\JAVA\jdk1.8.0_202\
PATH=C:\Python310\Scripts\;C:\Python310\;C:\app\hp\product\21c\dbhomeXE\bin;C:\JAVA\jdk1.8.0_202\bin;C:\Program Files (x86)\Common Files\Oracle\Java\javapath;C:\Windows\system32;C:\Windows;C:\Windows\System32\Wbem;C:\Windows\System32\WindowsPowerShell\v1.0\;C:\Windows\System32\OpenSSH\;C:\Program Files\MongoDB\Server\5.0\bin;C:\Program Files\PuTTY\;C:\Users\hp\AppData\Local\Microsoft\WindowsApps;C:\Program Files\Java\jdk1.8.0_321\bin;C:\Program Files\MongoDB\Server\5.0\bin;C:\Users\hp\AppData\Local\Programs\Microsoft VS Code\bin
USERNAME=hp
OS=Windows_NT
PROCESSOR_IDENTIFIER=Intel64 Family 6 Model 122 Stepping 8, GenuineIntel



---------------  S Y S T E M  ---------------

OS: Windows 10 , 64 bit Build 19041 (10.0.19041.2364)
OS uptime: 0 days 5:44 hours

CPU:total 2 (initial active 2) (2 cores per cpu, 1 threads per core) family 6 model 122 stepping 8 microcode 0x16, cmov, cx8, fxsr, mmx, sse, sse2, sse3, ssse3, sse4.1, sse4.2, popcnt, aes, clmul, erms, 3dnowpref, tsc, tscinvbit, sha

Memory: 4k page, system-wide physical 3737M (292M free)
TotalPageFile size 10346M (AvailPageFile size 5M)
current process WorkingSet (physical memory assigned to process): 241M, peak: 443M
current process commit charge ("private bytes"): 569M, peak: 573M

vm_info: OpenJDK 64-Bit Server VM (11.0.13+0-b1751.21-8125866) for windows-amd64 JRE (11.0.13+0-b1751.21-8125866), built on Feb  2 2022 03:00:22 by "builder" with MS VC++ 14.0 (VS2015)

END.
