#
# There is insufficient memory for the Java Runtime Environment to continue.
# Native memory allocation (malloc) failed to allocate 1367376 bytes for Chunk::new
# Possible reasons:
#   The system is out of physical RAM or swap space
#   The process is running with CompressedOops enabled, and the Java Heap may be blocking the growth of the native heap
# Possible solutions:
#   Reduce memory load on the system
#   Increase physical memory or swap space
#   Check if swap backing store is full
#   Decrease Java heap size (-Xmx/-Xms)
#   Decrease number of Java threads
#   Decrease Java thread stack sizes (-Xss)
#   Set larger code cache with -XX:ReservedCodeCacheSize=
#   JVM is running with Unscaled Compressed Oops mode in which the Java heap is
#     placed in the first 4GB address space. The Java Heap base address is the
#     maximum limit for the native heap growth. Please use -XX:HeapBaseMinAddress
#     to set the Java Heap base and to place the Java Heap above 4GB virtual address.
# This output file may be truncated or incomplete.
#
#  Out of Memory Error (./src/hotspot/share/memory/arena.cpp:197), pid=9800, tid=3844
#
# JRE version: OpenJDK Runtime Environment (11.0.13) (build 11.0.13+0-b1751.21-8125866)
# Java VM: OpenJDK 64-Bit Server VM (11.0.13+0-b1751.21-8125866, mixed mode, tiered, compressed oops, g1 gc, windows-amd64)
# No core dump will be written. Minidumps are not enabled by default on client versions of Windows
#

---------------  S U M M A R Y ------------

Command Line: --add-opens=java.base/java.util=ALL-UNNAMED --add-opens=java.base/java.lang=ALL-UNNAMED --add-opens=java.base/java.lang.invoke=ALL-UNNAMED --add-opens=java.base/java.util=ALL-UNNAMED --add-opens=java.prefs/java.util.prefs=ALL-UNNAMED --add-opens=java.prefs/java.util.prefs=ALL-UNNAMED --add-opens=java.base/java.nio.charset=ALL-UNNAMED --add-opens=java.base/java.net=ALL-UNNAMED --add-opens=java.base/java.util.concurrent.atomic=ALL-UNNAMED -Xmx2048m -Dfile.encoding=UTF-8 -Duser.country=US -Duser.language=en -Duser.variant org.gradle.launcher.daemon.bootstrap.GradleDaemon 7.0.2

Host: Intel(R) Celeron(R) N4020 CPU @ 1.10GHz, 2 cores, 3G,  Windows 10 , 64 bit Build 19041 (10.0.19041.2364)
Time: Thu Jan 26 17:06:28 2023 Malay Peninsula Standard Time elapsed time: 49.946331 seconds (0d 0h 0m 49s)

---------------  T H R E A D  ---------------

Current thread (0x0000028ec88f2000):  JavaThread "C2 CompilerThread0" daemon [_thread_in_native, id=3844, stack(0x000000b5a3900000,0x000000b5a3a00000)]


Current CompileTask:
C2:  49946 4206       4       groovy.lang.MetaClassImpl::checkIfStdMethod (178 bytes)

Stack: [0x000000b5a3900000,0x000000b5a3a00000]
Native frames: (J=compiled Java code, j=interpreted, Vv=VM code, C=native code)
V  [jvm.dll+0x6100fa]
V  [jvm.dll+0x747090]
V  [jvm.dll+0x7486ad]
V  [jvm.dll+0x748d83]
V  [jvm.dll+0x24ab48]
V  [jvm.dll+0xc04dc]
V  [jvm.dll+0xc0a0c]
V  [jvm.dll+0x35eb5b]
V  [jvm.dll+0x32b833]
V  [jvm.dll+0x32ad2a]
V  [jvm.dll+0x2032b2]
V  [jvm.dll+0x202437]
V  [jvm.dll+0x188e01]
V  [jvm.dll+0x21106b]
V  [jvm.dll+0x20f8c1]
V  [jvm.dll+0x70de0f]
V  [jvm.dll+0x706a75]
V  [jvm.dll+0x60ed66]
C  [ucrtbase.dll+0x21bb2]
C  [KERNEL32.DLL+0x17614]
C  [ntdll.dll+0x526a1]


---------------  P R O C E S S  ---------------

Threads class SMR info:
_java_thread_list=0x0000028ec9a4c890, length=33, elements={
0x0000028eae9ec000, 0x0000028ec888b000, 0x0000028ec888e000, 0x0000028ec88ea800,
0x0000028ec88ec800, 0x0000028ec88ee000, 0x0000028ec88f2000, 0x0000028ec892c800,
0x0000028ec892e000, 0x0000028ec8b5f800, 0x0000028ec97fd000, 0x0000028ec9eb3800,
0x0000028ec97e3000, 0x0000028ec8f8a800, 0x0000028ec97e4000, 0x0000028eca552800,
0x0000028ec8e5e800, 0x0000028eca3e0800, 0x0000028eca3e1000, 0x0000028eca551800,
0x0000028eca85c800, 0x0000028eca8bb800, 0x0000028ec9a6e000, 0x0000028ec9a6f800,
0x0000028ec9a6d000, 0x0000028ec9a6a000, 0x0000028ec9a6b000, 0x0000028ec9a6b800,
0x0000028ec9a6f000, 0x0000028ec9a70800, 0x0000028ec9a6c800, 0x0000028ecabf2800,
0x0000028ecabf6000
}

Java Threads: ( => current thread )
  0x0000028eae9ec000 JavaThread "main" [_thread_blocked, id=11656, stack(0x000000b5a2d00000,0x000000b5a2e00000)]
  0x0000028ec888b000 JavaThread "Reference Handler" daemon [_thread_blocked, id=8896, stack(0x000000b5a3400000,0x000000b5a3500000)]
  0x0000028ec888e000 JavaThread "Finalizer" daemon [_thread_blocked, id=17024, stack(0x000000b5a3500000,0x000000b5a3600000)]
  0x0000028ec88ea800 JavaThread "Signal Dispatcher" daemon [_thread_blocked, id=5108, stack(0x000000b5a3600000,0x000000b5a3700000)]
  0x0000028ec88ec800 JavaThread "Attach Listener" daemon [_thread_blocked, id=11756, stack(0x000000b5a3700000,0x000000b5a3800000)]
  0x0000028ec88ee000 JavaThread "Service Thread" daemon [_thread_blocked, id=14476, stack(0x000000b5a3800000,0x000000b5a3900000)]
=>0x0000028ec88f2000 JavaThread "C2 CompilerThread0" daemon [_thread_in_native, id=3844, stack(0x000000b5a3900000,0x000000b5a3a00000)]
  0x0000028ec892c800 JavaThread "C1 CompilerThread0" daemon [_thread_blocked, id=11860, stack(0x000000b5a3a00000,0x000000b5a3b00000)]
  0x0000028ec892e000 JavaThread "Sweeper thread" daemon [_thread_blocked, id=11384, stack(0x000000b5a3b00000,0x000000b5a3c00000)]
  0x0000028ec8b5f800 JavaThread "Common-Cleaner" daemon [_thread_blocked, id=1204, stack(0x000000b5a3c00000,0x000000b5a3d00000)]
  0x0000028ec97fd000 JavaThread "Daemon health stats" [_thread_blocked, id=8928, stack(0x000000b5a3f00000,0x000000b5a4000000)]
  0x0000028ec9eb3800 JavaThread "Incoming local TCP Connector on port 52805" [_thread_in_native, id=8860, stack(0x000000b5a4000000,0x000000b5a4100000)]
  0x0000028ec97e3000 JavaThread "Daemon" [_thread_blocked, id=15892, stack(0x000000b5a4100000,0x000000b5a4200000)]
  0x0000028ec8f8a800 JavaThread "Handler for socket connection from /127.0.0.1:52805 to /127.0.0.1:52806" [_thread_in_native, id=13352, stack(0x000000b5a4200000,0x000000b5a4300000)]
  0x0000028ec97e4000 JavaThread "Daemon periodic checks" [_thread_blocked, id=16860, stack(0x000000b5a4300000,0x000000b5a4400000)]
  0x0000028eca552800 JavaThread "Cancel handler" [_thread_blocked, id=15032, stack(0x000000b5a4400000,0x000000b5a4500000)]
  0x0000028ec8e5e800 JavaThread "Daemon worker" [_thread_in_Java, id=15564, stack(0x000000b5a4500000,0x000000b5a4600000)]
  0x0000028eca3e0800 JavaThread "Asynchronous log dispatcher for DefaultDaemonConnection: socket connection from /127.0.0.1:52805 to /127.0.0.1:52806" [_thread_blocked, id=3412, stack(0x000000b5a4600000,0x000000b5a4700000)]
  0x0000028eca3e1000 JavaThread "Stdin handler" [_thread_blocked, id=3760, stack(0x000000b5a4700000,0x000000b5a4800000)]
  0x0000028eca551800 JavaThread "Daemon client event forwarder" [_thread_blocked, id=14220, stack(0x000000b5a4800000,0x000000b5a4900000)]
  0x0000028eca85c800 JavaThread "Cache worker for file hash cache (C:\Users\hp\.gradle\caches\7.0.2\fileHashes)" [_thread_blocked, id=10952, stack(0x000000b5a4900000,0x000000b5a4a00000)]
  0x0000028eca8bb800 JavaThread "File lock request listener" [_thread_in_native, id=6844, stack(0x000000b5a4a00000,0x000000b5a4b00000)]
  0x0000028ec9a6e000 JavaThread "Cache worker for journal cache (C:\Users\hp\.gradle\caches\journal-1)" [_thread_blocked, id=6856, stack(0x000000b5a4b00000,0x000000b5a4c00000)]
  0x0000028ec9a6f800 JavaThread "Cache worker for file hash cache (E:\SEMESTER 5\UAS MOBILE\carkus\.gradle\7.0.2\fileHashes)" [_thread_blocked, id=13412, stack(0x000000b5a4c00000,0x000000b5a4d00000)]
  0x0000028ec9a6d000 JavaThread "File watcher server" daemon [_thread_in_native, id=10232, stack(0x000000b5a4d00000,0x000000b5a4e00000)]
  0x0000028ec9a6a000 JavaThread "File watcher consumer" daemon [_thread_blocked, id=4860, stack(0x000000b5a4e00000,0x000000b5a4f00000)]
  0x0000028ec9a6b000 JavaThread "jar transforms" [_thread_blocked, id=11760, stack(0x000000b5a4f00000,0x000000b5a5000000)]
  0x0000028ec9a6b800 JavaThread "jar transforms Thread 2" [_thread_blocked, id=10488, stack(0x000000b5a5000000,0x000000b5a5100000)]
  0x0000028ec9a6f000 JavaThread "Cache worker for checksums cache (E:\SEMESTER 5\UAS MOBILE\carkus\.gradle\checksums)" [_thread_blocked, id=260, stack(0x000000b5a5100000,0x000000b5a5200000)]
  0x0000028ec9a70800 JavaThread "Cache worker for cache directory md-supplier (C:\Users\hp\.gradle\caches\7.0.2\md-supplier)" [_thread_blocked, id=2892, stack(0x000000b5a5200000,0x000000b5a5300000)]
  0x0000028ec9a6c800 JavaThread "Cache worker for cache directory md-rule (C:\Users\hp\.gradle\caches\7.0.2\md-rule)" [_thread_blocked, id=10664, stack(0x000000b5a5300000,0x000000b5a5400000)]
  0x0000028ecabf2800 JavaThread "Cache worker for execution history cache (C:\Users\hp\.gradle\caches\7.0.2\executionHistory)" [_thread_blocked, id=1484, stack(0x000000b5a5400000,0x000000b5a5500000)]
  0x0000028ecabf6000 JavaThread "Cache worker for file content cache (C:\Users\hp\.gradle\caches\7.0.2\fileContent)" [_thread_blocked, id=14640, stack(0x000000b5a5500000,0x000000b5a5600000)]

Other Threads:
  0x0000028ec8886000 VMThread "VM Thread" [stack: 0x000000b5a3300000,0x000000b5a3400000] [id=15180]
  0x0000028ec8b8b000 WatcherThread [stack: 0x000000b5a3d00000,0x000000b5a3e00000] [id=10236]
  0x0000028eaea04000 GCTaskThread "GC Thread#0" [stack: 0x000000b5a2e00000,0x000000b5a2f00000] [id=14412]
  0x0000028ec8c3a000 GCTaskThread "GC Thread#1" [stack: 0x000000b5a3e00000,0x000000b5a3f00000] [id=5216]
  0x0000028eaea37800 ConcurrentGCThread "G1 Main Marker" [stack: 0x000000b5a2f00000,0x000000b5a3000000] [id=9504]
  0x0000028eaea38800 ConcurrentGCThread "G1 Conc#0" [stack: 0x000000b5a3000000,0x000000b5a3100000] [id=13868]
  0x0000028eaea74800 ConcurrentGCThread "G1 Refine#0" [stack: 0x000000b5a3100000,0x000000b5a3200000] [id=16284]
  0x0000028eaea75800 ConcurrentGCThread "G1 Young RemSet Sampling" [stack: 0x000000b5a3200000,0x000000b5a3300000] [id=1800]

Threads with active compile tasks:
C2 CompilerThread0  50046 4206       4       groovy.lang.MetaClassImpl::checkIfStdMethod (178 bytes)

VM state:not at safepoint (normal execution)

VM Mutex/Monitor currently owned by a thread: None

Heap address: 0x0000000080000000, size: 2048 MB, Compressed Oops mode: 32-bit
Narrow klass base: 0x0000000000000000, Narrow klass shift: 3
Compressed class space size: 1073741824 Address: 0x0000000100000000

Heap:
 garbage-first heap   total 107520K, used 69961K [0x0000000080000000, 0x0000000100000000)
  region size 1024K, 3 young (3072K), 2 survivors (2048K)
 Metaspace       used 44797K, capacity 45992K, committed 46128K, reserved 1089536K
  class space    used 5550K, capacity 5975K, committed 6016K, reserved 1048576K
Heap Regions: E=young(eden), S=young(survivor), O=old, HS=humongous(starts), HC=humongous(continues), CS=collection set, F=free, A=archive, TAMS=top-at-mark-start (previous, next)
|   0|0x0000000080000000, 0x0000000080100000, 0x0000000080100000|100%| O|  |TAMS 0x0000000080100000, 0x0000000080100000| Untracked 
|   1|0x0000000080100000, 0x0000000080200000, 0x0000000080200000|100%| O|  |TAMS 0x0000000080200000, 0x0000000080200000| Untracked 
|   2|0x0000000080200000, 0x0000000080300000, 0x0000000080300000|100%| O|  |TAMS 0x0000000080300000, 0x0000000080300000| Untracked 
|   3|0x0000000080300000, 0x0000000080400000, 0x0000000080400000|100%| O|  |TAMS 0x0000000080400000, 0x0000000080400000| Untracked 
|   4|0x0000000080400000, 0x0000000080500000, 0x0000000080500000|100%|HS|  |TAMS 0x0000000080500000, 0x0000000080500000| Complete 
|   5|0x0000000080500000, 0x0000000080600000, 0x0000000080600000|100%|HC|  |TAMS 0x0000000080600000, 0x0000000080600000| Complete 
|   6|0x0000000080600000, 0x0000000080700000, 0x0000000080700000|100%|HC|  |TAMS 0x0000000080700000, 0x0000000080700000| Complete 
|   7|0x0000000080700000, 0x0000000080800000, 0x0000000080800000|100%| O|  |TAMS 0x0000000080800000, 0x0000000080800000| Untracked 
|   8|0x0000000080800000, 0x0000000080900000, 0x0000000080900000|100%| O|  |TAMS 0x0000000080900000, 0x0000000080900000| Untracked 
|   9|0x0000000080900000, 0x0000000080a00000, 0x0000000080a00000|100%| O|  |TAMS 0x0000000080a00000, 0x0000000080a00000| Untracked 
|  10|0x0000000080a00000, 0x0000000080b00000, 0x0000000080b00000|100%| O|  |TAMS 0x0000000080b00000, 0x0000000080b00000| Untracked 
|  11|0x0000000080b00000, 0x0000000080c00000, 0x0000000080c00000|100%| O|  |TAMS 0x0000000080c00000, 0x0000000080c00000| Untracked 
|  12|0x0000000080c00000, 0x0000000080d00000, 0x0000000080d00000|100%| O|  |TAMS 0x0000000080d00000, 0x0000000080d00000| Untracked 
|  13|0x0000000080d00000, 0x0000000080e00000, 0x0000000080e00000|100%| O|  |TAMS 0x0000000080e00000, 0x0000000080e00000| Untracked 
|  14|0x0000000080e00000, 0x0000000080f00000, 0x0000000080f00000|100%| O|  |TAMS 0x0000000080f00000, 0x0000000080f00000| Untracked 
|  15|0x0000000080f00000, 0x0000000081000000, 0x0000000081000000|100%| O|  |TAMS 0x0000000081000000, 0x0000000081000000| Untracked 
|  16|0x0000000081000000, 0x0000000081100000, 0x0000000081100000|100%|HS|  |TAMS 0x0000000081100000, 0x0000000081100000| Complete 
|  17|0x0000000081100000, 0x0000000081200000, 0x0000000081200000|100%|HC|  |TAMS 0x0000000081200000, 0x0000000081200000| Complete 
|  18|0x0000000081200000, 0x0000000081300000, 0x0000000081300000|100%|HS|  |TAMS 0x0000000081300000, 0x0000000081300000| Complete 
|  19|0x0000000081300000, 0x0000000081400000, 0x0000000081400000|100%|HC|  |TAMS 0x0000000081400000, 0x0000000081400000| Complete 
|  20|0x0000000081400000, 0x0000000081500000, 0x0000000081500000|100%|HC|  |TAMS 0x0000000081500000, 0x0000000081500000| Complete 
|  21|0x0000000081500000, 0x0000000081600000, 0x0000000081600000|100%|HS|  |TAMS 0x0000000081600000, 0x0000000081600000| Complete 
|  22|0x0000000081600000, 0x0000000081700000, 0x0000000081700000|100%|HC|  |TAMS 0x0000000081700000, 0x0000000081700000| Complete 
|  23|0x0000000081700000, 0x0000000081800000, 0x0000000081800000|100%|HC|  |TAMS 0x0000000081800000, 0x0000000081800000| Complete 
|  24|0x0000000081800000, 0x0000000081900000, 0x0000000081900000|100%| O|  |TAMS 0x0000000081900000, 0x0000000081900000| Untracked 
|  25|0x0000000081900000, 0x0000000081a00000, 0x0000000081a00000|100%| O|  |TAMS 0x0000000081a00000, 0x0000000081a00000| Untracked 
|  26|0x0000000081a00000, 0x0000000081b00000, 0x0000000081b00000|100%| O|  |TAMS 0x0000000081b00000, 0x0000000081b00000| Untracked 
|  27|0x0000000081b00000, 0x0000000081c00000, 0x0000000081c00000|100%| O|  |TAMS 0x0000000081c00000, 0x0000000081c00000| Untracked 
|  28|0x0000000081c00000, 0x0000000081d00000, 0x0000000081d00000|100%| O|  |TAMS 0x0000000081d00000, 0x0000000081d00000| Untracked 
|  29|0x0000000081d00000, 0x0000000081e00000, 0x0000000081e00000|100%|HS|  |TAMS 0x0000000081e00000, 0x0000000081e00000| Complete 
|  30|0x0000000081e00000, 0x0000000081f00000, 0x0000000081f00000|100%| O|  |TAMS 0x0000000081f00000, 0x0000000081f00000| Untracked 
|  31|0x0000000081f00000, 0x0000000082000000, 0x0000000082000000|100%| O|  |TAMS 0x0000000082000000, 0x0000000082000000| Untracked 
|  32|0x0000000082000000, 0x0000000082100000, 0x0000000082100000|100%|HS|  |TAMS 0x0000000082100000, 0x0000000082100000| Complete 
|  33|0x0000000082100000, 0x0000000082200000, 0x0000000082200000|100%|HC|  |TAMS 0x0000000082200000, 0x0000000082200000| Complete 
|  34|0x0000000082200000, 0x0000000082300000, 0x0000000082300000|100%|HC|  |TAMS 0x0000000082300000, 0x0000000082300000| Complete 
|  35|0x0000000082300000, 0x0000000082400000, 0x0000000082400000|100%|HC|  |TAMS 0x0000000082400000, 0x0000000082400000| Complete 
|  36|0x0000000082400000, 0x0000000082500000, 0x0000000082500000|100%|HS|  |TAMS 0x0000000082500000, 0x0000000082500000| Complete 
|  37|0x0000000082500000, 0x0000000082600000, 0x0000000082600000|100%|HC|  |TAMS 0x0000000082600000, 0x0000000082600000| Complete 
|  38|0x0000000082600000, 0x0000000082700000, 0x0000000082700000|100%|HC|  |TAMS 0x0000000082700000, 0x0000000082700000| Complete 
|  39|0x0000000082700000, 0x0000000082800000, 0x0000000082800000|100%|HC|  |TAMS 0x0000000082800000, 0x0000000082800000| Complete 
|  40|0x0000000082800000, 0x0000000082900000, 0x0000000082900000|100%|HC|  |TAMS 0x0000000082900000, 0x0000000082900000| Complete 
|  41|0x0000000082900000, 0x0000000082a00000, 0x0000000082a00000|100%| O|  |TAMS 0x0000000082a00000, 0x0000000082a00000| Untracked 
|  42|0x0000000082a00000, 0x0000000082b00000, 0x0000000082b00000|100%| O|  |TAMS 0x0000000082b00000, 0x0000000082b00000| Untracked 
|  43|0x0000000082b00000, 0x0000000082c00000, 0x0000000082c00000|100%| O|  |TAMS 0x0000000082c00000, 0x0000000082c00000| Untracked 
|  44|0x0000000082c00000, 0x0000000082d00000, 0x0000000082d00000|100%| O|  |TAMS 0x0000000082d00000, 0x0000000082d00000| Untracked 
|  45|0x0000000082d00000, 0x0000000082e00000, 0x0000000082e00000|100%| O|  |TAMS 0x0000000082e00000, 0x0000000082e00000| Untracked 
|  46|0x0000000082e00000, 0x0000000082f00000, 0x0000000082f00000|100%| O|  |TAMS 0x0000000082f00000, 0x0000000082f00000| Untracked 
|  47|0x0000000082f00000, 0x0000000083000000, 0x0000000083000000|100%| O|  |TAMS 0x0000000083000000, 0x0000000083000000| Untracked 
|  48|0x0000000083000000, 0x0000000083100000, 0x0000000083100000|100%| O|  |TAMS 0x0000000083100000, 0x0000000083100000| Untracked 
|  49|0x0000000083100000, 0x0000000083200000, 0x0000000083200000|100%| O|  |TAMS 0x0000000083200000, 0x0000000083200000| Untracked 
|  50|0x0000000083200000, 0x0000000083300000, 0x0000000083300000|100%| O|  |TAMS 0x0000000083300000, 0x0000000083300000| Untracked 
|  51|0x0000000083300000, 0x0000000083400000, 0x0000000083400000|100%|HS|  |TAMS 0x0000000083400000, 0x0000000083400000| Complete 
|  52|0x0000000083400000, 0x0000000083500000, 0x0000000083500000|100%|HC|  |TAMS 0x0000000083500000, 0x0000000083500000| Complete 
|  53|0x0000000083500000, 0x0000000083600000, 0x0000000083600000|100%|HC|  |TAMS 0x0000000083600000, 0x0000000083600000| Complete 
|  54|0x0000000083600000, 0x0000000083700000, 0x0000000083700000|100%|HC|  |TAMS 0x0000000083700000, 0x0000000083700000| Complete 
|  55|0x0000000083700000, 0x0000000083800000, 0x0000000083800000|100%|HS|  |TAMS 0x0000000083800000, 0x0000000083800000| Complete 
|  56|0x0000000083800000, 0x0000000083900000, 0x0000000083900000|100%|HC|  |TAMS 0x0000000083900000, 0x0000000083900000| Complete 
|  57|0x0000000083900000, 0x0000000083a00000, 0x0000000083a00000|100%|HC|  |TAMS 0x0000000083a00000, 0x0000000083a00000| Complete 
|  58|0x0000000083a00000, 0x0000000083b00000, 0x0000000083b00000|100%| O|  |TAMS 0x0000000083b00000, 0x0000000083b00000| Untracked 
|  59|0x0000000083b00000, 0x0000000083c00000, 0x0000000083c00000|100%| O|  |TAMS 0x0000000083c00000, 0x0000000083c00000| Untracked 
|  60|0x0000000083c00000, 0x0000000083d00000, 0x0000000083d00000|100%|HS|  |TAMS 0x0000000083d00000, 0x0000000083d00000| Complete 
|  61|0x0000000083d00000, 0x0000000083e00000, 0x0000000083e00000|100%|HC|  |TAMS 0x0000000083e00000, 0x0000000083e00000| Complete 
|  62|0x0000000083e00000, 0x0000000083f00000, 0x0000000083f00000|100%|HS|  |TAMS 0x0000000083f00000, 0x0000000083f00000| Complete 
|  63|0x0000000083f00000, 0x0000000084000000, 0x0000000084000000|100%|HC|  |TAMS 0x0000000084000000, 0x0000000084000000| Complete 
|  64|0x0000000084000000, 0x0000000084100000, 0x0000000084100000|100%|HC|  |TAMS 0x0000000084100000, 0x0000000084100000| Complete 
|  65|0x0000000084100000, 0x0000000084200000, 0x0000000084200000|100%| O|  |TAMS 0x0000000084200000, 0x0000000084200000| Untracked 
|  66|0x0000000084200000, 0x0000000084267200, 0x0000000084300000| 40%| O|  |TAMS 0x0000000084267200, 0x0000000084267200| Untracked 
|  67|0x0000000084300000, 0x0000000084300000, 0x0000000084400000|  0%| F|  |TAMS 0x0000000084300000, 0x0000000084300000| Untracked 
|  68|0x0000000084400000, 0x0000000084400000, 0x0000000084500000|  0%| F|  |TAMS 0x0000000084400000, 0x0000000084400000| Untracked 
|  69|0x0000000084500000, 0x0000000084500000, 0x0000000084600000|  0%| F|  |TAMS 0x0000000084500000, 0x0000000084500000| Untracked 
|  70|0x0000000084600000, 0x0000000084600000, 0x0000000084700000|  0%| F|  |TAMS 0x0000000084600000, 0x0000000084600000| Untracked 
|  71|0x0000000084700000, 0x0000000084700000, 0x0000000084800000|  0%| F|  |TAMS 0x0000000084700000, 0x0000000084700000| Untracked 
|  72|0x0000000084800000, 0x0000000084800000, 0x0000000084900000|  0%| F|  |TAMS 0x0000000084800000, 0x0000000084800000| Untracked 
|  73|0x0000000084900000, 0x0000000084900000, 0x0000000084a00000|  0%| F|  |TAMS 0x0000000084900000, 0x0000000084900000| Untracked 
|  74|0x0000000084a00000, 0x0000000084a00000, 0x0000000084b00000|  0%| F|  |TAMS 0x0000000084a00000, 0x0000000084a00000| Untracked 
|  75|0x0000000084b00000, 0x0000000084b00000, 0x0000000084c00000|  0%| F|  |TAMS 0x0000000084b00000, 0x0000000084b00000| Untracked 
|  76|0x0000000084c00000, 0x0000000084c00000, 0x0000000084d00000|  0%| F|  |TAMS 0x0000000084c00000, 0x0000000084c00000| Untracked 
|  77|0x0000000084d00000, 0x0000000084d00000, 0x0000000084e00000|  0%| F|  |TAMS 0x0000000084d00000, 0x0000000084d00000| Untracked 
|  78|0x0000000084e00000, 0x0000000084e00000, 0x0000000084f00000|  0%| F|  |TAMS 0x0000000084e00000, 0x0000000084e00000| Untracked 
|  79|0x0000000084f00000, 0x0000000084f00000, 0x0000000085000000|  0%| F|  |TAMS 0x0000000084f00000, 0x0000000084f00000| Untracked 
|  80|0x0000000085000000, 0x0000000085000000, 0x0000000085100000|  0%| F|  |TAMS 0x0000000085000000, 0x0000000085000000| Untracked 
|  81|0x0000000085100000, 0x0000000085100000, 0x0000000085200000|  0%| F|  |TAMS 0x0000000085100000, 0x0000000085100000| Untracked 
|  82|0x0000000085200000, 0x0000000085200000, 0x0000000085300000|  0%| F|  |TAMS 0x0000000085200000, 0x0000000085200000| Untracked 
|  83|0x0000000085300000, 0x0000000085300000, 0x0000000085400000|  0%| F|  |TAMS 0x0000000085300000, 0x0000000085300000| Untracked 
|  84|0x0000000085400000, 0x0000000085400000, 0x0000000085500000|  0%| F|  |TAMS 0x0000000085400000, 0x0000000085400000| Untracked 
|  85|0x0000000085500000, 0x0000000085500000, 0x0000000085600000|  0%| F|  |TAMS 0x0000000085500000, 0x0000000085500000| Untracked 
|  86|0x0000000085600000, 0x0000000085600000, 0x0000000085700000|  0%| F|  |TAMS 0x0000000085600000, 0x0000000085600000| Untracked 
|  87|0x0000000085700000, 0x0000000085700000, 0x0000000085800000|  0%| F|  |TAMS 0x0000000085700000, 0x0000000085700000| Untracked 
|  88|0x0000000085800000, 0x0000000085800000, 0x0000000085900000|  0%| F|  |TAMS 0x0000000085800000, 0x0000000085800000| Untracked 
|  89|0x0000000085900000, 0x0000000085900000, 0x0000000085a00000|  0%| F|  |TAMS 0x0000000085900000, 0x0000000085900000| Untracked 
|  90|0x0000000085a00000, 0x0000000085aeb410, 0x0000000085b00000| 91%| S|CS|TAMS 0x0000000085a00000, 0x0000000085a00000| Complete 
|  91|0x0000000085b00000, 0x0000000085c00000, 0x0000000085c00000|100%| S|CS|TAMS 0x0000000085b00000, 0x0000000085b00000| Complete 
|  92|0x0000000085c00000, 0x0000000085c00000, 0x0000000085d00000|  0%| F|  |TAMS 0x0000000085c00000, 0x0000000085c00000| Untracked 
|  93|0x0000000085d00000, 0x0000000085d00000, 0x0000000085e00000|  0%| F|  |TAMS 0x0000000085d00000, 0x0000000085d00000| Untracked 
|  94|0x0000000085e00000, 0x0000000085e00000, 0x0000000085f00000|  0%| F|  |TAMS 0x0000000085e00000, 0x0000000085e00000| Untracked 
|  95|0x0000000085f00000, 0x0000000085f00000, 0x0000000086000000|  0%| F|  |TAMS 0x0000000085f00000, 0x0000000085f00000| Untracked 
|  96|0x0000000086000000, 0x0000000086000000, 0x0000000086100000|  0%| F|  |TAMS 0x0000000086000000, 0x0000000086000000| Untracked 
|  97|0x0000000086100000, 0x0000000086100000, 0x0000000086200000|  0%| F|  |TAMS 0x0000000086100000, 0x0000000086100000| Untracked 
|  98|0x0000000086200000, 0x0000000086200000, 0x0000000086300000|  0%| F|  |TAMS 0x0000000086200000, 0x0000000086200000| Untracked 
|  99|0x0000000086300000, 0x0000000086300000, 0x0000000086400000|  0%| F|  |TAMS 0x0000000086300000, 0x0000000086300000| Untracked 
| 100|0x0000000086400000, 0x0000000086400000, 0x0000000086500000|  0%| F|  |TAMS 0x0000000086400000, 0x0000000086400000| Untracked 
| 101|0x0000000086500000, 0x0000000086500000, 0x0000000086600000|  0%| F|  |TAMS 0x0000000086500000, 0x0000000086500000| Untracked 
| 102|0x0000000086600000, 0x0000000086600000, 0x0000000086700000|  0%| F|  |TAMS 0x0000000086600000, 0x0000000086600000| Untracked 
| 103|0x0000000086700000, 0x0000000086700000, 0x0000000086800000|  0%| F|  |TAMS 0x0000000086700000, 0x0000000086700000| Untracked 
| 104|0x0000000086800000, 0x000000008683d630, 0x0000000086900000| 23%| E|  |TAMS 0x0000000086800000, 0x0000000086800000| Complete 

Card table byte_map: [0x0000028ec1510000,0x0000028ec1910000] _byte_map_base: 0x0000028ec1110000

Marking Bits (Prev, Next): (CMBitMap*) 0x0000028eaea2ec10, (CMBitMap*) 0x0000028eaea2ebd8
 Prev Bits: [0x0000028ec3d10000, 0x0000028ec5d10000)
 Next Bits: [0x0000028ec1d10000, 0x0000028ec3d10000)

Polling page: 0x0000028eac890000

Metaspace:

Usage:
  Non-class:     39.08 MB capacity,    38.33 MB ( 98%) used,   659.33 KB (  2%) free+waste,   110.81 KB ( <1%) overhead. 
      Class:      5.83 MB capacity,     5.42 MB ( 93%) used,   371.49 KB (  6%) free+waste,    53.19 KB ( <1%) overhead. 
       Both:     44.91 MB capacity,    43.75 MB ( 97%) used,     1.01 MB (  2%) free+waste,   164.00 KB ( <1%) overhead. 

Virtual space:
  Non-class space:       40.00 MB reserved,      39.17 MB ( 98%) committed 
      Class space:        1.00 GB reserved,       5.88 MB ( <1%) committed 
             Both:        1.04 GB reserved,      45.05 MB (  4%) committed 

Chunk freelists:
   Non-Class:  31.00 KB
       Class:  9.00 KB
        Both:  40.00 KB

MaxMetaspaceSize: 17179869184.00 GB
CompressedClassSpaceSize: 1.00 GB
Initial GC threshold: 20.80 MB
Current GC threshold: 74.04 MB
CDS: off

CodeHeap 'non-profiled nmethods': size=120064Kb used=2432Kb max_used=2432Kb free=117631Kb
 bounds [0x0000028eb9fd0000, 0x0000028eba240000, 0x0000028ec1510000]
CodeHeap 'profiled nmethods': size=120000Kb used=9336Kb max_used=9336Kb free=110663Kb
 bounds [0x0000028eb2aa0000, 0x0000028eb33c0000, 0x0000028eb9fd0000]
CodeHeap 'non-nmethods': size=5696Kb used=2279Kb max_used=2321Kb free=3416Kb
 bounds [0x0000028eb2510000, 0x0000028eb2780000, 0x0000028eb2aa0000]
 total_blobs=4982 nmethods=4202 adapters=693
 compilation: enabled
              stopped_count=0, restarted_count=0
 full_count=0

Compilation events (20 events):
Event: 49.538 Thread 0x0000028ec892c800 nmethod 4199 0x0000028eb33b5990 code [0x0000028eb33b5ba0, 0x0000028eb33b5f98]
Event: 49.539 Thread 0x0000028ec892c800 4200       3       groovyjarjarasm.asm.Type::getArgumentsAndReturnSizes (140 bytes)
Event: 49.541 Thread 0x0000028ec892c800 nmethod 4200 0x0000028eb33b6110 code [0x0000028eb33b6520, 0x0000028eb33b8318]
Event: 49.544 Thread 0x0000028ec892c800 4201       1       groovy.lang.GroovyObjectSupport::getMetaClass (5 bytes)
Event: 49.544 Thread 0x0000028ec892c800 nmethod 4201 0x0000028eba22a810 code [0x0000028eba22a9c0, 0x0000028eba22aa78]
Event: 49.544 Thread 0x0000028ec892c800 4202       1       groovy.lang.MetaClassImpl::getTheClass (5 bytes)
Event: 49.545 Thread 0x0000028ec892c800 nmethod 4202 0x0000028eba22ab10 code [0x0000028eba22acc0, 0x0000028eba22ad78]
Event: 49.545 Thread 0x0000028ec88f2000 4203       4       org.gradle.internal.service.DefaultServiceRegistry::unwrap (75 bytes)
Event: 49.547 Thread 0x0000028ec88f2000 nmethod 4203 0x0000028eba22ae10 code [0x0000028eba22afc0, 0x0000028eba22b0b8]
Event: 49.552 Thread 0x0000028ec88f2000 4204       4       java.lang.PublicMethods::merge (81 bytes)
Event: 49.709 Thread 0x0000028ec88f2000 nmethod 4204 0x0000028eba22b210 code [0x0000028eba22b4e0, 0x0000028eba22e1e0]
Event: 49.710 Thread 0x0000028ec88f2000 4205       4       java.util.WeakHashMap::put (162 bytes)
Event: 49.737 Thread 0x0000028ec88f2000 nmethod 4205 0x0000028eba22f290 code [0x0000028eba22f480, 0x0000028eba22ff70]
Event: 49.740 Thread 0x0000028ec88f2000 4206       4       groovy.lang.MetaClassImpl::checkIfStdMethod (178 bytes)
Event: 49.873 Thread 0x0000028ec892c800 4208       3       org.codehaus.groovy.util.ReferenceManager$1::afterReferenceCreation (57 bytes)
Event: 49.874 Thread 0x0000028ec892c800 nmethod 4208 0x0000028eb33b8e10 code [0x0000028eb33b9000, 0x0000028eb33b9418]
Event: 49.874 Thread 0x0000028ec892c800 4209       3       org.codehaus.groovy.util.LockableObject::unlock (7 bytes)
Event: 49.874 Thread 0x0000028ec892c800 nmethod 4209 0x0000028eb33b9590 code [0x0000028eb33b9760, 0x0000028eb33b9a78]
Event: 49.874 Thread 0x0000028ec892c800 4210       3       org.codehaus.groovy.util.LockableObject::lock (25 bytes)
Event: 49.875 Thread 0x0000028ec892c800 nmethod 4210 0x0000028eb33b9b90 code [0x0000028eb33b9e00, 0x0000028eb33ba7f8]

GC Heap History (20 events):
Event: 43.978 GC heap before
{Heap before GC invocations=41 (full 0):
 garbage-first heap   total 89088K, used 65285K [0x0000000080000000, 0x0000000100000000)
  region size 1024K, 12 young (12288K), 1 survivors (1024K)
 Metaspace       used 39946K, capacity 40948K, committed 41136K, reserved 1085440K
  class space    used 4992K, capacity 5346K, committed 5376K, reserved 1048576K
}
Event: 43.984 GC heap after
{Heap after GC invocations=42 (full 0):
 garbage-first heap   total 89088K, used 51610K [0x0000000080000000, 0x0000000100000000)
  region size 1024K, 1 young (1024K), 1 survivors (1024K)
 Metaspace       used 39946K, capacity 40948K, committed 41136K, reserved 1085440K
  class space    used 4992K, capacity 5346K, committed 5376K, reserved 1048576K
}
Event: 44.466 GC heap before
{Heap before GC invocations=42 (full 0):
 garbage-first heap   total 89088K, used 63898K [0x0000000080000000, 0x0000000100000000)
  region size 1024K, 13 young (13312K), 1 survivors (1024K)
 Metaspace       used 40952K, capacity 42047K, committed 42160K, reserved 1085440K
  class space    used 5151K, capacity 5523K, committed 5632K, reserved 1048576K
}
Event: 44.474 GC heap after
{Heap after GC invocations=43 (full 0):
 garbage-first heap   total 89088K, used 52106K [0x0000000080000000, 0x0000000100000000)
  region size 1024K, 2 young (2048K), 2 survivors (2048K)
 Metaspace       used 40952K, capacity 42047K, committed 42160K, reserved 1085440K
  class space    used 5151K, capacity 5523K, committed 5632K, reserved 1048576K
}
Event: 45.142 GC heap before
{Heap before GC invocations=44 (full 0):
 garbage-first heap   total 89088K, used 65418K [0x0000000080000000, 0x0000000100000000)
  region size 1024K, 15 young (15360K), 2 survivors (2048K)
 Metaspace       used 41891K, capacity 42954K, committed 43056K, reserved 1087488K
  class space    used 5284K, capacity 5678K, committed 5760K, reserved 1048576K
}
Event: 45.150 GC heap after
{Heap after GC invocations=45 (full 0):
 garbage-first heap   total 89088K, used 52313K [0x0000000080000000, 0x0000000100000000)
  region size 1024K, 1 young (1024K), 1 survivors (1024K)
 Metaspace       used 41891K, capacity 42954K, committed 43056K, reserved 1087488K
  class space    used 5284K, capacity 5678K, committed 5760K, reserved 1048576K
}
Event: 46.205 GC heap before
{Heap before GC invocations=45 (full 0):
 garbage-first heap   total 89088K, used 58457K [0x0000000080000000, 0x0000000100000000)
  region size 1024K, 8 young (8192K), 1 survivors (1024K)
 Metaspace       used 42265K, capacity 43477K, committed 43568K, reserved 1087488K
  class space    used 5337K, capacity 5737K, committed 5760K, reserved 1048576K
}
Event: 46.211 GC heap after
{Heap after GC invocations=46 (full 0):
 garbage-first heap   total 89088K, used 53303K [0x0000000080000000, 0x0000000100000000)
  region size 1024K, 2 young (2048K), 2 survivors (2048K)
 Metaspace       used 42265K, capacity 43477K, committed 43568K, reserved 1087488K
  class space    used 5337K, capacity 5737K, committed 5760K, reserved 1048576K
}
Event: 46.365 GC heap before
{Heap before GC invocations=47 (full 0):
 garbage-first heap   total 89088K, used 57399K [0x0000000080000000, 0x0000000100000000)
  region size 1024K, 3 young (3072K), 2 survivors (2048K)
 Metaspace       used 42265K, capacity 43477K, committed 43568K, reserved 1087488K
  class space    used 5337K, capacity 5737K, committed 5760K, reserved 1048576K
}
Event: 46.372 GC heap after
{Heap after GC invocations=48 (full 0):
 garbage-first heap   total 89088K, used 58268K [0x0000000080000000, 0x0000000100000000)
  region size 1024K, 2 young (2048K), 2 survivors (2048K)
 Metaspace       used 42265K, capacity 43477K, committed 43568K, reserved 1087488K
  class space    used 5337K, capacity 5737K, committed 5760K, reserved 1048576K
}
Event: 46.616 GC heap before
{Heap before GC invocations=49 (full 0):
 garbage-first heap   total 89088K, used 61340K [0x0000000080000000, 0x0000000100000000)
  region size 1024K, 3 young (3072K), 2 survivors (2048K)
 Metaspace       used 42266K, capacity 43477K, committed 43568K, reserved 1087488K
  class space    used 5337K, capacity 5737K, committed 5760K, reserved 1048576K
}
Event: 46.624 GC heap after
{Heap after GC invocations=50 (full 0):
 garbage-first heap   total 89088K, used 61386K [0x0000000080000000, 0x0000000100000000)
  region size 1024K, 1 young (1024K), 1 survivors (1024K)
 Metaspace       used 42266K, capacity 43477K, committed 43568K, reserved 1087488K
  class space    used 5337K, capacity 5737K, committed 5760K, reserved 1048576K
}
Event: 46.764 GC heap before
{Heap before GC invocations=51 (full 0):
 garbage-first heap   total 89088K, used 63434K [0x0000000080000000, 0x0000000100000000)
  region size 1024K, 2 young (2048K), 1 survivors (1024K)
 Metaspace       used 42266K, capacity 43477K, committed 43568K, reserved 1087488K
  class space    used 5337K, capacity 5737K, committed 5760K, reserved 1048576K
}
Event: 46.770 GC heap after
{Heap after GC invocations=52 (full 0):
 garbage-first heap   total 107520K, used 63644K [0x0000000080000000, 0x0000000100000000)
  region size 1024K, 1 young (1024K), 1 survivors (1024K)
 Metaspace       used 42266K, capacity 43477K, committed 43568K, reserved 1087488K
  class space    used 5337K, capacity 5737K, committed 5760K, reserved 1048576K
}
Event: 47.957 GC heap before
{Heap before GC invocations=53 (full 0):
 garbage-first heap   total 107520K, used 79004K [0x0000000080000000, 0x0000000100000000)
  region size 1024K, 13 young (13312K), 1 survivors (1024K)
 Metaspace       used 42816K, capacity 44002K, committed 44208K, reserved 1087488K
  class space    used 5417K, capacity 5803K, committed 5888K, reserved 1048576K
}
Event: 47.963 GC heap after
{Heap after GC invocations=54 (full 0):
 garbage-first heap   total 107520K, used 68197K [0x0000000080000000, 0x0000000100000000)
  region size 1024K, 2 young (2048K), 2 survivors (2048K)
 Metaspace       used 42816K, capacity 44002K, committed 44208K, reserved 1087488K
  class space    used 5417K, capacity 5803K, committed 5888K, reserved 1048576K
}
Event: 48.053 GC heap before
{Heap before GC invocations=54 (full 0):
 garbage-first heap   total 107520K, used 71269K [0x0000000080000000, 0x0000000100000000)
  region size 1024K, 7 young (7168K), 2 survivors (2048K)
 Metaspace       used 43150K, capacity 44388K, committed 44464K, reserved 1087488K
  class space    used 5440K, capacity 5868K, committed 5888K, reserved 1048576K
}
Event: 48.060 GC heap after
{Heap after GC invocations=55 (full 0):
 garbage-first heap   total 107520K, used 68617K [0x0000000080000000, 0x0000000100000000)
  region size 1024K, 1 young (1024K), 1 survivors (1024K)
 Metaspace       used 43150K, capacity 44388K, committed 44464K, reserved 1087488K
  class space    used 5440K, capacity 5868K, committed 5888K, reserved 1048576K
}
Event: 49.246 GC heap before
{Heap before GC invocations=56 (full 0):
 garbage-first heap   total 107520K, used 78857K [0x0000000080000000, 0x0000000100000000)
  region size 1024K, 11 young (11264K), 1 survivors (1024K)
 Metaspace       used 44653K, capacity 45832K, committed 46128K, reserved 1089536K
  class space    used 5532K, capacity 5966K, committed 6016K, reserved 1048576K
}
Event: 49.252 GC heap after
{Heap after GC invocations=57 (full 0):
 garbage-first heap   total 107520K, used 68853K [0x0000000080000000, 0x0000000100000000)
  region size 1024K, 1 young (1024K), 1 survivors (1024K)
 Metaspace       used 44653K, capacity 45832K, committed 46128K, reserved 1089536K
  class space    used 5532K, capacity 5966K, committed 6016K, reserved 1048576K
}

Deoptimization events (20 events):
Event: 49.331 Thread 0x0000028ec8e5e800 Uncommon trap: trap_request=0xffffffcc fr.pc=0x0000028eba221a58 relative=0x00000000000010b8
Event: 49.332 Thread 0x0000028ec8e5e800 Uncommon trap: reason=intrinsic_or_type_checked_inlining action=make_not_entrant pc=0x0000028eba221a58 method=java.util.ArrayList.toArray([Ljava/lang/Object;)[Ljava/lang/Object; @ 36 c2
Event: 49.332 Thread 0x0000028ec8e5e800 DEOPT PACKING pc=0x0000028eba221a58 sp=0x000000b5a45fa140
Event: 49.332 Thread 0x0000028ec8e5e800 DEOPT UNPACKING pc=0x0000028eb255a1a9 sp=0x000000b5a45fa098 mode 2
Event: 49.413 Thread 0x0000028ec8e5e800 Uncommon trap: trap_request=0xffffffbe fr.pc=0x0000028eba226658 relative=0x0000000000000778
Event: 49.413 Thread 0x0000028ec8e5e800 Uncommon trap: reason=profile_predicate action=maybe_recompile pc=0x0000028eba226658 method=java.lang.PublicMethods$MethodList.filter([Ljava/lang/reflect/Method;Ljava/lang/String;[Ljava/lang/Class;Z)Ljava/lang/PublicMethods$MethodList; @ 21 c2
Event: 49.413 Thread 0x0000028ec8e5e800 DEOPT PACKING pc=0x0000028eba226658 sp=0x000000b5a45f6a30
Event: 49.413 Thread 0x0000028ec8e5e800 DEOPT UNPACKING pc=0x0000028eb255a1a9 sp=0x000000b5a45f69e8 mode 2
Event: 49.413 Thread 0x0000028ec8e5e800 Uncommon trap: trap_request=0xffffffbe fr.pc=0x0000028eba226658 relative=0x0000000000000778
Event: 49.413 Thread 0x0000028ec8e5e800 Uncommon trap: reason=profile_predicate action=maybe_recompile pc=0x0000028eba226658 method=java.lang.PublicMethods$MethodList.filter([Ljava/lang/reflect/Method;Ljava/lang/String;[Ljava/lang/Class;Z)Ljava/lang/PublicMethods$MethodList; @ 21 c2
Event: 49.413 Thread 0x0000028ec8e5e800 DEOPT PACKING pc=0x0000028eba226658 sp=0x000000b5a45f6a30
Event: 49.413 Thread 0x0000028ec8e5e800 DEOPT UNPACKING pc=0x0000028eb255a1a9 sp=0x000000b5a45f69e8 mode 2
Event: 49.446 Thread 0x0000028ec8e5e800 Uncommon trap: trap_request=0xffffffbe fr.pc=0x0000028eba226658 relative=0x0000000000000778
Event: 49.446 Thread 0x0000028ec8e5e800 Uncommon trap: reason=profile_predicate action=maybe_recompile pc=0x0000028eba226658 method=java.lang.PublicMethods$MethodList.filter([Ljava/lang/reflect/Method;Ljava/lang/String;[Ljava/lang/Class;Z)Ljava/lang/PublicMethods$MethodList; @ 21 c2
Event: 49.446 Thread 0x0000028ec8e5e800 DEOPT PACKING pc=0x0000028eba226658 sp=0x000000b5a45f73e0
Event: 49.446 Thread 0x0000028ec8e5e800 DEOPT UNPACKING pc=0x0000028eb255a1a9 sp=0x000000b5a45f7398 mode 2
Event: 49.446 Thread 0x0000028ec8e5e800 Uncommon trap: trap_request=0xffffffbe fr.pc=0x0000028eba226658 relative=0x0000000000000778
Event: 49.446 Thread 0x0000028ec8e5e800 Uncommon trap: reason=profile_predicate action=maybe_recompile pc=0x0000028eba226658 method=java.lang.PublicMethods$MethodList.filter([Ljava/lang/reflect/Method;Ljava/lang/String;[Ljava/lang/Class;Z)Ljava/lang/PublicMethods$MethodList; @ 21 c2
Event: 49.446 Thread 0x0000028ec8e5e800 DEOPT PACKING pc=0x0000028eba226658 sp=0x000000b5a45f7330
Event: 49.446 Thread 0x0000028ec8e5e800 DEOPT UNPACKING pc=0x0000028eb255a1a9 sp=0x000000b5a45f72e8 mode 2

Classes redefined (0 events):
No events

Internal exceptions (20 events):
Event: 49.370 Thread 0x0000028ec8e5e800 Exception <a 'java/lang/ClassNotFoundException'{0x0000000086764a10}: org/gradle/initialization/SettingsScriptCustomizer> (0x0000000086764a10) thrown at [./src/hotspot/share/classfile/systemDictionary.cpp, line 231]
Event: 49.371 Thread 0x0000028ec8e5e800 Exception <a 'java/lang/ClassNotFoundException'{0x00000000867776e0}: settings_9yfuqsee81bmm3aun2aik2nl1Customizer> (0x00000000867776e0) thrown at [./src/hotspot/share/classfile/systemDictionary.cpp, line 231]
Event: 49.382 Thread 0x0000028ec8e5e800 Exception <a 'java/lang/ClassNotFoundException'{0x00000000866089b0}: org/gradle/initialization/DefaultSettings_DecoratedBeanInfo> (0x00000000866089b0) thrown at [./src/hotspot/share/classfile/systemDictionary.cpp, line 231]
Event: 49.383 Thread 0x0000028ec8e5e800 Exception <a 'java/lang/ClassNotFoundException'{0x000000008662add8}: org/gradle/initialization/DefaultSettingsBeanInfo> (0x000000008662add8) thrown at [./src/hotspot/share/classfile/systemDictionary.cpp, line 231]
Event: 49.384 Thread 0x0000028ec8e5e800 Exception <a 'java/lang/ClassNotFoundException'{0x000000008664edd0}: org/gradle/initialization/DefaultSettingsCustomizer> (0x000000008664edd0) thrown at [./src/hotspot/share/classfile/systemDictionary.cpp, line 231]
Event: 49.401 Thread 0x0000028ec8e5e800 Exception <a 'java/lang/ClassNotFoundException'{0x00000000866a2230}: org/gradle/initialization/DefaultSettings_DecoratedCustomizer> (0x00000000866a2230) thrown at [./src/hotspot/share/classfile/systemDictionary.cpp, line 231]
Event: 49.417 Thread 0x0000028ec8e5e800 Exception <a 'java/lang/ClassNotFoundException'{0x0000000086561330}: org/gradle/internal/management/DefaultDependencyResolutionManagement_DecoratedBeanInfo> (0x0000000086561330) thrown at [./src/hotspot/share/classfile/systemDictionary.cpp, line 231]
Event: 49.419 Thread 0x0000028ec8e5e800 Exception <a 'java/lang/ClassNotFoundException'{0x000000008659a5c0}: org/gradle/internal/management/DefaultDependencyResolutionManagementBeanInfo> (0x000000008659a5c0) thrown at [./src/hotspot/share/classfile/systemDictionary.cpp, line 231]
Event: 49.425 Thread 0x0000028ec8e5e800 Exception <a 'java/lang/ClassNotFoundException'{0x00000000865d3ed8}: org/gradle/internal/management/DefaultDependencyResolutionManagementCustomizer> (0x00000000865d3ed8) thrown at [./src/hotspot/share/classfile/systemDictionary.cpp, line 231]
Event: 49.428 Thread 0x0000028ec8e5e800 Exception <a 'java/lang/ClassNotFoundException'{0x00000000864236f0}: org/gradle/internal/management/DefaultDependencyResolutionManagement_DecoratedCustomizer> (0x00000000864236f0) thrown at [./src/hotspot/share/classfile/systemDictionary.cpp, line 231]
Event: 49.438 Thread 0x0000028ec8e5e800 Exception <a 'java/lang/ClassNotFoundException'{0x0000000086495048}: org/gradle/api/initialization/resolve/RepositoriesModeBeanInfo> (0x0000000086495048) thrown at [./src/hotspot/share/classfile/systemDictionary.cpp, line 231]
Event: 49.439 Thread 0x0000028ec8e5e800 Exception <a 'java/lang/ClassNotFoundException'{0x0000000086499f10}: java/lang/EnumBeanInfo> (0x0000000086499f10) thrown at [./src/hotspot/share/classfile/systemDictionary.cpp, line 231]
Event: 49.439 Thread 0x0000028ec8e5e800 Exception <a 'java/lang/ClassNotFoundException'{0x000000008649edf8}: java/lang/EnumCustomizer> (0x000000008649edf8) thrown at [./src/hotspot/share/classfile/systemDictionary.cpp, line 231]
Event: 49.441 Thread 0x0000028ec8e5e800 Exception <a 'java/lang/ClassNotFoundException'{0x00000000864cd810}: org/gradle/api/initialization/resolve/RepositoriesModeCustomizer> (0x00000000864cd810) thrown at [./src/hotspot/share/classfile/systemDictionary.cpp, line 231]
Event: 49.459 Thread 0x0000028ec8e5e800 Exception <a 'java/lang/ClassNotFoundException'{0x000000008636f140}: org/gradle/api/internal/provider/DefaultPropertyBeanInfo> (0x000000008636f140) thrown at [./src/hotspot/share/classfile/systemDictionary.cpp, line 231]
Event: 49.460 Thread 0x0000028ec8e5e800 Exception <a 'java/lang/ClassNotFoundException'{0x0000000086395498}: org/gradle/api/internal/provider/AbstractPropertyBeanInfo> (0x0000000086395498) thrown at [./src/hotspot/share/classfile/systemDictionary.cpp, line 231]
Event: 49.467 Thread 0x0000028ec8e5e800 Exception <a 'java/lang/ClassNotFoundException'{0x00000000863bd6d8}: org/gradle/api/internal/provider/AbstractMinimalProviderBeanInfo> (0x00000000863bd6d8) thrown at [./src/hotspot/share/classfile/systemDictionary.cpp, line 231]
Event: 49.471 Thread 0x0000028ec8e5e800 Exception <a 'java/lang/ClassNotFoundException'{0x00000000863e63e8}: org/gradle/api/internal/provider/AbstractMinimalProviderCustomizer> (0x00000000863e63e8) thrown at [./src/hotspot/share/classfile/systemDictionary.cpp, line 231]
Event: 49.514 Thread 0x0000028ec8e5e800 Exception <a 'java/lang/ClassNotFoundException'{0x0000000086247108}: org/gradle/api/internal/provider/AbstractPropertyCustomizer> (0x0000000086247108) thrown at [./src/hotspot/share/classfile/systemDictionary.cpp, line 231]
Event: 49.531 Thread 0x0000028ec8e5e800 Exception <a 'java/lang/ClassNotFoundException'{0x00000000862798a0}: org/gradle/api/internal/provider/DefaultPropertyCustomizer> (0x00000000862798a0) thrown at [./src/hotspot/share/classfile/systemDictionary.cpp, line 231]

Events (20 events):
Event: 49.513 loading class org/gradle/api/internal/provider/AbstractPropertyCustomizer
Event: 49.513 loading class org/gradle/api/internal/provider/AbstractPropertyCustomizer done
Event: 49.513 loading class org/gradle/api/internal/provider/AbstractPropertyCustomizer
Event: 49.513 loading class org/gradle/api/internal/provider/AbstractPropertyCustomizer done
Event: 49.514 loading class org/gradle/api/internal/provider/AbstractPropertyCustomizer
Event: 49.514 loading class org/gradle/api/internal/provider/AbstractPropertyCustomizer done
Event: 49.530 loading class org/gradle/api/internal/provider/DefaultPropertyCustomizer
Event: 49.530 loading class org/gradle/api/internal/provider/DefaultPropertyCustomizer done
Event: 49.530 loading class org/gradle/api/internal/provider/DefaultPropertyCustomizer
Event: 49.530 loading class org/gradle/api/internal/provider/DefaultPropertyCustomizer done
Event: 49.530 loading class org/gradle/api/internal/provider/DefaultPropertyCustomizer
Event: 49.530 loading class org/gradle/api/internal/provider/DefaultPropertyCustomizer done
Event: 49.531 loading class org/gradle/api/internal/provider/DefaultPropertyCustomizer
Event: 49.531 loading class org/gradle/api/internal/provider/DefaultPropertyCustomizer done
Event: 49.543 loading class groovy/runtime/metaclass/settings_9yfuqsee81bmm3aun2aik2nl1$_run_closure1$_closure2MetaClass
Event: 49.543 loading class groovy/runtime/metaclass/settings_9yfuqsee81bmm3aun2aik2nl1$_run_closure1$_closure2MetaClass done
Event: 49.548 loading class groovy/runtime/metaclass/org/gradle/api/internal/artifacts/dsl/DefaultRepositoryHandler_DecoratedMetaClass
Event: 49.548 loading class groovy/runtime/metaclass/org/gradle/api/internal/artifacts/dsl/DefaultRepositoryHandler_DecoratedMetaClass done
Event: 49.903 Executing VM operation: BulkRevokeBias
Event: 49.903 Executing VM operation: BulkRevokeBias done


Dynamic libraries:
0x00007ff79e540000 - 0x00007ff79e54a000 	C:\Program Files\Android\Android Studio\jre\bin\java.exe
0x00007ffcced70000 - 0x00007ffccef68000 	C:\Windows\SYSTEM32\ntdll.dll
0x00007ffccd780000 - 0x00007ffccd83f000 	C:\Windows\System32\KERNEL32.DLL
0x00007ffccc900000 - 0x00007ffcccbd2000 	C:\Windows\System32\KERNELBASE.dll
0x00007ffcccc80000 - 0x00007ffcccd80000 	C:\Windows\System32\ucrtbase.dll
0x00007ffc9d300000 - 0x00007ffc9d319000 	C:\Program Files\Android\Android Studio\jre\bin\jli.dll
0x00007ffcb3350000 - 0x00007ffcb3367000 	C:\Program Files\Android\Android Studio\jre\bin\VCRUNTIME140.dll
0x00007ffccdd70000 - 0x00007ffccdf11000 	C:\Windows\System32\USER32.dll
0x00007ffcccd80000 - 0x00007ffcccda2000 	C:\Windows\System32\win32u.dll
0x00007ffccdbd0000 - 0x00007ffccdbfb000 	C:\Windows\System32\GDI32.dll
0x00007ffccc610000 - 0x00007ffccc71f000 	C:\Windows\System32\gdi32full.dll
0x00007ffcccbe0000 - 0x00007ffcccc7d000 	C:\Windows\System32\msvcp_win.dll
0x00007ffcb9cf0000 - 0x00007ffcb9f8a000 	C:\Windows\WinSxS\amd64_microsoft.windows.common-controls_6595b64144ccf1df_6.0.19041.1110_none_60b5254171f9507e\COMCTL32.dll
0x00007ffccd8e0000 - 0x00007ffccd97e000 	C:\Windows\System32\msvcrt.dll
0x00007ffccec40000 - 0x00007ffccec72000 	C:\Windows\System32\IMM32.DLL
0x00007ffc9bc50000 - 0x00007ffc9bced000 	C:\Program Files\Android\Android Studio\jre\bin\msvcp140.dll
0x00007ffc8bfd0000 - 0x00007ffc8cad2000 	C:\Program Files\Android\Android Studio\jre\bin\server\jvm.dll
0x00007ffccdc00000 - 0x00007ffccdcae000 	C:\Windows\System32\ADVAPI32.dll
0x00007ffccd840000 - 0x00007ffccd8dc000 	C:\Windows\System32\sechost.dll
0x00007ffccea40000 - 0x00007ffcceb65000 	C:\Windows\System32\RPCRT4.dll
0x00007ffccdcb0000 - 0x00007ffccdcb8000 	C:\Windows\System32\PSAPI.DLL
0x00007ffcaad90000 - 0x00007ffcaad99000 	C:\Windows\SYSTEM32\WSOCK32.dll
0x00007ffccdb60000 - 0x00007ffccdbcb000 	C:\Windows\System32\WS2_32.dll
0x00007ffcb1260000 - 0x00007ffcb1287000 	C:\Windows\SYSTEM32\WINMM.dll
0x00007ffcc2d10000 - 0x00007ffcc2d1a000 	C:\Windows\SYSTEM32\VERSION.dll
0x00007ffccad00000 - 0x00007ffccad12000 	C:\Windows\SYSTEM32\kernel.appcore.dll
0x00007ffcc45d0000 - 0x00007ffcc45e1000 	C:\Program Files\Android\Android Studio\jre\bin\verify.dll
0x00007ffcca9d0000 - 0x00007ffccabb4000 	C:\Windows\SYSTEM32\DBGHELP.DLL
0x00007ffcb7e40000 - 0x00007ffcb7e75000 	C:\Windows\SYSTEM32\dbgcore.DLL
0x00007ffccc580000 - 0x00007ffccc602000 	C:\Windows\System32\bcryptPrimitives.dll
0x00007ffc9b1e0000 - 0x00007ffc9b209000 	C:\Program Files\Android\Android Studio\jre\bin\java.dll
0x00007ffcb9090000 - 0x00007ffcb909b000 	C:\Program Files\Android\Android Studio\jre\bin\jimage.dll
0x00007ffc9c670000 - 0x00007ffc9c688000 	C:\Program Files\Android\Android Studio\jre\bin\zip.dll
0x00007ffcccdb0000 - 0x00007ffccd4f4000 	C:\Windows\System32\SHELL32.dll
0x00007ffcca160000 - 0x00007ffcca8f2000 	C:\Windows\SYSTEM32\windows.storage.dll
0x00007ffcce6e0000 - 0x00007ffccea35000 	C:\Windows\System32\combase.dll
0x00007ffccbe50000 - 0x00007ffccbe80000 	C:\Windows\SYSTEM32\Wldp.dll
0x00007ffccdcc0000 - 0x00007ffccdd6d000 	C:\Windows\System32\SHCORE.dll
0x00007ffcce680000 - 0x00007ffcce6d5000 	C:\Windows\System32\shlwapi.dll
0x00007ffccc3a0000 - 0x00007ffccc3bf000 	C:\Windows\SYSTEM32\profapi.dll
0x00007ffc9b1c0000 - 0x00007ffc9b1da000 	C:\Program Files\Android\Android Studio\jre\bin\net.dll
0x00007ffcba090000 - 0x00007ffcba19c000 	C:\Windows\SYSTEM32\WINHTTP.dll
0x00007ffccbbb0000 - 0x00007ffccbc1a000 	C:\Windows\system32\mswsock.dll
0x00007ffc9b1a0000 - 0x00007ffc9b1b4000 	C:\Program Files\Android\Android Studio\jre\bin\nio.dll
0x00007ffc943a0000 - 0x00007ffc943c7000 	C:\Users\hp\.gradle\native\8bec1ad78214c89d9ad589b4d07fe93259594b29d510b10fafb7a158f7737e5d\windows-amd64\native-platform.dll
0x00007ffc7f790000 - 0x00007ffc7f8cd000 	C:\Users\hp\.gradle\native\53dbd7edfb1c66fb8903c78663c9afc45aea4f116125fa6feffd364cf09443e8\windows-amd64\native-platform-file-events.dll
0x00007ffcc73d0000 - 0x00007ffcc73da000 	C:\Program Files\Android\Android Studio\jre\bin\management.dll
0x00007ffcc5ee0000 - 0x00007ffcc5eed000 	C:\Program Files\Android\Android Studio\jre\bin\management_ext.dll
0x00007ffccbdb0000 - 0x00007ffccbdc8000 	C:\Windows\SYSTEM32\CRYPTSP.dll
0x00007ffccb460000 - 0x00007ffccb494000 	C:\Windows\system32\rsaenh.dll
0x00007ffccc720000 - 0x00007ffccc747000 	C:\Windows\System32\bcrypt.dll
0x00007ffccc320000 - 0x00007ffccc34e000 	C:\Windows\SYSTEM32\USERENV.dll
0x00007ffccbda0000 - 0x00007ffccbdac000 	C:\Windows\SYSTEM32\CRYPTBASE.dll
0x00007ffccb830000 - 0x00007ffccb86b000 	C:\Windows\SYSTEM32\IPHLPAPI.DLL
0x00007ffcce050000 - 0x00007ffcce058000 	C:\Windows\System32\NSI.dll
0x00007ffcc2c80000 - 0x00007ffcc2c97000 	C:\Windows\SYSTEM32\dhcpcsvc6.DLL
0x00007ffcc2c60000 - 0x00007ffcc2c7d000 	C:\Windows\SYSTEM32\dhcpcsvc.DLL
0x00007ffccb870000 - 0x00007ffccb93a000 	C:\Windows\SYSTEM32\DNSAPI.dll

dbghelp: loaded successfully - version: 4.0.5 - missing functions: none
symbol engine: initialized successfully - sym options: 0x614 - pdb path: .;C:\Program Files\Android\Android Studio\jre\bin;C:\Windows\SYSTEM32;C:\Windows\WinSxS\amd64_microsoft.windows.common-controls_6595b64144ccf1df_6.0.19041.1110_none_60b5254171f9507e;C:\Program Files\Android\Android Studio\jre\bin\server;C:\Users\hp\.gradle\native\8bec1ad78214c89d9ad589b4d07fe93259594b29d510b10fafb7a158f7737e5d\windows-amd64;C:\Users\hp\.gradle\native\53dbd7edfb1c66fb8903c78663c9afc45aea4f116125fa6feffd364cf09443e8\windows-amd64

VM Arguments:
jvm_args: --add-opens=java.base/java.util=ALL-UNNAMED --add-opens=java.base/java.lang=ALL-UNNAMED --add-opens=java.base/java.lang.invoke=ALL-UNNAMED --add-opens=java.base/java.util=ALL-UNNAMED --add-opens=java.prefs/java.util.prefs=ALL-UNNAMED --add-opens=java.prefs/java.util.prefs=ALL-UNNAMED --add-opens=java.base/java.nio.charset=ALL-UNNAMED --add-opens=java.base/java.net=ALL-UNNAMED --add-opens=java.base/java.util.concurrent.atomic=ALL-UNNAMED -Xmx2048m -Dfile.encoding=UTF-8 -Duser.country=US -Duser.language=en -Duser.variant 
java_command: org.gradle.launcher.daemon.bootstrap.GradleDaemon 7.0.2
java_class_path (initial): C:\Users\hp\.gradle\wrapper\dists\gradle-7.0.2-bin\857tjihv64xamwrf0h14cai3r\gradle-7.0.2\lib\gradle-launcher-7.0.2.jar
Launcher Type: SUN_STANDARD

[Global flags]
     intx CICompilerCount                          = 2                                         {product} {ergonomic}
     uint ConcGCThreads                            = 1                                         {product} {ergonomic}
     uint G1ConcRefinementThreads                  = 2                                         {product} {ergonomic}
   size_t G1HeapRegionSize                         = 1048576                                   {product} {ergonomic}
    uintx GCDrainStackTargetSize                   = 64                                        {product} {ergonomic}
   size_t InitialHeapSize                          = 62914560                                  {product} {ergonomic}
   size_t MarkStackSize                            = 4194304                                   {product} {ergonomic}
   size_t MaxHeapSize                              = 2147483648                                {product} {command line}
   size_t MaxNewSize                               = 1287651328                                {product} {ergonomic}
   size_t MinHeapDeltaBytes                        = 1048576                                   {product} {ergonomic}
    uintx NonNMethodCodeHeapSize                   = 5825164                                {pd product} {ergonomic}
    uintx NonProfiledCodeHeapSize                  = 122916538                              {pd product} {ergonomic}
    uintx ProfiledCodeHeapSize                     = 122916538                              {pd product} {ergonomic}
    uintx ReservedCodeCacheSize                    = 251658240                              {pd product} {ergonomic}
     bool SegmentedCodeCache                       = true                                      {product} {ergonomic}
     bool UseCompressedClassPointers               = true                                 {lp64_product} {ergonomic}
     bool UseCompressedOops                        = true                                 {lp64_product} {ergonomic}
     bool UseG1GC                                  = true                                      {product} {ergonomic}
     bool UseLargePagesIndividualAllocation        = false                                  {pd product} {ergonomic}

Logging:
Log output configuration:
 #0: stdout all=warning uptime,level,tags
 #1: stderr all=off uptime,level,tags

Environment Variables:
JAVA_HOME=C:\JAVA\jdk1.8.0_202\
PATH=C:\Python310\Scripts\;C:\Python310\;C:\app\hp\product\21c\dbhomeXE\bin;C:\JAVA\jdk1.8.0_202\bin;C:\Program Files (x86)\Common Files\Oracle\Java\javapath;C:\Windows\system32;C:\Windows;C:\Windows\System32\Wbem;C:\Windows\System32\WindowsPowerShell\v1.0\;C:\Windows\System32\OpenSSH\;C:\Program Files\MongoDB\Server\5.0\bin;C:\Program Files\PuTTY\;C:\Users\hp\AppData\Local\Microsoft\WindowsApps;C:\Program Files\Java\jdk1.8.0_321\bin;C:\Program Files\MongoDB\Server\5.0\bin;C:\Users\hp\AppData\Local\Programs\Microsoft VS Code\bin
USERNAME=hp
OS=Windows_NT
PROCESSOR_IDENTIFIER=Intel64 Family 6 Model 122 Stepping 8, GenuineIntel



---------------  S Y S T E M  ---------------

OS: Windows 10 , 64 bit Build 19041 (10.0.19041.2364)
OS uptime: 0 days 4:17 hours

CPU:total 2 (initial active 2) (2 cores per cpu, 1 threads per core) family 6 model 122 stepping 8 microcode 0x16, cmov, cx8, fxsr, mmx, sse, sse2, sse3, ssse3, sse4.1, sse4.2, popcnt, aes, clmul, erms, 3dnowpref, tsc, tscinvbit, sha

Memory: 4k page, system-wide physical 3737M (183M free)
TotalPageFile size 10347M (AvailPageFile size 3M)
current process WorkingSet (physical memory assigned to process): 178M, peak: 178M
current process commit charge ("private bytes"): 274M, peak: 276M

vm_info: OpenJDK 64-Bit Server VM (11.0.13+0-b1751.21-8125866) for windows-amd64 JRE (11.0.13+0-b1751.21-8125866), built on Feb  2 2022 03:00:22 by "builder" with MS VC++ 14.0 (VS2015)

END.
