#
# There is insufficient memory for the Java Runtime Environment to continue.
# Native memory allocation (malloc) failed to allocate 555536 bytes for Chunk::new
# Possible reasons:
#   The system is out of physical RAM or swap space
#   The process is running with CompressedOops enabled, and the Java Heap may be blocking the growth of the native heap
# Possible solutions:
#   Reduce memory load on the system
#   Increase physical memory or swap space
#   Check if swap backing store is full
#   Decrease Java heap size (-Xmx/-Xms)
#   Decrease number of Java threads
#   Decrease Java thread stack sizes (-Xss)
#   Set larger code cache with -XX:ReservedCodeCacheSize=
#   JVM is running with Unscaled Compressed Oops mode in which the Java heap is
#     placed in the first 4GB address space. The Java Heap base address is the
#     maximum limit for the native heap growth. Please use -XX:HeapBaseMinAddress
#     to set the Java Heap base and to place the Java Heap above 4GB virtual address.
# This output file may be truncated or incomplete.
#
#  Out of Memory Error (./src/hotspot/share/memory/arena.cpp:197), pid=13888, tid=13828
#
# JRE version: OpenJDK Runtime Environment (11.0.13) (build 11.0.13+0-b1751.21-8125866)
# Java VM: OpenJDK 64-Bit Server VM (11.0.13+0-b1751.21-8125866, mixed mode, tiered, compressed oops, g1 gc, windows-amd64)
# No core dump will be written. Minidumps are not enabled by default on client versions of Windows
#

---------------  S U M M A R Y ------------

Command Line: --add-opens=java.base/java.util=ALL-UNNAMED --add-opens=java.base/java.lang=ALL-UNNAMED --add-opens=java.base/java.lang.invoke=ALL-UNNAMED --add-opens=java.base/java.util=ALL-UNNAMED --add-opens=java.prefs/java.util.prefs=ALL-UNNAMED --add-opens=java.prefs/java.util.prefs=ALL-UNNAMED --add-opens=java.base/java.nio.charset=ALL-UNNAMED --add-opens=java.base/java.net=ALL-UNNAMED --add-opens=java.base/java.util.concurrent.atomic=ALL-UNNAMED -Xmx2048m -Dfile.encoding=UTF-8 -Duser.country=US -Duser.language=en -Duser.variant org.gradle.launcher.daemon.bootstrap.GradleDaemon 7.0.2

Host: Intel(R) Celeron(R) N4020 CPU @ 1.10GHz, 2 cores, 3G,  Windows 10 , 64 bit Build 19041 (10.0.19041.2364)
Time: Thu Jan 26 17:09:04 2023 Malay Peninsula Standard Time elapsed time: 31.636010 seconds (0d 0h 0m 31s)

---------------  T H R E A D  ---------------

Current thread (0x00000235e19c3000):  JavaThread "C2 CompilerThread0" daemon [_thread_in_native, id=13828, stack(0x00000088af600000,0x00000088af700000)]


Current CompileTask:
C2:  31636 3798       4       java.lang.ClassLoader::defineClass (43 bytes)

Stack: [0x00000088af600000,0x00000088af700000]
Native frames: (J=compiled Java code, j=interpreted, Vv=VM code, C=native code)
V  [jvm.dll+0x6100fa]
V  [jvm.dll+0x747090]
V  [jvm.dll+0x7486ad]
V  [jvm.dll+0x748d83]
V  [jvm.dll+0x24ab48]
V  [jvm.dll+0xc04dc]
V  [jvm.dll+0xc0a0c]
V  [jvm.dll+0x35eb5b]
V  [jvm.dll+0x32b833]
V  [jvm.dll+0x32ad2a]
V  [jvm.dll+0x2032b2]
V  [jvm.dll+0x202437]
V  [jvm.dll+0x188e01]
V  [jvm.dll+0x21106b]
V  [jvm.dll+0x20f8c1]
V  [jvm.dll+0x70de0f]
V  [jvm.dll+0x706a75]
V  [jvm.dll+0x60ed66]
C  [ucrtbase.dll+0x21bb2]
C  [KERNEL32.DLL+0x17614]
C  [ntdll.dll+0x526a1]


---------------  P R O C E S S  ---------------

Threads class SMR info:
_java_thread_list=0x00000235e2c724a0, length=33, elements={
0x00000235c7aba000, 0x00000235e195e000, 0x00000235e1961000, 0x00000235e19bb800,
0x00000235e19bd800, 0x00000235e19c0000, 0x00000235e19c3000, 0x00000235e19d8000,
0x00000235e1b28800, 0x00000235e1c38800, 0x00000235e34c3800, 0x00000235e2f7f800,
0x00000235e2994800, 0x00000235e2995000, 0x00000235e3502800, 0x00000235e2de7800,
0x00000235e2de8000, 0x00000235e3586800, 0x00000235e2fb1000, 0x00000235e2fb2000,
0x00000235e1cf5000, 0x00000235e1cf6000, 0x00000235e1cf4800, 0x00000235e1cf1000,
0x00000235e1cf3800, 0x00000235e1cf2000, 0x00000235e1cf0000, 0x00000235e1cf6800,
0x00000235e1cf2800, 0x00000235e2d47800, 0x00000235e2d45000, 0x00000235e2d48000,
0x00000235e2d49000
}

Java Threads: ( => current thread )
  0x00000235c7aba000 JavaThread "main" [_thread_blocked, id=6112, stack(0x00000088aea00000,0x00000088aeb00000)]
  0x00000235e195e000 JavaThread "Reference Handler" daemon [_thread_blocked, id=15784, stack(0x00000088af100000,0x00000088af200000)]
  0x00000235e1961000 JavaThread "Finalizer" daemon [_thread_blocked, id=13440, stack(0x00000088af200000,0x00000088af300000)]
  0x00000235e19bb800 JavaThread "Signal Dispatcher" daemon [_thread_blocked, id=1424, stack(0x00000088af300000,0x00000088af400000)]
  0x00000235e19bd800 JavaThread "Attach Listener" daemon [_thread_blocked, id=368, stack(0x00000088af400000,0x00000088af500000)]
  0x00000235e19c0000 JavaThread "Service Thread" daemon [_thread_blocked, id=14048, stack(0x00000088af500000,0x00000088af600000)]
=>0x00000235e19c3000 JavaThread "C2 CompilerThread0" daemon [_thread_in_native, id=13828, stack(0x00000088af600000,0x00000088af700000)]
  0x00000235e19d8000 JavaThread "C1 CompilerThread0" daemon [_thread_blocked, id=11580, stack(0x00000088af700000,0x00000088af800000)]
  0x00000235e1b28800 JavaThread "Sweeper thread" daemon [_thread_blocked, id=9760, stack(0x00000088af800000,0x00000088af900000)]
  0x00000235e1c38800 JavaThread "Common-Cleaner" daemon [_thread_blocked, id=9160, stack(0x00000088af900000,0x00000088afa00000)]
  0x00000235e34c3800 JavaThread "Daemon health stats" [_thread_blocked, id=14828, stack(0x00000088afc00000,0x00000088afd00000)]
  0x00000235e2f7f800 JavaThread "Incoming local TCP Connector on port 52824" [_thread_in_native, id=15284, stack(0x00000088afd00000,0x00000088afe00000)]
  0x00000235e2994800 JavaThread "Daemon periodic checks" [_thread_blocked, id=14188, stack(0x00000088afe00000,0x00000088aff00000)]
  0x00000235e2995000 JavaThread "Daemon" [_thread_blocked, id=7956, stack(0x00000088aff00000,0x00000088b0000000)]
  0x00000235e3502800 JavaThread "Handler for socket connection from /127.0.0.1:52824 to /127.0.0.1:52825" [_thread_in_native, id=14092, stack(0x00000088b0000000,0x00000088b0100000)]
  0x00000235e2de7800 JavaThread "Cancel handler" [_thread_blocked, id=1164, stack(0x00000088b0100000,0x00000088b0200000)]
  0x00000235e2de8000 JavaThread "Daemon worker" [_thread_in_vm, id=15600, stack(0x00000088b0200000,0x00000088b0300000)]
  0x00000235e3586800 JavaThread "Asynchronous log dispatcher for DefaultDaemonConnection: socket connection from /127.0.0.1:52824 to /127.0.0.1:52825" [_thread_blocked, id=13904, stack(0x00000088b0300000,0x00000088b0400000)]
  0x00000235e2fb1000 JavaThread "Stdin handler" [_thread_blocked, id=17244, stack(0x00000088b0400000,0x00000088b0500000)]
  0x00000235e2fb2000 JavaThread "Daemon client event forwarder" [_thread_blocked, id=13036, stack(0x00000088b0500000,0x00000088b0600000)]
  0x00000235e1cf5000 JavaThread "Cache worker for file hash cache (C:\Users\hp\.gradle\caches\7.0.2\fileHashes)" [_thread_blocked, id=7472, stack(0x00000088b0600000,0x00000088b0700000)]
  0x00000235e1cf6000 JavaThread "File lock request listener" [_thread_in_native, id=4572, stack(0x00000088b0700000,0x00000088b0800000)]
  0x00000235e1cf4800 JavaThread "Cache worker for journal cache (C:\Users\hp\.gradle\caches\journal-1)" [_thread_blocked, id=9536, stack(0x00000088b0800000,0x00000088b0900000)]
  0x00000235e1cf1000 JavaThread "Cache worker for file hash cache (E:\SEMESTER 5\UAS MOBILE\carkus\.gradle\7.0.2\fileHashes)" [_thread_blocked, id=10580, stack(0x00000088b0900000,0x00000088b0a00000)]
  0x00000235e1cf3800 JavaThread "File watcher server" daemon [_thread_in_native, id=2672, stack(0x00000088b0a00000,0x00000088b0b00000)]
  0x00000235e1cf2000 JavaThread "File watcher consumer" daemon [_thread_blocked, id=10988, stack(0x00000088b0b00000,0x00000088b0c00000)]
  0x00000235e1cf0000 JavaThread "jar transforms" [_thread_blocked, id=9036, stack(0x00000088b0c00000,0x00000088b0d00000)]
  0x00000235e1cf6800 JavaThread "jar transforms Thread 2" [_thread_blocked, id=15116, stack(0x00000088b0d00000,0x00000088b0e00000)]
  0x00000235e1cf2800 JavaThread "Cache worker for checksums cache (E:\SEMESTER 5\UAS MOBILE\carkus\.gradle\checksums)" [_thread_blocked, id=16112, stack(0x00000088b0e00000,0x00000088b0f00000)]
  0x00000235e2d47800 JavaThread "Cache worker for cache directory md-supplier (C:\Users\hp\.gradle\caches\7.0.2\md-supplier)" [_thread_blocked, id=10652, stack(0x00000088b0f00000,0x00000088b1000000)]
  0x00000235e2d45000 JavaThread "Cache worker for cache directory md-rule (C:\Users\hp\.gradle\caches\7.0.2\md-rule)" [_thread_blocked, id=16392, stack(0x00000088b1000000,0x00000088b1100000)]
  0x00000235e2d48000 JavaThread "Cache worker for execution history cache (C:\Users\hp\.gradle\caches\7.0.2\executionHistory)" [_thread_blocked, id=14636, stack(0x00000088b1100000,0x00000088b1200000)]
  0x00000235e2d49000 JavaThread "Cache worker for file content cache (C:\Users\hp\.gradle\caches\7.0.2\fileContent)" [_thread_blocked, id=7724, stack(0x00000088b1200000,0x00000088b1300000)]

Other Threads:
  0x00000235e195a000 VMThread "VM Thread" [stack: 0x00000088af000000,0x00000088af100000] [id=13160]
  0x00000235e1c63800 WatcherThread [stack: 0x00000088afa00000,0x00000088afb00000] [id=13340]
  0x00000235c7ad2800 GCTaskThread "GC Thread#0" [stack: 0x00000088aeb00000,0x00000088aec00000] [id=2188]
  0x00000235e1d3e800 GCTaskThread "GC Thread#1" [stack: 0x00000088afb00000,0x00000088afc00000] [id=13372]
  0x00000235c7b05000 ConcurrentGCThread "G1 Main Marker" [stack: 0x00000088aec00000,0x00000088aed00000] [id=14912]
  0x00000235c7b06000 ConcurrentGCThread "G1 Conc#0" [stack: 0x00000088aed00000,0x00000088aee00000] [id=11448]
  0x00000235c7b45000 ConcurrentGCThread "G1 Refine#0" [stack: 0x00000088aee00000,0x00000088aef00000] [id=15152]
  0x00000235c7b46000 ConcurrentGCThread "G1 Young RemSet Sampling" [stack: 0x00000088aef00000,0x00000088af000000] [id=2964]

Threads with active compile tasks:
C2 CompilerThread0  31693 3798       4       java.lang.ClassLoader::defineClass (43 bytes)

VM state:not at safepoint (normal execution)

VM Mutex/Monitor currently owned by a thread: None

Heap address: 0x0000000080000000, size: 2048 MB, Compressed Oops mode: 32-bit
Narrow klass base: 0x0000000000000000, Narrow klass shift: 3
Compressed class space size: 1073741824 Address: 0x0000000100000000

Heap:
 garbage-first heap   total 73728K, used 60715K [0x0000000080000000, 0x0000000100000000)
  region size 1024K, 11 young (11264K), 1 survivors (1024K)
 Metaspace       used 42048K, capacity 43165K, committed 43312K, reserved 1087488K
  class space    used 5319K, capacity 5688K, committed 5760K, reserved 1048576K
Heap Regions: E=young(eden), S=young(survivor), O=old, HS=humongous(starts), HC=humongous(continues), CS=collection set, F=free, A=archive, TAMS=top-at-mark-start (previous, next)
|   0|0x0000000080000000, 0x0000000080100000, 0x0000000080100000|100%| O|  |TAMS 0x0000000080100000, 0x0000000080000000| Untracked 
|   1|0x0000000080100000, 0x0000000080200000, 0x0000000080200000|100%| O|  |TAMS 0x0000000080200000, 0x0000000080100000| Untracked 
|   2|0x0000000080200000, 0x0000000080300000, 0x0000000080300000|100%| O|  |TAMS 0x0000000080300000, 0x0000000080200000| Untracked 
|   3|0x0000000080300000, 0x0000000080400000, 0x0000000080400000|100%| O|  |TAMS 0x0000000080400000, 0x0000000080300000| Untracked 
|   4|0x0000000080400000, 0x0000000080500000, 0x0000000080500000|100%|HS|  |TAMS 0x0000000080500000, 0x0000000080400000| Complete 
|   5|0x0000000080500000, 0x0000000080600000, 0x0000000080600000|100%|HC|  |TAMS 0x0000000080600000, 0x0000000080500000| Complete 
|   6|0x0000000080600000, 0x0000000080700000, 0x0000000080700000|100%|HC|  |TAMS 0x0000000080700000, 0x0000000080600000| Complete 
|   7|0x0000000080700000, 0x0000000080800000, 0x0000000080800000|100%| O|  |TAMS 0x0000000080800000, 0x0000000080700000| Untracked 
|   8|0x0000000080800000, 0x0000000080900000, 0x0000000080900000|100%| O|  |TAMS 0x0000000080900000, 0x0000000080800000| Untracked 
|   9|0x0000000080900000, 0x0000000080a00000, 0x0000000080a00000|100%| O|  |TAMS 0x0000000080a00000, 0x0000000080900000| Untracked 
|  10|0x0000000080a00000, 0x0000000080b00000, 0x0000000080b00000|100%| O|  |TAMS 0x0000000080b00000, 0x0000000080a00000| Untracked 
|  11|0x0000000080b00000, 0x0000000080c00000, 0x0000000080c00000|100%| O|  |TAMS 0x0000000080c00000, 0x0000000080b00000| Untracked 
|  12|0x0000000080c00000, 0x0000000080d00000, 0x0000000080d00000|100%| O|  |TAMS 0x0000000080d00000, 0x0000000080c00000| Untracked 
|  13|0x0000000080d00000, 0x0000000080e00000, 0x0000000080e00000|100%| O|  |TAMS 0x0000000080e00000, 0x0000000080d00000| Untracked 
|  14|0x0000000080e00000, 0x0000000080f00000, 0x0000000080f00000|100%| O|  |TAMS 0x0000000080f00000, 0x0000000080e00000| Untracked 
|  15|0x0000000080f00000, 0x0000000081000000, 0x0000000081000000|100%|HS|  |TAMS 0x0000000081000000, 0x0000000080f00000| Complete 
|  16|0x0000000081000000, 0x0000000081100000, 0x0000000081100000|100%|HC|  |TAMS 0x0000000081100000, 0x0000000081000000| Complete 
|  17|0x0000000081100000, 0x0000000081200000, 0x0000000081200000|100%|HS|  |TAMS 0x0000000081200000, 0x0000000081100000| Complete 
|  18|0x0000000081200000, 0x0000000081300000, 0x0000000081300000|100%|HC|  |TAMS 0x0000000081300000, 0x0000000081200000| Complete 
|  19|0x0000000081300000, 0x0000000081400000, 0x0000000081400000|100%|HC|  |TAMS 0x0000000081400000, 0x0000000081300000| Complete 
|  20|0x0000000081400000, 0x0000000081500000, 0x0000000081500000|100%|HS|  |TAMS 0x0000000081500000, 0x0000000081400000| Complete 
|  21|0x0000000081500000, 0x0000000081600000, 0x0000000081600000|100%|HC|  |TAMS 0x0000000081600000, 0x0000000081500000| Complete 
|  22|0x0000000081600000, 0x0000000081700000, 0x0000000081700000|100%|HC|  |TAMS 0x0000000081700000, 0x0000000081600000| Complete 
|  23|0x0000000081700000, 0x0000000081800000, 0x0000000081800000|100%| O|  |TAMS 0x0000000081800000, 0x0000000081700000| Untracked 
|  24|0x0000000081800000, 0x0000000081900000, 0x0000000081900000|100%| O|  |TAMS 0x0000000081900000, 0x0000000081800000| Untracked 
|  25|0x0000000081900000, 0x0000000081a00000, 0x0000000081a00000|100%| O|  |TAMS 0x0000000081a00000, 0x0000000081900000| Untracked 
|  26|0x0000000081a00000, 0x0000000081b00000, 0x0000000081b00000|100%| O|  |TAMS 0x0000000081b00000, 0x0000000081a00000| Untracked 
|  27|0x0000000081b00000, 0x0000000081c00000, 0x0000000081c00000|100%|HS|  |TAMS 0x0000000081c00000, 0x0000000081b00000| Complete 
|  28|0x0000000081c00000, 0x0000000081d00000, 0x0000000081d00000|100%| O|  |TAMS 0x0000000081d00000, 0x0000000081c00000| Untracked 
|  29|0x0000000081d00000, 0x0000000081e00000, 0x0000000081e00000|100%| O|  |TAMS 0x0000000081e00000, 0x0000000081d00000| Untracked 
|  30|0x0000000081e00000, 0x0000000081f00000, 0x0000000081f00000|100%| O|  |TAMS 0x0000000081f00000, 0x0000000081e00000| Untracked 
|  31|0x0000000081f00000, 0x0000000082000000, 0x0000000082000000|100%| O|  |TAMS 0x0000000082000000, 0x0000000081f00000| Untracked 
|  32|0x0000000082000000, 0x0000000082100000, 0x0000000082100000|100%| O|  |TAMS 0x0000000082100000, 0x0000000082000000| Untracked 
|  33|0x0000000082100000, 0x0000000082200000, 0x0000000082200000|100%| O|  |TAMS 0x0000000082200000, 0x0000000082100000| Untracked 
|  34|0x0000000082200000, 0x0000000082300000, 0x0000000082300000|100%|HS|  |TAMS 0x0000000082300000, 0x0000000082200000| Complete 
|  35|0x0000000082300000, 0x0000000082400000, 0x0000000082400000|100%|HC|  |TAMS 0x0000000082400000, 0x0000000082300000| Complete 
|  36|0x0000000082400000, 0x0000000082500000, 0x0000000082500000|100%|HC|  |TAMS 0x0000000082500000, 0x0000000082400000| Complete 
|  37|0x0000000082500000, 0x0000000082600000, 0x0000000082600000|100%|HC|  |TAMS 0x0000000082600000, 0x0000000082500000| Complete 
|  38|0x0000000082600000, 0x0000000082700000, 0x0000000082700000|100%|HC|  |TAMS 0x0000000082700000, 0x0000000082600000| Complete 
|  39|0x0000000082700000, 0x0000000082800000, 0x0000000082800000|100%|HS|  |TAMS 0x0000000082800000, 0x0000000082700000| Complete 
|  40|0x0000000082800000, 0x0000000082900000, 0x0000000082900000|100%|HC|  |TAMS 0x0000000082900000, 0x0000000082800000| Complete 
|  41|0x0000000082900000, 0x0000000082a00000, 0x0000000082a00000|100%|HC|  |TAMS 0x0000000082a00000, 0x0000000082900000| Complete 
|  42|0x0000000082a00000, 0x0000000082b00000, 0x0000000082b00000|100%|HC|  |TAMS 0x0000000082b00000, 0x0000000082a00000| Complete 
|  43|0x0000000082b00000, 0x0000000082c00000, 0x0000000082c00000|100%| O|  |TAMS 0x0000000082c00000, 0x0000000082b00000| Untracked 
|  44|0x0000000082c00000, 0x0000000082d00000, 0x0000000082d00000|100%| O|  |TAMS 0x0000000082d00000, 0x0000000082c00000| Untracked 
|  45|0x0000000082d00000, 0x0000000082e00000, 0x0000000082e00000|100%| O|  |TAMS 0x0000000082e00000, 0x0000000082d00000| Untracked 
|  46|0x0000000082e00000, 0x0000000082f00000, 0x0000000082f00000|100%| O|  |TAMS 0x0000000082f00000, 0x0000000082e00000| Untracked 
|  47|0x0000000082f00000, 0x0000000083000000, 0x0000000083000000|100%| O|  |TAMS 0x0000000083000000, 0x0000000082f00000| Untracked 
|  48|0x0000000083000000, 0x00000000830a5600, 0x0000000083100000| 64%| O|  |TAMS 0x0000000083000000, 0x0000000083000000| Untracked 
|  49|0x0000000083100000, 0x0000000083100000, 0x0000000083200000|  0%| F|  |TAMS 0x0000000083100000, 0x0000000083100000| Untracked 
|  50|0x0000000083200000, 0x0000000083200000, 0x0000000083300000|  0%| F|  |TAMS 0x0000000083200000, 0x0000000083200000| Untracked 
|  51|0x0000000083300000, 0x0000000083400000, 0x0000000083400000|100%| O|  |TAMS 0x00000000833e9200, 0x0000000083300000| Untracked 
|  52|0x0000000083400000, 0x0000000083400000, 0x0000000083500000|  0%| F|  |TAMS 0x0000000083400000, 0x0000000083400000| Untracked 
|  53|0x0000000083500000, 0x0000000083500000, 0x0000000083600000|  0%| F|  |TAMS 0x0000000083500000, 0x0000000083500000| Untracked 
|  54|0x0000000083600000, 0x0000000083600000, 0x0000000083700000|  0%| F|  |TAMS 0x0000000083600000, 0x0000000083600000| Untracked 
|  55|0x0000000083700000, 0x0000000083700000, 0x0000000083800000|  0%| F|  |TAMS 0x0000000083700000, 0x0000000083700000| Untracked 
|  56|0x0000000083800000, 0x0000000083800000, 0x0000000083900000|  0%| F|  |TAMS 0x0000000083800000, 0x0000000083800000| Untracked 
|  57|0x0000000083900000, 0x0000000083900000, 0x0000000083a00000|  0%| F|  |TAMS 0x0000000083900000, 0x0000000083900000| Untracked 
|  58|0x0000000083a00000, 0x0000000083a00000, 0x0000000083b00000|  0%| F|  |TAMS 0x0000000083a00000, 0x0000000083a00000| Untracked 
|  59|0x0000000083b00000, 0x0000000083b00000, 0x0000000083c00000|  0%| F|  |TAMS 0x0000000083b00000, 0x0000000083b00000| Untracked 
|  60|0x0000000083c00000, 0x0000000083c00000, 0x0000000083d00000|  0%| F|  |TAMS 0x0000000083c00000, 0x0000000083c00000| Untracked 
|  61|0x0000000083d00000, 0x0000000083d78350, 0x0000000083e00000| 46%| E|  |TAMS 0x0000000083d00000, 0x0000000083d00000| Complete 
|  62|0x0000000083e00000, 0x0000000083ea58a0, 0x0000000083f00000| 64%| S|CS|TAMS 0x0000000083e00000, 0x0000000083e00000| Complete 
|  63|0x0000000083f00000, 0x0000000084000000, 0x0000000084000000|100%| E|CS|TAMS 0x0000000083f00000, 0x0000000083f00000| Complete 
|  64|0x0000000084000000, 0x0000000084100000, 0x0000000084100000|100%| E|CS|TAMS 0x0000000084000000, 0x0000000084000000| Complete 
|  65|0x0000000084100000, 0x0000000084200000, 0x0000000084200000|100%| E|CS|TAMS 0x0000000084100000, 0x0000000084100000| Complete 
|  66|0x0000000084200000, 0x0000000084300000, 0x0000000084300000|100%| E|CS|TAMS 0x0000000084200000, 0x0000000084200000| Complete 
|  67|0x0000000084300000, 0x0000000084400000, 0x0000000084400000|100%| E|CS|TAMS 0x0000000084300000, 0x0000000084300000| Complete 
|  68|0x0000000084400000, 0x0000000084500000, 0x0000000084500000|100%| E|CS|TAMS 0x0000000084400000, 0x0000000084400000| Complete 
|  69|0x0000000084500000, 0x0000000084600000, 0x0000000084600000|100%| E|CS|TAMS 0x0000000084500000, 0x0000000084500000| Complete 
|  70|0x0000000084600000, 0x0000000084700000, 0x0000000084700000|100%| E|CS|TAMS 0x0000000084600000, 0x0000000084600000| Complete 
|  71|0x0000000084700000, 0x0000000084800000, 0x0000000084800000|100%| E|CS|TAMS 0x0000000084700000, 0x0000000084700000| Complete 

Card table byte_map: [0x00000235da5e0000,0x00000235da9e0000] _byte_map_base: 0x00000235da1e0000

Marking Bits (Prev, Next): (CMBitMap*) 0x00000235c7afc568, (CMBitMap*) 0x00000235c7afc5a0
 Prev Bits: [0x00000235dade0000, 0x00000235dcde0000)
 Next Bits: [0x00000235dcde0000, 0x00000235dede0000)

Polling page: 0x00000235c5a10000

Metaspace:

Usage:
  Non-class:     36.60 MB capacity,    35.87 MB ( 98%) used,   643.55 KB (  2%) free+waste,   104.69 KB ( <1%) overhead. 
      Class:      5.55 MB capacity,     5.20 MB ( 94%) used,   317.91 KB (  6%) free+waste,    50.38 KB ( <1%) overhead. 
       Both:     42.15 MB capacity,    41.06 MB ( 97%) used,   961.46 KB (  2%) free+waste,   155.06 KB ( <1%) overhead. 

Virtual space:
  Non-class space:       38.00 MB reserved,      36.67 MB ( 97%) committed 
      Class space:        1.00 GB reserved,       5.63 MB ( <1%) committed 
             Both:        1.04 GB reserved,      42.30 MB (  4%) committed 

Chunk freelists:
   Non-Class:  11.00 KB
       Class:  8.00 KB
        Both:  19.00 KB

MaxMetaspaceSize: 17179869184.00 GB
CompressedClassSpaceSize: 1.00 GB
Initial GC threshold: 20.80 MB
Current GC threshold: 68.00 MB
CDS: off

CodeHeap 'non-profiled nmethods': size=120064Kb used=2009Kb max_used=2009Kb free=118054Kb
 bounds [0x00000235d30a0000, 0x00000235d3310000, 0x00000235da5e0000]
CodeHeap 'profiled nmethods': size=120000Kb used=8294Kb max_used=8294Kb free=111705Kb
 bounds [0x00000235cbb70000, 0x00000235cc390000, 0x00000235d30a0000]
CodeHeap 'non-nmethods': size=5696Kb used=2275Kb max_used=2309Kb free=3421Kb
 bounds [0x00000235cb5e0000, 0x00000235cb850000, 0x00000235cbb70000]
 total_blobs=4575 nmethods=3802 adapters=686
 compilation: enabled
              stopped_count=0, restarted_count=0
 full_count=0

Compilation events (20 events):
Event: 31.431 Thread 0x00000235e19c3000 nmethod 3792 0x00000235d3293910 code [0x00000235d3293aa0, 0x00000235d3293b18]
Event: 31.449 Thread 0x00000235e19c3000 3793  s    4       java.util.jar.JarFile::getInputStream (72 bytes)
Event: 31.478 Thread 0x00000235e19c3000 nmethod 3793 0x00000235d3293c10 code [0x00000235d3293de0, 0x00000235d32945a8]
Event: 31.488 Thread 0x00000235e19d8000 3794       1       org.gradle.internal.operations.BuildOperationDescriptor::getId (5 bytes)
Event: 31.488 Thread 0x00000235e19d8000 nmethod 3794 0x00000235d3294a90 code [0x00000235d3294c40, 0x00000235d3294cf8]
Event: 31.488 Thread 0x00000235e19d8000 3795       3       org.gradle.internal.logging.slf4j.OutputEventListenerBackedLogger::isDebugEnabled (5 bytes)
Event: 31.489 Thread 0x00000235e19d8000 nmethod 3795 0x00000235cc383f90 code [0x00000235cc384180, 0x00000235cc384568]
Event: 31.509 Thread 0x00000235e19c3000 3796       4       sun.net.www.ParseUtil::encodePath (41 bytes)
Event: 31.515 Thread 0x00000235e19c3000 nmethod 3796 0x00000235d3294d90 code [0x00000235d3294f40, 0x00000235d32951e8]
Event: 31.549 Thread 0x00000235e19c3000 3797       4       jdk.internal.org.objectweb.asm.Type::getArgumentsAndReturnSizes (151 bytes)
Event: 31.564 Thread 0x00000235e19c3000 nmethod 3797 0x00000235d3295490 code [0x00000235d32956a0, 0x00000235d3295ca0]
Event: 31.564 Thread 0x00000235e19c3000 3798       4       java.lang.ClassLoader::defineClass (43 bytes)
Event: 31.575 Thread 0x00000235e19d8000 3800       3       java.lang.invoke.LambdaFormEditor$Transform::inRange (36 bytes)
Event: 31.575 Thread 0x00000235e19d8000 nmethod 3800 0x00000235cc384710 code [0x00000235cc3848c0, 0x00000235cc384a18]
Event: 31.575 Thread 0x00000235e19d8000 3801       3       java.lang.invoke.LambdaFormEditor$Transform::<init> (28 bytes)
Event: 31.575 Thread 0x00000235e19d8000 nmethod 3801 0x00000235cc384a90 code [0x00000235cc384c60, 0x00000235cc384f48]
Event: 31.575 Thread 0x00000235e19d8000 3802       3       java.lang.invoke.LambdaFormEditor::getInCache (186 bytes)
Event: 31.576 Thread 0x00000235e19d8000 nmethod 3802 0x00000235cc385090 code [0x00000235cc385320, 0x00000235cc386268]
Event: 31.627 Thread 0x00000235e19d8000 3803       3       org.objectweb.asm.FieldWriter::<init> (69 bytes)
Event: 31.628 Thread 0x00000235e19d8000 nmethod 3803 0x00000235cc386610 code [0x00000235cc386820, 0x00000235cc386be8]

GC Heap History (20 events):
Event: 20.257 GC heap before
{Heap before GC invocations=18 (full 0):
 garbage-first heap   total 61440K, used 49164K [0x0000000080000000, 0x0000000100000000)
  region size 1024K, 7 young (7168K), 1 survivors (1024K)
 Metaspace       used 28593K, capacity 29395K, committed 29616K, reserved 1075200K
  class space    used 3759K, capacity 4040K, committed 4096K, reserved 1048576K
}
Event: 20.265 GC heap after
{Heap after GC invocations=19 (full 0):
 garbage-first heap   total 73728K, used 43336K [0x0000000080000000, 0x0000000100000000)
  region size 1024K, 1 young (1024K), 1 survivors (1024K)
 Metaspace       used 28593K, capacity 29395K, committed 29616K, reserved 1075200K
  class space    used 3759K, capacity 4040K, committed 4096K, reserved 1048576K
}
Event: 21.690 GC heap before
{Heap before GC invocations=20 (full 0):
 garbage-first heap   total 73728K, used 55624K [0x0000000080000000, 0x0000000100000000)
  region size 1024K, 13 young (13312K), 1 survivors (1024K)
 Metaspace       used 29839K, capacity 30722K, committed 30896K, reserved 1075200K
  class space    used 3958K, capacity 4248K, committed 4352K, reserved 1048576K
}
Event: 21.696 GC heap after
{Heap after GC invocations=21 (full 0):
 garbage-first heap   total 73728K, used 43673K [0x0000000080000000, 0x0000000100000000)
  region size 1024K, 1 young (1024K), 1 survivors (1024K)
 Metaspace       used 29839K, capacity 30722K, committed 30896K, reserved 1075200K
  class space    used 3958K, capacity 4248K, committed 4352K, reserved 1048576K
}
Event: 23.423 GC heap before
{Heap before GC invocations=21 (full 0):
 garbage-first heap   total 73728K, used 55961K [0x0000000080000000, 0x0000000100000000)
  region size 1024K, 13 young (13312K), 1 survivors (1024K)
 Metaspace       used 31837K, capacity 32729K, committed 32944K, reserved 1077248K
  class space    used 4262K, capacity 4578K, committed 4608K, reserved 1048576K
}
Event: 23.435 GC heap after
{Heap after GC invocations=22 (full 0):
 garbage-first heap   total 73728K, used 44416K [0x0000000080000000, 0x0000000100000000)
  region size 1024K, 2 young (2048K), 2 survivors (2048K)
 Metaspace       used 31837K, capacity 32729K, committed 32944K, reserved 1077248K
  class space    used 4262K, capacity 4578K, committed 4608K, reserved 1048576K
}
Event: 25.512 GC heap before
{Heap before GC invocations=23 (full 0):
 garbage-first heap   total 73728K, used 55680K [0x0000000080000000, 0x0000000100000000)
  region size 1024K, 14 young (14336K), 2 survivors (2048K)
 Metaspace       used 35987K, capacity 37017K, committed 37296K, reserved 1081344K
  class space    used 4649K, capacity 5026K, committed 5120K, reserved 1048576K
}
Event: 25.524 GC heap after
{Heap after GC invocations=24 (full 0):
 garbage-first heap   total 73728K, used 46178K [0x0000000080000000, 0x0000000100000000)
  region size 1024K, 2 young (2048K), 2 survivors (2048K)
 Metaspace       used 35987K, capacity 37017K, committed 37296K, reserved 1081344K
  class space    used 4649K, capacity 5026K, committed 5120K, reserved 1048576K
}
Event: 26.485 GC heap before
{Heap before GC invocations=24 (full 0):
 garbage-first heap   total 73728K, used 56418K [0x0000000080000000, 0x0000000100000000)
  region size 1024K, 13 young (13312K), 2 survivors (2048K)
 Metaspace       used 37399K, capacity 38523K, committed 38704K, reserved 1083392K
  class space    used 4779K, capacity 5142K, committed 5248K, reserved 1048576K
}
Event: 26.504 GC heap after
{Heap after GC invocations=25 (full 0):
 garbage-first heap   total 73728K, used 47954K [0x0000000080000000, 0x0000000100000000)
  region size 1024K, 2 young (2048K), 2 survivors (2048K)
 Metaspace       used 37399K, capacity 38523K, committed 38704K, reserved 1083392K
  class space    used 4779K, capacity 5142K, committed 5248K, reserved 1048576K
}
Event: 26.931 GC heap before
{Heap before GC invocations=26 (full 0):
 garbage-first heap   total 73728K, used 58194K [0x0000000080000000, 0x0000000100000000)
  region size 1024K, 12 young (12288K), 2 survivors (2048K)
 Metaspace       used 37399K, capacity 38523K, committed 38704K, reserved 1083392K
  class space    used 4779K, capacity 5142K, committed 5248K, reserved 1048576K
}
Event: 26.938 GC heap after
{Heap after GC invocations=27 (full 0):
 garbage-first heap   total 73728K, used 48717K [0x0000000080000000, 0x0000000100000000)
  region size 1024K, 2 young (2048K), 2 survivors (2048K)
 Metaspace       used 37399K, capacity 38523K, committed 38704K, reserved 1083392K
  class space    used 4779K, capacity 5142K, committed 5248K, reserved 1048576K
}
Event: 27.881 GC heap before
{Heap before GC invocations=27 (full 0):
 garbage-first heap   total 73728K, used 57933K [0x0000000080000000, 0x0000000100000000)
  region size 1024K, 12 young (12288K), 2 survivors (2048K)
 Metaspace       used 37922K, capacity 39060K, committed 39216K, reserved 1083392K
  class space    used 4831K, capacity 5211K, committed 5248K, reserved 1048576K
}
Event: 27.890 GC heap after
{Heap after GC invocations=28 (full 0):
 garbage-first heap   total 73728K, used 50305K [0x0000000080000000, 0x0000000100000000)
  region size 1024K, 2 young (2048K), 2 survivors (2048K)
 Metaspace       used 37922K, capacity 39060K, committed 39216K, reserved 1083392K
  class space    used 4831K, capacity 5211K, committed 5248K, reserved 1048576K
}
Event: 29.631 GC heap before
{Heap before GC invocations=29 (full 0):
 garbage-first heap   total 73728K, used 63617K [0x0000000080000000, 0x0000000100000000)
  region size 1024K, 12 young (12288K), 2 survivors (2048K)
 Metaspace       used 39740K, capacity 40797K, committed 40880K, reserved 1085440K
  class space    used 4970K, capacity 5341K, committed 5376K, reserved 1048576K
}
Event: 29.641 GC heap after
{Heap after GC invocations=30 (full 0):
 garbage-first heap   total 73728K, used 51036K [0x0000000080000000, 0x0000000100000000)
  region size 1024K, 1 young (1024K), 1 survivors (1024K)
 Metaspace       used 39740K, capacity 40797K, committed 40880K, reserved 1085440K
  class space    used 4970K, capacity 5341K, committed 5376K, reserved 1048576K
}
Event: 30.742 GC heap before
{Heap before GC invocations=30 (full 0):
 garbage-first heap   total 73728K, used 60252K [0x0000000080000000, 0x0000000100000000)
  region size 1024K, 11 young (11264K), 1 survivors (1024K)
 Metaspace       used 40692K, capacity 41735K, committed 41776K, reserved 1085440K
  class space    used 5121K, capacity 5485K, committed 5504K, reserved 1048576K
}
Event: 30.747 GC heap after
{Heap after GC invocations=31 (full 0):
 garbage-first heap   total 73728K, used 51298K [0x0000000080000000, 0x0000000100000000)
  region size 1024K, 2 young (2048K), 2 survivors (2048K)
 Metaspace       used 40692K, capacity 41735K, committed 41776K, reserved 1085440K
  class space    used 5121K, capacity 5485K, committed 5504K, reserved 1048576K
}
Event: 31.276 GC heap before
{Heap before GC invocations=32 (full 0):
 garbage-first heap   total 73728K, used 60514K [0x0000000080000000, 0x0000000100000000)
  region size 1024K, 11 young (11264K), 2 survivors (2048K)
 Metaspace       used 41324K, capacity 42342K, committed 42416K, reserved 1085440K
  class space    used 5209K, capacity 5561K, committed 5632K, reserved 1048576K
}
Event: 31.283 GC heap after
{Heap after GC invocations=33 (full 0):
 garbage-first heap   total 73728K, used 51499K [0x0000000080000000, 0x0000000100000000)
  region size 1024K, 1 young (1024K), 1 survivors (1024K)
 Metaspace       used 41324K, capacity 42342K, committed 42416K, reserved 1085440K
  class space    used 5209K, capacity 5561K, committed 5632K, reserved 1048576K
}

Deoptimization events (20 events):
Event: 29.423 Thread 0x00000235e1cf6800 Uncommon trap: trap_request=0xffffff4d fr.pc=0x00000235d31d4574 relative=0x00000000000004b4
Event: 29.423 Thread 0x00000235e1cf6800 Uncommon trap: reason=unstable_if action=reinterpret pc=0x00000235d31d4574 method=java.lang.StringLatin1.regionMatchesCI([BI[BII)Z @ 66 c2
Event: 29.423 Thread 0x00000235e1cf6800 DEOPT PACKING pc=0x00000235d31d4574 sp=0x00000088b0dfe3e0
Event: 29.423 Thread 0x00000235e1cf6800 DEOPT UNPACKING pc=0x00000235cb62a1a9 sp=0x00000088b0dfe258 mode 2
Event: 29.423 Thread 0x00000235e1cf6800 Uncommon trap: trap_request=0xffffff4d fr.pc=0x00000235d317cf5c relative=0x00000000000005fc
Event: 29.423 Thread 0x00000235e1cf6800 Uncommon trap: reason=unstable_if action=reinterpret pc=0x00000235d317cf5c method=java.lang.StringLatin1.regionMatchesCI([BI[BII)Z @ 66 c2
Event: 29.423 Thread 0x00000235e1cf6800 DEOPT PACKING pc=0x00000235d317cf5c sp=0x00000088b0dfe3d0
Event: 29.423 Thread 0x00000235e1cf6800 DEOPT UNPACKING pc=0x00000235cb62a1a9 sp=0x00000088b0dfe2d0 mode 2
Event: 29.436 Thread 0x00000235e1cf6800 Uncommon trap: trap_request=0xffffff4d fr.pc=0x00000235d317c1e8 relative=0x0000000000000428
Event: 29.436 Thread 0x00000235e1cf6800 Uncommon trap: reason=unstable_if action=reinterpret pc=0x00000235d317c1e8 method=java.lang.StringLatin1.regionMatchesCI([BI[BII)Z @ 66 c2
Event: 29.436 Thread 0x00000235e1cf6800 DEOPT PACKING pc=0x00000235d317c1e8 sp=0x00000088b0dfe2d0
Event: 29.436 Thread 0x00000235e1cf6800 DEOPT UNPACKING pc=0x00000235cb62a1a9 sp=0x00000088b0dfe260 mode 2
Event: 29.497 Thread 0x00000235e34c3800 Uncommon trap: trap_request=0xffffffbe fr.pc=0x00000235d32414f8 relative=0x00000000000004f8
Event: 29.497 Thread 0x00000235e34c3800 Uncommon trap: reason=profile_predicate action=maybe_recompile pc=0x00000235d32414f8 method=java.util.stream.ReferencePipeline.forEachWithCancel(Ljava/util/Spliterator;Ljava/util/stream/Sink;)Z @ 8 c2
Event: 29.497 Thread 0x00000235e34c3800 DEOPT PACKING pc=0x00000235d32414f8 sp=0x00000088afcfecd0
Event: 29.497 Thread 0x00000235e34c3800 DEOPT UNPACKING pc=0x00000235cb62a1a9 sp=0x00000088afcfec70 mode 2
Event: 30.779 Thread 0x00000235e2de8000 DEOPT PACKING pc=0x00000235cc295d2f sp=0x00000088b02f7550
Event: 30.779 Thread 0x00000235e2de8000 DEOPT UNPACKING pc=0x00000235cb62a93f sp=0x00000088b02f69d8 mode 0
Event: 31.373 Thread 0x00000235e2de8000 DEOPT PACKING pc=0x00000235cc1fad79 sp=0x00000088b02f82e0
Event: 31.373 Thread 0x00000235e2de8000 DEOPT UNPACKING pc=0x00000235cb62a93f sp=0x00000088b02f7828 mode 0

Classes redefined (0 events):
No events

Internal exceptions (20 events):
Event: 28.585 Thread 0x00000235e2de8000 Exception <a 'java/lang/ClassNotFoundException'{0x0000000084433f38}: groovy/lang/Closure$1Customizer> (0x0000000084433f38) thrown at [./src/hotspot/share/classfile/systemDictionary.cpp, line 231]
Event: 29.208 Thread 0x00000235e1cf6800 Exception <a 'sun/nio/fs/WindowsException'{0x00000000843126a0}> (0x00000000843126a0) thrown at [./src/hotspot/share/prims/jni.cpp, line 616]
Event: 29.494 Thread 0x00000235e1cf6800 Exception <a 'sun/nio/fs/WindowsException'{0x0000000084296e80}> (0x0000000084296e80) thrown at [./src/hotspot/share/prims/jni.cpp, line 616]
Event: 29.495 Thread 0x00000235e1cf6800 Exception <a 'sun/nio/fs/WindowsException'{0x0000000084297080}> (0x0000000084297080) thrown at [./src/hotspot/share/prims/jni.cpp, line 616]
Event: 29.521 Thread 0x00000235e2de8000 Exception <a 'java/lang/ClassNotFoundException'{0x0000000084124a68}: sync_studio_tooling53_ass7014kml1aph47a8moeuejhBeanInfo> (0x0000000084124a68) thrown at [./src/hotspot/share/classfile/systemDictionary.cpp, line 231]
Event: 29.522 Thread 0x00000235e2de8000 Exception <a 'java/lang/ClassNotFoundException'{0x0000000084130370}: sync_studio_tooling53_ass7014kml1aph47a8moeuejhCustomizer> (0x0000000084130370) thrown at [./src/hotspot/share/classfile/systemDictionary.cpp, line 231]
Event: 29.536 Thread 0x00000235e2de8000 Exception <a 'java/lang/ClassNotFoundException'{0x00000000841c1628}: org/gradle/internal/metaobject/ConfigureDelegateBeanInfo> (0x00000000841c1628) thrown at [./src/hotspot/share/classfile/systemDictionary.cpp, line 231]
Event: 29.537 Thread 0x00000235e2de8000 Exception <a 'java/lang/ClassNotFoundException'{0x00000000841e38e0}: org/gradle/internal/metaobject/ConfigureDelegateCustomizer> (0x00000000841e38e0) thrown at [./src/hotspot/share/classfile/systemDictionary.cpp, line 231]
Event: 29.549 Thread 0x00000235e2de8000 Exception <a 'java/lang/ClassNotFoundException'{0x00000000840547f0}: org/gradle/api/internal/initialization/DefaultScriptHandlerBeanInfo> (0x00000000840547f0) thrown at [./src/hotspot/share/classfile/systemDictionary.cpp, line 231]
Event: 29.550 Thread 0x00000235e2de8000 Exception <a 'java/lang/ClassNotFoundException'{0x000000008407ad30}: org/gradle/api/internal/initialization/DefaultScriptHandlerCustomizer> (0x000000008407ad30) thrown at [./src/hotspot/share/classfile/systemDictionary.cpp, line 231]
Event: 29.857 Thread 0x00000235e2de8000 Exception <a 'java/lang/ClassNotFoundException'{0x00000000842a8928}: org/gradle/api/internal/artifacts/dsl/dependencies/DefaultDependencyHandler_DecoratedBeanInfo> (0x00000000842a8928) thrown at [./src/hotspot/share/classfile/systemDictionary.cpp, line 231]
Event: 29.871 Thread 0x00000235e2de8000 Exception <a 'java/lang/ClassNotFoundException'{0x00000000842e2698}: org/gradle/api/internal/artifacts/dsl/dependencies/DefaultDependencyHandlerBeanInfo> (0x00000000842e2698) thrown at [./src/hotspot/share/classfile/systemDictionary.cpp, line 231]
Event: 29.873 Thread 0x00000235e2de8000 Exception <a 'java/lang/ClassNotFoundException'{0x000000008411cb18}: org/gradle/api/internal/artifacts/dsl/dependencies/DefaultDependencyHandlerCustomizer> (0x000000008411cb18) thrown at [./src/hotspot/share/classfile/systemDictionary.cpp, line 231]
Event: 29.886 Thread 0x00000235e2de8000 Exception <a 'java/lang/ClassNotFoundException'{0x0000000084180308}: org/gradle/api/internal/artifacts/dsl/dependencies/DefaultDependencyHandler_DecoratedCustomizer> (0x0000000084180308) thrown at [./src/hotspot/share/classfile/systemDictionary.cpp, line 231]
Event: 29.930 Thread 0x00000235e2de8000 Exception <a 'java/lang/NoSuchMethodError'{0x0000000084060a20}: 'int java.lang.invoke.DirectMethodHandle$Holder.invokeVirtual(java.lang.Object, java.lang.Object)'> (0x0000000084060a20) thrown at [./src/hotspot/share/interpreter/linkResolver.cpp, line 773]
Event: 29.961 Thread 0x00000235e2de8000 Exception <a 'java/lang/NoSuchMethodError'{0x0000000083f5efb0}: 'java.lang.Object java.lang.invoke.DirectMethodHandle$Holder.invokeStatic(java.lang.Object, java.lang.Object, int, java.lang.Object)'> (0x0000000083f5efb0) thrown at [./src/hotspot/share/interpreter/linkResolver.cpp, line 773]
Event: 29.961 Thread 0x00000235e2de8000 Exception <a 'java/lang/NoSuchMethodError'{0x0000000083f66220}: 'java.lang.Object java.lang.invoke.Invokers$Holder.linkToTargetMethod(java.lang.Object, int, java.lang.Object, java.lang.Object)'> (0x0000000083f66220) thrown at [./src/hotspot/share/interpreter/linkResolver.cpp, line 773]
Event: 31.360 Thread 0x00000235e2de8000 Exception <a 'java/lang/IncompatibleClassChangeError'{0x0000000084502170}: Found class java.lang.Object, but interface was expected> (0x0000000084502170) thrown at [./src/hotspot/share/interpreter/linkResolver.cpp, line 839]
Event: 31.438 Thread 0x00000235e2de8000 Exception <a 'java/lang/NoSuchMethodError'{0x00000000844bfeb8}: 'java.lang.Object java.lang.invoke.Invokers$Holder.linkToTargetMethod(java.lang.Object, int, java.lang.Object)'> (0x00000000844bfeb8) thrown at [./src/hotspot/share/interpreter/linkResolver.cpp, line 773]
Event: 31.574 Thread 0x00000235e2de8000 Exception <a 'java/lang/NoSuchMethodError'{0x00000000840f62d0}: 'int java.lang.invoke.DirectMethodHandle$Holder.invokeStaticInit(java.lang.Object)'> (0x00000000840f62d0) thrown at [./src/hotspot/share/interpreter/linkResolver.cpp, line 773]

Events (20 events):
Event: 31.579 loading class org/gradle/internal/operations/DefaultBuildOperationQueue$WorkerRunnable
Event: 31.579 loading class org/gradle/internal/operations/DefaultBuildOperationQueue$WorkerRunnable done
Event: 31.580 loading class org/gradle/api/internal/artifacts/result/DefaultResolvedArtifactResult
Event: 31.580 loading class org/gradle/api/internal/artifacts/result/DefaultResolvedArtifactResult done
Event: 31.581 loading class org/gradle/api/internal/artifacts/ResolveArtifactsBuildOperationType
Event: 31.581 loading class org/gradle/api/internal/artifacts/ResolveArtifactsBuildOperationType done
Event: 31.582 loading class org/gradle/internal/operations/BuildOperationType
Event: 31.582 loading class org/gradle/internal/operations/BuildOperationType done
Event: 31.582 loading class org/gradle/api/internal/artifacts/ResolveArtifactsBuildOperationType$Result
Event: 31.582 loading class org/gradle/api/internal/artifacts/ResolveArtifactsBuildOperationType$Result done
Event: 31.583 loading class org/gradle/api/internal/artifacts/ResolveArtifactsBuildOperationType$1
Event: 31.583 loading class org/gradle/api/internal/artifacts/ResolveArtifactsBuildOperationType$1 done
Event: 31.587 loading class org/gradle/composite/internal/CompositeProjectComponentArtifactMetadata
Event: 31.587 loading class org/gradle/composite/internal/CompositeProjectComponentArtifactMetadata done
Event: 31.625 loading class org/gradle/api/artifacts/ArtifactView$ViewConfiguration
Event: 31.625 loading class org/gradle/api/artifacts/ArtifactView$ViewConfiguration done
Event: 31.625 loading class org/gradle/api/artifacts/ArtifactView$ViewConfiguration
Event: 31.625 loading class org/gradle/api/artifacts/ArtifactView$ViewConfiguration done
Event: 31.625 loading class org/gradle/api/Action
Event: 31.625 loading class org/gradle/api/Action done


Dynamic libraries:
0x00007ff79e540000 - 0x00007ff79e54a000 	C:\Program Files\Android\Android Studio\jre\bin\java.exe
0x00007ffcced70000 - 0x00007ffccef68000 	C:\Windows\SYSTEM32\ntdll.dll
0x00007ffccd780000 - 0x00007ffccd83f000 	C:\Windows\System32\KERNEL32.DLL
0x00007ffccc900000 - 0x00007ffcccbd2000 	C:\Windows\System32\KERNELBASE.dll
0x00007ffcccc80000 - 0x00007ffcccd80000 	C:\Windows\System32\ucrtbase.dll
0x00007ffc9d300000 - 0x00007ffc9d319000 	C:\Program Files\Android\Android Studio\jre\bin\jli.dll
0x00007ffccdd70000 - 0x00007ffccdf11000 	C:\Windows\System32\USER32.dll
0x00007ffcccd80000 - 0x00007ffcccda2000 	C:\Windows\System32\win32u.dll
0x00007ffccdbd0000 - 0x00007ffccdbfb000 	C:\Windows\System32\GDI32.dll
0x00007ffccc610000 - 0x00007ffccc71f000 	C:\Windows\System32\gdi32full.dll
0x00007ffcccbe0000 - 0x00007ffcccc7d000 	C:\Windows\System32\msvcp_win.dll
0x00007ffcb9cf0000 - 0x00007ffcb9f8a000 	C:\Windows\WinSxS\amd64_microsoft.windows.common-controls_6595b64144ccf1df_6.0.19041.1110_none_60b5254171f9507e\COMCTL32.dll
0x00007ffccd8e0000 - 0x00007ffccd97e000 	C:\Windows\System32\msvcrt.dll
0x00007ffcb3350000 - 0x00007ffcb3367000 	C:\Program Files\Android\Android Studio\jre\bin\VCRUNTIME140.dll
0x00007ffccec40000 - 0x00007ffccec72000 	C:\Windows\System32\IMM32.DLL
0x00007ffc9bc50000 - 0x00007ffc9bced000 	C:\Program Files\Android\Android Studio\jre\bin\msvcp140.dll
0x00007ffc8bfd0000 - 0x00007ffc8cad2000 	C:\Program Files\Android\Android Studio\jre\bin\server\jvm.dll
0x00007ffccdc00000 - 0x00007ffccdcae000 	C:\Windows\System32\ADVAPI32.dll
0x00007ffccd840000 - 0x00007ffccd8dc000 	C:\Windows\System32\sechost.dll
0x00007ffccea40000 - 0x00007ffcceb65000 	C:\Windows\System32\RPCRT4.dll
0x00007ffccdcb0000 - 0x00007ffccdcb8000 	C:\Windows\System32\PSAPI.DLL
0x00007ffcaad90000 - 0x00007ffcaad99000 	C:\Windows\SYSTEM32\WSOCK32.dll
0x00007ffccdb60000 - 0x00007ffccdbcb000 	C:\Windows\System32\WS2_32.dll
0x00007ffcc2d10000 - 0x00007ffcc2d1a000 	C:\Windows\SYSTEM32\VERSION.dll
0x00007ffcb1260000 - 0x00007ffcb1287000 	C:\Windows\SYSTEM32\WINMM.dll
0x00007ffccad00000 - 0x00007ffccad12000 	C:\Windows\SYSTEM32\kernel.appcore.dll
0x00007ffcc45d0000 - 0x00007ffcc45e1000 	C:\Program Files\Android\Android Studio\jre\bin\verify.dll
0x00007ffcca9d0000 - 0x00007ffccabb4000 	C:\Windows\SYSTEM32\DBGHELP.DLL
0x00007ffcb7e40000 - 0x00007ffcb7e75000 	C:\Windows\SYSTEM32\dbgcore.DLL
0x00007ffccc580000 - 0x00007ffccc602000 	C:\Windows\System32\bcryptPrimitives.dll
0x00007ffc9b1e0000 - 0x00007ffc9b209000 	C:\Program Files\Android\Android Studio\jre\bin\java.dll
0x00007ffcb9090000 - 0x00007ffcb909b000 	C:\Program Files\Android\Android Studio\jre\bin\jimage.dll
0x00007ffc9c670000 - 0x00007ffc9c688000 	C:\Program Files\Android\Android Studio\jre\bin\zip.dll
0x00007ffcccdb0000 - 0x00007ffccd4f4000 	C:\Windows\System32\SHELL32.dll
0x00007ffcca160000 - 0x00007ffcca8f2000 	C:\Windows\SYSTEM32\windows.storage.dll
0x00007ffcce6e0000 - 0x00007ffccea35000 	C:\Windows\System32\combase.dll
0x00007ffccbe50000 - 0x00007ffccbe80000 	C:\Windows\SYSTEM32\Wldp.dll
0x00007ffccdcc0000 - 0x00007ffccdd6d000 	C:\Windows\System32\SHCORE.dll
0x00007ffcce680000 - 0x00007ffcce6d5000 	C:\Windows\System32\shlwapi.dll
0x00007ffccc3a0000 - 0x00007ffccc3bf000 	C:\Windows\SYSTEM32\profapi.dll
0x00007ffc9b1c0000 - 0x00007ffc9b1da000 	C:\Program Files\Android\Android Studio\jre\bin\net.dll
0x00007ffcba090000 - 0x00007ffcba19c000 	C:\Windows\SYSTEM32\WINHTTP.dll
0x00007ffccbbb0000 - 0x00007ffccbc1a000 	C:\Windows\system32\mswsock.dll
0x00007ffc9b1a0000 - 0x00007ffc9b1b4000 	C:\Program Files\Android\Android Studio\jre\bin\nio.dll
0x00007ffc943a0000 - 0x00007ffc943c7000 	C:\Users\hp\.gradle\native\8bec1ad78214c89d9ad589b4d07fe93259594b29d510b10fafb7a158f7737e5d\windows-amd64\native-platform.dll
0x00007ffc7f790000 - 0x00007ffc7f8cd000 	C:\Users\hp\.gradle\native\53dbd7edfb1c66fb8903c78663c9afc45aea4f116125fa6feffd364cf09443e8\windows-amd64\native-platform-file-events.dll
0x00007ffcc73d0000 - 0x00007ffcc73da000 	C:\Program Files\Android\Android Studio\jre\bin\management.dll
0x00007ffcc5ee0000 - 0x00007ffcc5eed000 	C:\Program Files\Android\Android Studio\jre\bin\management_ext.dll
0x00007ffccbdb0000 - 0x00007ffccbdc8000 	C:\Windows\SYSTEM32\CRYPTSP.dll
0x00007ffccb460000 - 0x00007ffccb494000 	C:\Windows\system32\rsaenh.dll
0x00007ffccc720000 - 0x00007ffccc747000 	C:\Windows\System32\bcrypt.dll
0x00007ffccc320000 - 0x00007ffccc34e000 	C:\Windows\SYSTEM32\USERENV.dll
0x00007ffccbda0000 - 0x00007ffccbdac000 	C:\Windows\SYSTEM32\CRYPTBASE.dll
0x00007ffccb830000 - 0x00007ffccb86b000 	C:\Windows\SYSTEM32\IPHLPAPI.DLL
0x00007ffcce050000 - 0x00007ffcce058000 	C:\Windows\System32\NSI.dll
0x00007ffcc2c80000 - 0x00007ffcc2c97000 	C:\Windows\SYSTEM32\dhcpcsvc6.DLL
0x00007ffcc2c60000 - 0x00007ffcc2c7d000 	C:\Windows\SYSTEM32\dhcpcsvc.DLL
0x00007ffccb870000 - 0x00007ffccb93a000 	C:\Windows\SYSTEM32\DNSAPI.dll

dbghelp: loaded successfully - version: 4.0.5 - missing functions: none
symbol engine: initialized successfully - sym options: 0x614 - pdb path: .;C:\Program Files\Android\Android Studio\jre\bin;C:\Windows\SYSTEM32;C:\Windows\WinSxS\amd64_microsoft.windows.common-controls_6595b64144ccf1df_6.0.19041.1110_none_60b5254171f9507e;C:\Program Files\Android\Android Studio\jre\bin\server;C:\Users\hp\.gradle\native\8bec1ad78214c89d9ad589b4d07fe93259594b29d510b10fafb7a158f7737e5d\windows-amd64;C:\Users\hp\.gradle\native\53dbd7edfb1c66fb8903c78663c9afc45aea4f116125fa6feffd364cf09443e8\windows-amd64

VM Arguments:
jvm_args: --add-opens=java.base/java.util=ALL-UNNAMED --add-opens=java.base/java.lang=ALL-UNNAMED --add-opens=java.base/java.lang.invoke=ALL-UNNAMED --add-opens=java.base/java.util=ALL-UNNAMED --add-opens=java.prefs/java.util.prefs=ALL-UNNAMED --add-opens=java.prefs/java.util.prefs=ALL-UNNAMED --add-opens=java.base/java.nio.charset=ALL-UNNAMED --add-opens=java.base/java.net=ALL-UNNAMED --add-opens=java.base/java.util.concurrent.atomic=ALL-UNNAMED -Xmx2048m -Dfile.encoding=UTF-8 -Duser.country=US -Duser.language=en -Duser.variant 
java_command: org.gradle.launcher.daemon.bootstrap.GradleDaemon 7.0.2
java_class_path (initial): C:\Users\hp\.gradle\wrapper\dists\gradle-7.0.2-bin\857tjihv64xamwrf0h14cai3r\gradle-7.0.2\lib\gradle-launcher-7.0.2.jar
Launcher Type: SUN_STANDARD

[Global flags]
     intx CICompilerCount                          = 2                                         {product} {ergonomic}
     uint ConcGCThreads                            = 1                                         {product} {ergonomic}
     uint G1ConcRefinementThreads                  = 2                                         {product} {ergonomic}
   size_t G1HeapRegionSize                         = 1048576                                   {product} {ergonomic}
    uintx GCDrainStackTargetSize                   = 64                                        {product} {ergonomic}
   size_t InitialHeapSize                          = 62914560                                  {product} {ergonomic}
   size_t MarkStackSize                            = 4194304                                   {product} {ergonomic}
   size_t MaxHeapSize                              = 2147483648                                {product} {command line}
   size_t MaxNewSize                               = 1287651328                                {product} {ergonomic}
   size_t MinHeapDeltaBytes                        = 1048576                                   {product} {ergonomic}
    uintx NonNMethodCodeHeapSize                   = 5825164                                {pd product} {ergonomic}
    uintx NonProfiledCodeHeapSize                  = 122916538                              {pd product} {ergonomic}
    uintx ProfiledCodeHeapSize                     = 122916538                              {pd product} {ergonomic}
    uintx ReservedCodeCacheSize                    = 251658240                              {pd product} {ergonomic}
     bool SegmentedCodeCache                       = true                                      {product} {ergonomic}
     bool UseCompressedClassPointers               = true                                 {lp64_product} {ergonomic}
     bool UseCompressedOops                        = true                                 {lp64_product} {ergonomic}
     bool UseG1GC                                  = true                                      {product} {ergonomic}
     bool UseLargePagesIndividualAllocation        = false                                  {pd product} {ergonomic}

Logging:
Log output configuration:
 #0: stdout all=warning uptime,level,tags
 #1: stderr all=off uptime,level,tags

Environment Variables:
JAVA_HOME=C:\JAVA\jdk1.8.0_202\
PATH=C:\Python310\Scripts\;C:\Python310\;C:\app\hp\product\21c\dbhomeXE\bin;C:\JAVA\jdk1.8.0_202\bin;C:\Program Files (x86)\Common Files\Oracle\Java\javapath;C:\Windows\system32;C:\Windows;C:\Windows\System32\Wbem;C:\Windows\System32\WindowsPowerShell\v1.0\;C:\Windows\System32\OpenSSH\;C:\Program Files\MongoDB\Server\5.0\bin;C:\Program Files\PuTTY\;C:\Users\hp\AppData\Local\Microsoft\WindowsApps;C:\Program Files\Java\jdk1.8.0_321\bin;C:\Program Files\MongoDB\Server\5.0\bin;C:\Users\hp\AppData\Local\Programs\Microsoft VS Code\bin
USERNAME=hp
OS=Windows_NT
PROCESSOR_IDENTIFIER=Intel64 Family 6 Model 122 Stepping 8, GenuineIntel



---------------  S Y S T E M  ---------------

OS: Windows 10 , 64 bit Build 19041 (10.0.19041.2364)
OS uptime: 0 days 4:19 hours

CPU:total 2 (initial active 2) (2 cores per cpu, 1 threads per core) family 6 model 122 stepping 8 microcode 0x16, cmov, cx8, fxsr, mmx, sse, sse2, sse3, ssse3, sse4.1, sse4.2, popcnt, aes, clmul, erms, 3dnowpref, tsc, tscinvbit, sha

Memory: 4k page, system-wide physical 3737M (172M free)
TotalPageFile size 10347M (AvailPageFile size 3M)
current process WorkingSet (physical memory assigned to process): 171M, peak: 184M
current process commit charge ("private bytes"): 221M, peak: 231M

vm_info: OpenJDK 64-Bit Server VM (11.0.13+0-b1751.21-8125866) for windows-amd64 JRE (11.0.13+0-b1751.21-8125866), built on Feb  2 2022 03:00:22 by "builder" with MS VC++ 14.0 (VS2015)

END.
