#
# There is insufficient memory for the Java Runtime Environment to continue.
# Native memory allocation (mmap) failed to map 23068672 bytes for Failed to commit area from 0x0000000086e00000 to 0x0000000088400000 of length 23068672.
# Possible reasons:
#   The system is out of physical RAM or swap space
#   The process is running with CompressedOops enabled, and the Java Heap may be blocking the growth of the native heap
# Possible solutions:
#   Reduce memory load on the system
#   Increase physical memory or swap space
#   Check if swap backing store is full
#   Decrease Java heap size (-Xmx/-Xms)
#   Decrease number of Java threads
#   Decrease Java thread stack sizes (-Xss)
#   Set larger code cache with -XX:ReservedCodeCacheSize=
#   JVM is running with Unscaled Compressed Oops mode in which the Java heap is
#     placed in the first 4GB address space. The Java Heap base address is the
#     maximum limit for the native heap growth. Please use -XX:HeapBaseMinAddress
#     to set the Java Heap base and to place the Java Heap above 4GB virtual address.
# This output file may be truncated or incomplete.
#
#  Out of Memory Error (./src/hotspot/os/windows/os_windows.cpp:3619), pid=17076, tid=3848
#
# JRE version: OpenJDK Runtime Environment (11.0.13) (build 11.0.13+0-b1751.21-8125866)
# Java VM: OpenJDK 64-Bit Server VM (11.0.13+0-b1751.21-8125866, mixed mode, tiered, compressed oops, g1 gc, windows-amd64)
# No core dump will be written. Minidumps are not enabled by default on client versions of Windows
#

---------------  S U M M A R Y ------------

Command Line: --add-opens=java.base/java.util=ALL-UNNAMED --add-opens=java.base/java.lang=ALL-UNNAMED --add-opens=java.base/java.lang.invoke=ALL-UNNAMED --add-opens=java.base/java.util=ALL-UNNAMED --add-opens=java.prefs/java.util.prefs=ALL-UNNAMED --add-opens=java.prefs/java.util.prefs=ALL-UNNAMED --add-opens=java.base/java.nio.charset=ALL-UNNAMED --add-opens=java.base/java.net=ALL-UNNAMED --add-opens=java.base/java.util.concurrent.atomic=ALL-UNNAMED -Xmx2048m -Dfile.encoding=UTF-8 -Duser.country=US -Duser.language=en -Duser.variant org.gradle.launcher.daemon.bootstrap.GradleDaemon 7.0.2

Host: Intel(R) Celeron(R) N4020 CPU @ 1.10GHz, 2 cores, 3G,  Windows 10 , 64 bit Build 19041 (10.0.19041.2364)
Time: Thu Jan 26 17:07:11 2023 Malay Peninsula Standard Time elapsed time: 20.355661 seconds (0d 0h 0m 20s)

---------------  T H R E A D  ---------------

Current thread (0x000002d7e59c4000):  VMThread "VM Thread" [stack: 0x000000defba00000,0x000000defbb00000] [id=3848]

Stack: [0x000000defba00000,0x000000defbb00000]
[error occurred during error reporting (printing stack bounds), id 0xc0000005, EXCEPTION_ACCESS_VIOLATION (0xc0000005) at pc=0x000002d7cf65113d]

Native frames: (J=compiled Java code, j=interpreted, Vv=VM code, C=native code)
V  [jvm.dll+0x6100fa]
V  [jvm.dll+0x747090]
V  [jvm.dll+0x7486ad]
V  [jvm.dll+0x748ce5]
V  [jvm.dll+0x748c9b]
V  [jvm.dll+0x60f224]
V  [jvm.dll+0x60f9b8]
C  [ntdll.dll+0xa241f]
C  [ntdll.dll+0x514a4]
C  [ntdll.dll+0xa0f4e]
C  0x000002d7cf65113d

VM_Operation (0x000000defccf42e0): G1CollectForAllocation, mode: safepoint, requested by thread 0x000002d7e7659800


---------------  P R O C E S S  ---------------

Threads class SMR info:
_java_thread_list=0x000002d7e7791030, length=33, elements={
0x000002d7cbb2a000, 0x000002d7e59cb000, 0x000002d7e59ce800, 0x000002d7e5a29800,
0x000002d7e5a2c000, 0x000002d7e5a2e000, 0x000002d7e5a31000, 0x000002d7e5a6b800,
0x000002d7e5b9d000, 0x000002d7e5c9f800, 0x000002d7e6b66000, 0x000002d7e7bad000,
0x000002d7e7614800, 0x000002d7e7615800, 0x000002d7e79ec000, 0x000002d7e772a000,
0x000002d7e7659800, 0x000002d7e765e800, 0x000002d7e7630800, 0x000002d7e7631800,
0x000002d7e777d000, 0x000002d7e7778000, 0x000002d7e777a800, 0x000002d7e777b800,
0x000002d7e777e000, 0x000002d7e777f000, 0x000002d7e777c800, 0x000002d7e7779000,
0x000002d7e777a000, 0x000002d7ea93b800, 0x000002d7ea939800, 0x000002d7ea938000,
0x000002d7ea93d000
}

Java Threads: ( => current thread )
  0x000002d7cbb2a000 JavaThread "main" [_thread_blocked, id=8812, stack(0x000000defb400000,0x000000defb500000)]
  0x000002d7e59cb000 JavaThread "Reference Handler" daemon [_thread_blocked, id=9524, stack(0x000000defbb00000,0x000000defbc00000)]
  0x000002d7e59ce800 JavaThread "Finalizer" daemon [_thread_blocked, id=16832, stack(0x000000defbc00000,0x000000defbd00000)]
  0x000002d7e5a29800 JavaThread "Signal Dispatcher" daemon [_thread_blocked, id=17284, stack(0x000000defbd00000,0x000000defbe00000)]
  0x000002d7e5a2c000 JavaThread "Attach Listener" daemon [_thread_blocked, id=11704, stack(0x000000defbe00000,0x000000defbf00000)]
  0x000002d7e5a2e000 JavaThread "Service Thread" daemon [_thread_blocked, id=1952, stack(0x000000defbf00000,0x000000defc000000)]
  0x000002d7e5a31000 JavaThread "C2 CompilerThread0" daemon [_thread_in_native, id=15768, stack(0x000000defc000000,0x000000defc100000)]
  0x000002d7e5a6b800 JavaThread "C1 CompilerThread0" daemon [_thread_blocked, id=13288, stack(0x000000defc100000,0x000000defc200000)]
  0x000002d7e5b9d000 JavaThread "Sweeper thread" daemon [_thread_blocked, id=6260, stack(0x000000defc200000,0x000000defc300000)]
  0x000002d7e5c9f800 JavaThread "Common-Cleaner" daemon [_thread_blocked, id=3992, stack(0x000000defc300000,0x000000defc400000)]
  0x000002d7e6b66000 JavaThread "Daemon health stats" [_thread_blocked, id=7732, stack(0x000000defc600000,0x000000defc700000)]
  0x000002d7e7bad000 JavaThread "Incoming local TCP Connector on port 52815" [_thread_in_native, id=5076, stack(0x000000defc700000,0x000000defc800000)]
  0x000002d7e7614800 JavaThread "Daemon periodic checks" [_thread_blocked, id=15484, stack(0x000000defc800000,0x000000defc900000)]
  0x000002d7e7615800 JavaThread "Daemon" [_thread_blocked, id=5548, stack(0x000000defc900000,0x000000defca00000)]
  0x000002d7e79ec000 JavaThread "Handler for socket connection from /127.0.0.1:52815 to /127.0.0.1:52816" [_thread_in_native, id=15852, stack(0x000000defca00000,0x000000defcb00000)]
  0x000002d7e772a000 JavaThread "Cancel handler" [_thread_blocked, id=16288, stack(0x000000defcb00000,0x000000defcc00000)]
  0x000002d7e7659800 JavaThread "Daemon worker" [_thread_blocked, id=3300, stack(0x000000defcc00000,0x000000defcd00000)]
  0x000002d7e765e800 JavaThread "Asynchronous log dispatcher for DefaultDaemonConnection: socket connection from /127.0.0.1:52815 to /127.0.0.1:52816" [_thread_blocked, id=16652, stack(0x000000defcd00000,0x000000defce00000)]
  0x000002d7e7630800 JavaThread "Stdin handler" [_thread_blocked, id=8800, stack(0x000000defce00000,0x000000defcf00000)]
  0x000002d7e7631800 JavaThread "Daemon client event forwarder" [_thread_blocked, id=9288, stack(0x000000defcf00000,0x000000defd000000)]
  0x000002d7e777d000 JavaThread "Cache worker for file hash cache (C:\Users\hp\.gradle\caches\7.0.2\fileHashes)" [_thread_blocked, id=1548, stack(0x000000defd000000,0x000000defd100000)]
  0x000002d7e7778000 JavaThread "File lock request listener" [_thread_in_native, id=1300, stack(0x000000defd100000,0x000000defd200000)]
  0x000002d7e777a800 JavaThread "Cache worker for journal cache (C:\Users\hp\.gradle\caches\journal-1)" [_thread_blocked, id=7236, stack(0x000000defd200000,0x000000defd300000)]
  0x000002d7e777b800 JavaThread "Cache worker for file hash cache (E:\SEMESTER 5\UAS MOBILE\carkus\.gradle\7.0.2\fileHashes)" [_thread_blocked, id=15424, stack(0x000000defd300000,0x000000defd400000)]
  0x000002d7e777e000 JavaThread "File watcher server" daemon [_thread_in_native, id=4480, stack(0x000000defd400000,0x000000defd500000)]
  0x000002d7e777f000 JavaThread "File watcher consumer" daemon [_thread_blocked, id=15588, stack(0x000000defd500000,0x000000defd600000)]
  0x000002d7e777c800 JavaThread "jar transforms" [_thread_blocked, id=2148, stack(0x000000defd600000,0x000000defd700000)]
  0x000002d7e7779000 JavaThread "jar transforms Thread 2" [_thread_blocked, id=15100, stack(0x000000defd700000,0x000000defd800000)]
  0x000002d7e777a000 JavaThread "Cache worker for checksums cache (E:\SEMESTER 5\UAS MOBILE\carkus\.gradle\checksums)" [_thread_blocked, id=16668, stack(0x000000defd800000,0x000000defd900000)]
  0x000002d7ea93b800 JavaThread "Cache worker for cache directory md-supplier (C:\Users\hp\.gradle\caches\7.0.2\md-supplier)" [_thread_blocked, id=13268, stack(0x000000defd900000,0x000000defda00000)]
  0x000002d7ea939800 JavaThread "Cache worker for cache directory md-rule (C:\Users\hp\.gradle\caches\7.0.2\md-rule)" [_thread_blocked, id=13368, stack(0x000000defda00000,0x000000defdb00000)]
  0x000002d7ea938000 JavaThread "Cache worker for execution history cache (C:\Users\hp\.gradle\caches\7.0.2\executionHistory)" [_thread_blocked, id=10212, stack(0x000000defdb00000,0x000000defdc00000)]
  0x000002d7ea93d000 JavaThread "Cache worker for file content cache (C:\Users\hp\.gradle\caches\7.0.2\fileContent)" [_thread_blocked, id=12892, stack(0x000000defdc00000,0x000000defdd00000)]

Other Threads:
=>0x000002d7e59c4000 VMThread "VM Thread" [stack: 0x000000defba00000,0x000000defbb00000] [id=3848]
  0x000002d7e5ccb000 WatcherThread [stack: 0x000000defc400000,0x000000defc500000] [id=8764]
  0x000002d7cbb42800 GCTaskThread "GC Thread#0" [stack: 0x000000defb500000,0x000000defb600000] [id=9964]
  0x000002d7e5d79000 GCTaskThread "GC Thread#1" [stack: 0x000000defc500000,0x000000defc600000] [id=16680]
  0x000002d7cbb75000 ConcurrentGCThread "G1 Main Marker" [stack: 0x000000defb600000,0x000000defb700000] [id=3448]
  0x000002d7cbb76000 ConcurrentGCThread "G1 Conc#0" [stack: 0x000000defb700000,0x000000defb800000] [id=4812]
  0x000002d7cbbb4000 ConcurrentGCThread "G1 Refine#0" [stack: 0x000000defb800000,0x000000defb900000] [id=5708]
  0x000002d7cbbb5000 ConcurrentGCThread "G1 Young RemSet Sampling" [stack: 0x000000defb900000,0x000000defba00000] [id=13356]

Threads with active compile tasks:
C2 CompilerThread0  20385 3919       4       groovy.lang.MetaClassImpl$1MOPIter::methodNameAction (325 bytes)

VM state:at safepoint (normal execution)

VM Mutex/Monitor currently owned by a thread:  ([mutex/lock_event])
[0x000002d7cbb273e0] Threads_lock - owner thread: 0x000002d7e59c4000
[0x000002d7cbb261e0] Heap_lock - owner thread: 0x000002d7e7659800

Heap address: 0x0000000080000000, size: 2048 MB, Compressed Oops mode: 32-bit
Narrow klass base: 0x0000000000000000, Narrow klass shift: 3
Compressed class space size: 1073741824 Address: 0x0000000100000000

Heap:
 garbage-first heap   total 135168K, used 63388K [0x0000000080000000, 0x0000000100000000)
  region size 1024K, 3 young (3072K), 3 survivors (3072K)
 Metaspace       used 42270K, capacity 43406K, committed 43568K, reserved 1087488K
  class space    used 5339K, capacity 5737K, committed 5760K, reserved 1048576K
Heap Regions: E=young(eden), S=young(survivor), O=old, HS=humongous(starts), HC=humongous(continues), CS=collection set, F=free, A=archive, TAMS=top-at-mark-start (previous, next)
|   0|0x0000000080000000, 0x0000000080100000, 0x0000000080100000|100%| O|  |TAMS 0x0000000080100000, 0x0000000080100000| Untracked 
|   1|0x0000000080100000, 0x0000000080200000, 0x0000000080200000|100%| O|  |TAMS 0x0000000080200000, 0x0000000080200000| Untracked 
|   2|0x0000000080200000, 0x0000000080300000, 0x0000000080300000|100%| O|  |TAMS 0x0000000080300000, 0x0000000080300000| Untracked 
|   3|0x0000000080300000, 0x0000000080400000, 0x0000000080400000|100%| O|  |TAMS 0x0000000080400000, 0x0000000080400000| Untracked 
|   4|0x0000000080400000, 0x0000000080500000, 0x0000000080500000|100%|HS|  |TAMS 0x0000000080500000, 0x0000000080500000| Complete 
|   5|0x0000000080500000, 0x0000000080600000, 0x0000000080600000|100%|HC|  |TAMS 0x0000000080600000, 0x0000000080600000| Complete 
|   6|0x0000000080600000, 0x0000000080700000, 0x0000000080700000|100%|HC|  |TAMS 0x0000000080700000, 0x0000000080700000| Complete 
|   7|0x0000000080700000, 0x0000000080800000, 0x0000000080800000|100%| O|  |TAMS 0x0000000080800000, 0x0000000080800000| Untracked 
|   8|0x0000000080800000, 0x0000000080900000, 0x0000000080900000|100%| O|  |TAMS 0x0000000080900000, 0x0000000080900000| Untracked 
|   9|0x0000000080900000, 0x0000000080a00000, 0x0000000080a00000|100%| O|  |TAMS 0x0000000080a00000, 0x0000000080a00000| Untracked 
|  10|0x0000000080a00000, 0x0000000080b00000, 0x0000000080b00000|100%| O|  |TAMS 0x0000000080b00000, 0x0000000080b00000| Untracked 
|  11|0x0000000080b00000, 0x0000000080c00000, 0x0000000080c00000|100%| O|  |TAMS 0x0000000080c00000, 0x0000000080c00000| Untracked 
|  12|0x0000000080c00000, 0x0000000080d00000, 0x0000000080d00000|100%| O|  |TAMS 0x0000000080d00000, 0x0000000080d00000| Untracked 
|  13|0x0000000080d00000, 0x0000000080e00000, 0x0000000080e00000|100%| O|  |TAMS 0x0000000080e00000, 0x0000000080e00000| Untracked 
|  14|0x0000000080e00000, 0x0000000080f00000, 0x0000000080f00000|100%| O|  |TAMS 0x0000000080f00000, 0x0000000080f00000| Untracked 
|  15|0x0000000080f00000, 0x0000000081000000, 0x0000000081000000|100%| O|  |TAMS 0x0000000081000000, 0x0000000081000000| Untracked 
|  16|0x0000000081000000, 0x0000000081100000, 0x0000000081100000|100%| O|  |TAMS 0x0000000081100000, 0x0000000081100000| Untracked 
|  17|0x0000000081100000, 0x0000000081200000, 0x0000000081200000|100%|HS|  |TAMS 0x0000000081200000, 0x0000000081200000| Complete 
|  18|0x0000000081200000, 0x0000000081300000, 0x0000000081300000|100%|HC|  |TAMS 0x0000000081300000, 0x0000000081300000| Complete 
|  19|0x0000000081300000, 0x0000000081400000, 0x0000000081400000|100%|HS|  |TAMS 0x0000000081400000, 0x0000000081400000| Complete 
|  20|0x0000000081400000, 0x0000000081500000, 0x0000000081500000|100%|HC|  |TAMS 0x0000000081500000, 0x0000000081500000| Complete 
|  21|0x0000000081500000, 0x0000000081600000, 0x0000000081600000|100%|HC|  |TAMS 0x0000000081600000, 0x0000000081600000| Complete 
|  22|0x0000000081600000, 0x0000000081700000, 0x0000000081700000|100%|HS|  |TAMS 0x0000000081700000, 0x0000000081700000| Complete 
|  23|0x0000000081700000, 0x0000000081800000, 0x0000000081800000|100%|HC|  |TAMS 0x0000000081800000, 0x0000000081800000| Complete 
|  24|0x0000000081800000, 0x0000000081900000, 0x0000000081900000|100%|HC|  |TAMS 0x0000000081900000, 0x0000000081900000| Complete 
|  25|0x0000000081900000, 0x0000000081a00000, 0x0000000081a00000|100%| O|  |TAMS 0x0000000081a00000, 0x0000000081a00000| Untracked 
|  26|0x0000000081a00000, 0x0000000081b00000, 0x0000000081b00000|100%|HS|  |TAMS 0x0000000081b00000, 0x0000000081b00000| Complete 
|  27|0x0000000081b00000, 0x0000000081c00000, 0x0000000081c00000|100%|HC|  |TAMS 0x0000000081c00000, 0x0000000081c00000| Complete 
|  28|0x0000000081c00000, 0x0000000081d00000, 0x0000000081d00000|100%|HC|  |TAMS 0x0000000081d00000, 0x0000000081d00000| Complete 
|  29|0x0000000081d00000, 0x0000000081e00000, 0x0000000081e00000|100%|HC|  |TAMS 0x0000000081e00000, 0x0000000081e00000| Complete 
|  30|0x0000000081e00000, 0x0000000081f00000, 0x0000000081f00000|100%|HC|  |TAMS 0x0000000081f00000, 0x0000000081f00000| Complete 
|  31|0x0000000081f00000, 0x0000000082000000, 0x0000000082000000|100%| O|  |TAMS 0x0000000082000000, 0x0000000082000000| Untracked 
|  32|0x0000000082000000, 0x0000000082100000, 0x0000000082100000|100%| O|  |TAMS 0x0000000082100000, 0x0000000082100000| Untracked 
|  33|0x0000000082100000, 0x0000000082200000, 0x0000000082200000|100%| O|  |TAMS 0x0000000082200000, 0x0000000082200000| Untracked 
|  34|0x0000000082200000, 0x0000000082300000, 0x0000000082300000|100%|HS|  |TAMS 0x0000000082300000, 0x0000000082300000| Complete 
|  35|0x0000000082300000, 0x0000000082400000, 0x0000000082400000|100%| O|  |TAMS 0x0000000082400000, 0x0000000082400000| Untracked 
|  36|0x0000000082400000, 0x0000000082500000, 0x0000000082500000|100%| O|  |TAMS 0x0000000082500000, 0x0000000082500000| Untracked 
|  37|0x0000000082500000, 0x0000000082600000, 0x0000000082600000|100%|HS|  |TAMS 0x0000000082600000, 0x0000000082600000| Complete 
|  38|0x0000000082600000, 0x0000000082700000, 0x0000000082700000|100%|HC|  |TAMS 0x0000000082700000, 0x0000000082700000| Complete 
|  39|0x0000000082700000, 0x0000000082800000, 0x0000000082800000|100%|HC|  |TAMS 0x0000000082800000, 0x0000000082800000| Complete 
|  40|0x0000000082800000, 0x0000000082900000, 0x0000000082900000|100%|HC|  |TAMS 0x0000000082900000, 0x0000000082900000| Complete 
|  41|0x0000000082900000, 0x0000000082a00000, 0x0000000082a00000|100%| O|  |TAMS 0x0000000082a00000, 0x0000000082a00000| Untracked 
|  42|0x0000000082a00000, 0x0000000082b00000, 0x0000000082b00000|100%| O|  |TAMS 0x0000000082b00000, 0x0000000082b00000| Untracked 
|  43|0x0000000082b00000, 0x0000000082c00000, 0x0000000082c00000|100%| O|  |TAMS 0x0000000082c00000, 0x0000000082c00000| Untracked 
|  44|0x0000000082c00000, 0x0000000082d00000, 0x0000000082d00000|100%| O|  |TAMS 0x0000000082d00000, 0x0000000082d00000| Untracked 
|  45|0x0000000082d00000, 0x0000000082e00000, 0x0000000082e00000|100%| O|  |TAMS 0x0000000082e00000, 0x0000000082e00000| Untracked 
|  46|0x0000000082e00000, 0x0000000082f00000, 0x0000000082f00000|100%| O|  |TAMS 0x0000000082f00000, 0x0000000082f00000| Untracked 
|  47|0x0000000082f00000, 0x0000000082fd4600, 0x0000000083000000| 82%| O|  |TAMS 0x0000000082f88400, 0x0000000082fd4600| Untracked 
|  48|0x0000000083000000, 0x0000000083100000, 0x0000000083100000|100%| O|  |TAMS 0x0000000083100000, 0x0000000083100000| Untracked 
|  49|0x0000000083100000, 0x0000000083200000, 0x0000000083200000|100%| O|  |TAMS 0x0000000083200000, 0x0000000083200000| Untracked 
|  50|0x0000000083200000, 0x0000000083300000, 0x0000000083300000|100%| O|  |TAMS 0x0000000083300000, 0x0000000083300000| Untracked 
|  51|0x0000000083300000, 0x0000000083400000, 0x0000000083400000|100%|HS|  |TAMS 0x0000000083400000, 0x0000000083400000| Complete 
|  52|0x0000000083400000, 0x0000000083500000, 0x0000000083500000|100%|HC|  |TAMS 0x0000000083500000, 0x0000000083500000| Complete 
|  53|0x0000000083500000, 0x0000000083600000, 0x0000000083600000|100%|HC|  |TAMS 0x0000000083600000, 0x0000000083600000| Complete 
|  54|0x0000000083600000, 0x0000000083700000, 0x0000000083700000|100%|HC|  |TAMS 0x0000000083700000, 0x0000000083700000| Complete 
|  55|0x0000000083700000, 0x0000000083800000, 0x0000000083800000|100%|HS|  |TAMS 0x0000000083800000, 0x0000000083800000| Complete 
|  56|0x0000000083800000, 0x0000000083900000, 0x0000000083900000|100%|HC|  |TAMS 0x0000000083900000, 0x0000000083900000| Complete 
|  57|0x0000000083900000, 0x0000000083a00000, 0x0000000083a00000|100%|HC|  |TAMS 0x0000000083a00000, 0x0000000083a00000| Complete 
|  58|0x0000000083a00000, 0x0000000083b00000, 0x0000000083b00000|100%|HS|  |TAMS 0x0000000083a00000, 0x0000000083b00000| Complete 
|  59|0x0000000083b00000, 0x0000000083c00000, 0x0000000083c00000|100%|HC|  |TAMS 0x0000000083b00000, 0x0000000083c00000| Complete 
|  60|0x0000000083c00000, 0x0000000083c00000, 0x0000000083d00000|  0%| F|  |TAMS 0x0000000083c00000, 0x0000000083c00000| Untracked 
|  61|0x0000000083d00000, 0x0000000083d00000, 0x0000000083e00000|  0%| F|  |TAMS 0x0000000083d00000, 0x0000000083d00000| Untracked 
|  62|0x0000000083e00000, 0x0000000083e00000, 0x0000000083f00000|  0%| F|  |TAMS 0x0000000083e00000, 0x0000000083e00000| Untracked 
|  63|0x0000000083f00000, 0x0000000083f00000, 0x0000000084000000|  0%| F|  |TAMS 0x0000000083f00000, 0x0000000083f00000| Untracked 
|  64|0x0000000084000000, 0x0000000084000000, 0x0000000084100000|  0%| F|  |TAMS 0x0000000084000000, 0x0000000084000000| Untracked 
|  65|0x0000000084100000, 0x0000000084100000, 0x0000000084200000|  0%| F|  |TAMS 0x0000000084100000, 0x0000000084100000| Untracked 
|  66|0x0000000084200000, 0x0000000084200000, 0x0000000084300000|  0%| F|  |TAMS 0x0000000084200000, 0x0000000084200000| Untracked 
|  67|0x0000000084300000, 0x0000000084300000, 0x0000000084400000|  0%| F|  |TAMS 0x0000000084300000, 0x0000000084300000| Untracked 
|  68|0x0000000084400000, 0x0000000084400000, 0x0000000084500000|  0%| F|  |TAMS 0x0000000084400000, 0x0000000084400000| Untracked 
|  69|0x0000000084500000, 0x0000000084500000, 0x0000000084600000|  0%| F|  |TAMS 0x0000000084500000, 0x0000000084500000| Untracked 
|  70|0x0000000084600000, 0x0000000084600000, 0x0000000084700000|  0%| F|  |TAMS 0x0000000084600000, 0x0000000084600000| Untracked 
|  71|0x0000000084700000, 0x0000000084700000, 0x0000000084800000|  0%| F|  |TAMS 0x0000000084700000, 0x0000000084700000| Untracked 
|  72|0x0000000084800000, 0x0000000084800000, 0x0000000084900000|  0%| F|  |TAMS 0x0000000084800000, 0x0000000084800000| Untracked 
|  73|0x0000000084900000, 0x0000000084900000, 0x0000000084a00000|  0%| F|  |TAMS 0x0000000084900000, 0x0000000084900000| Untracked 
|  74|0x0000000084a00000, 0x0000000084a00000, 0x0000000084b00000|  0%| F|  |TAMS 0x0000000084a00000, 0x0000000084a00000| Untracked 
|  75|0x0000000084b00000, 0x0000000084b00000, 0x0000000084c00000|  0%| F|  |TAMS 0x0000000084b00000, 0x0000000084b00000| Untracked 
|  76|0x0000000084c00000, 0x0000000084c00000, 0x0000000084d00000|  0%| F|  |TAMS 0x0000000084c00000, 0x0000000084c00000| Untracked 
|  77|0x0000000084d00000, 0x0000000084d00000, 0x0000000084e00000|  0%| F|  |TAMS 0x0000000084d00000, 0x0000000084d00000| Untracked 
|  78|0x0000000084e00000, 0x0000000084e00000, 0x0000000084f00000|  0%| F|  |TAMS 0x0000000084e00000, 0x0000000084e00000| Untracked 
|  79|0x0000000084f00000, 0x0000000084f00000, 0x0000000085000000|  0%| F|  |TAMS 0x0000000084f00000, 0x0000000084f00000| Untracked 
|  80|0x0000000085000000, 0x0000000085000000, 0x0000000085100000|  0%| F|  |TAMS 0x0000000085000000, 0x0000000085000000| Untracked 
|  81|0x0000000085100000, 0x0000000085100000, 0x0000000085200000|  0%| F|  |TAMS 0x0000000085100000, 0x0000000085100000| Untracked 
|  82|0x0000000085200000, 0x0000000085200000, 0x0000000085300000|  0%| F|  |TAMS 0x0000000085200000, 0x0000000085200000| Untracked 
|  83|0x0000000085300000, 0x0000000085300000, 0x0000000085400000|  0%| F|  |TAMS 0x0000000085300000, 0x0000000085300000| Untracked 
|  84|0x0000000085400000, 0x0000000085400000, 0x0000000085500000|  0%| F|  |TAMS 0x0000000085400000, 0x0000000085400000| Untracked 
|  85|0x0000000085500000, 0x0000000085500000, 0x0000000085600000|  0%| F|  |TAMS 0x0000000085500000, 0x0000000085500000| Untracked 
|  86|0x0000000085600000, 0x0000000085600000, 0x0000000085700000|  0%| F|  |TAMS 0x0000000085600000, 0x0000000085600000| Untracked 
|  87|0x0000000085700000, 0x0000000085700000, 0x0000000085800000|  0%| F|  |TAMS 0x0000000085700000, 0x0000000085700000| Untracked 
|  88|0x0000000085800000, 0x0000000085800000, 0x0000000085900000|  0%| F|  |TAMS 0x0000000085800000, 0x0000000085800000| Untracked 
|  89|0x0000000085900000, 0x0000000085900000, 0x0000000085a00000|  0%| F|  |TAMS 0x0000000085900000, 0x0000000085900000| Untracked 
|  90|0x0000000085a00000, 0x0000000085a00000, 0x0000000085b00000|  0%| F|  |TAMS 0x0000000085a00000, 0x0000000085a00000| Untracked 
|  91|0x0000000085b00000, 0x0000000085b00000, 0x0000000085c00000|  0%| F|  |TAMS 0x0000000085b00000, 0x0000000085b00000| Untracked 
|  92|0x0000000085c00000, 0x0000000085c00000, 0x0000000085d00000|  0%| F|  |TAMS 0x0000000085c00000, 0x0000000085c00000| Untracked 
|  93|0x0000000085d00000, 0x0000000085d00000, 0x0000000085e00000|  0%| F|  |TAMS 0x0000000085d00000, 0x0000000085d00000| Untracked 
|  94|0x0000000085e00000, 0x0000000085e00000, 0x0000000085f00000|  0%| F|  |TAMS 0x0000000085e00000, 0x0000000085e00000| Untracked 
|  95|0x0000000085f00000, 0x0000000085f00000, 0x0000000086000000|  0%| F|  |TAMS 0x0000000085f00000, 0x0000000085f00000| Untracked 
|  96|0x0000000086000000, 0x0000000086000000, 0x0000000086100000|  0%| F|  |TAMS 0x0000000086000000, 0x0000000086000000| Untracked 
|  97|0x0000000086100000, 0x0000000086100000, 0x0000000086200000|  0%| F|  |TAMS 0x0000000086100000, 0x0000000086100000| Untracked 
|  98|0x0000000086200000, 0x0000000086200000, 0x0000000086300000|  0%| F|  |TAMS 0x0000000086200000, 0x0000000086200000| Untracked 
|  99|0x0000000086300000, 0x0000000086300000, 0x0000000086400000|  0%| F|  |TAMS 0x0000000086300000, 0x0000000086300000| Untracked 
| 100|0x0000000086400000, 0x0000000086400000, 0x0000000086500000|  0%| F|  |TAMS 0x0000000086400000, 0x0000000086400000| Untracked 
| 101|0x0000000086500000, 0x0000000086500000, 0x0000000086600000|  0%| F|  |TAMS 0x0000000086500000, 0x0000000086500000| Untracked 
| 102|0x0000000086600000, 0x0000000086600000, 0x0000000086700000|  0%| F|  |TAMS 0x0000000086600000, 0x0000000086600000| Untracked 
| 103|0x0000000086700000, 0x0000000086700000, 0x0000000086800000|  0%| F|  |TAMS 0x0000000086700000, 0x0000000086700000| Untracked 
| 104|0x0000000086800000, 0x0000000086800000, 0x0000000086900000|  0%| F|  |TAMS 0x0000000086800000, 0x0000000086800000| Untracked 
| 105|0x0000000086900000, 0x0000000086900000, 0x0000000086a00000|  0%| F|  |TAMS 0x0000000086900000, 0x0000000086900000| Untracked 
| 106|0x0000000086a00000, 0x0000000086a12cd0, 0x0000000086b00000|  7%| S|CS|TAMS 0x0000000086a00000, 0x0000000086a00000| Complete 
| 107|0x0000000086b00000, 0x0000000086c00000, 0x0000000086c00000|100%| S|CS|TAMS 0x0000000086b00000, 0x0000000086b00000| Complete 
| 108|0x0000000086c00000, 0x0000000086d00000, 0x0000000086d00000|100%| S|CS|TAMS 0x0000000086c00000, 0x0000000086c00000| Complete 
| 109|0x0000000086d00000, 0x0000000086d00000, 0x0000000086e00000|  0%| F|  |TAMS 0x0000000086d00000, 0x0000000086d00000| Untracked 

Card table byte_map: [0x000002d7de650000,0x000002d7dea50000] _byte_map_base: 0x000002d7de250000

Marking Bits (Prev, Next): (CMBitMap*) 0x000002d7cbb6c670, (CMBitMap*) 0x000002d7cbb6c638
 Prev Bits: [0x000002d7e0e50000, 0x000002d7e2e50000)
 Next Bits: [0x000002d7dee50000, 0x000002d7e0e50000)

Polling page: 0x000002d7c9ab0000

Metaspace:

Usage:
  Non-class:     36.79 MB capacity,    36.06 MB ( 98%) used,   632.80 KB (  2%) free+waste,   106.00 KB ( <1%) overhead. 
      Class:      5.60 MB capacity,     5.21 MB ( 93%) used,   345.98 KB (  6%) free+waste,    51.13 KB ( <1%) overhead. 
       Both:     42.39 MB capacity,    41.28 MB ( 97%) used,   978.78 KB (  2%) free+waste,   157.13 KB ( <1%) overhead. 

Virtual space:
  Non-class space:       38.00 MB reserved,      36.92 MB ( 97%) committed 
      Class space:        1.00 GB reserved,       5.63 MB ( <1%) committed 
             Both:        1.04 GB reserved,      42.55 MB (  4%) committed 

Chunk freelists:
   Non-Class:  11.00 KB
       Class:  23.00 KB
        Both:  34.00 KB

MaxMetaspaceSize: 17179869184.00 GB
CompressedClassSpaceSize: 1.00 GB
Initial GC threshold: 20.80 MB
Current GC threshold: 70.91 MB
CDS: off

CodeHeap 'non-profiled nmethods': size=120064Kb used=2048Kb max_used=2048Kb free=118015Kb
 bounds [0x000002d7d7110000, 0x000002d7d7380000, 0x000002d7de650000]
CodeHeap 'profiled nmethods': size=120000Kb used=8530Kb max_used=8530Kb free=111469Kb
 bounds [0x000002d7cfbe0000, 0x000002d7d0440000, 0x000002d7d7110000]
CodeHeap 'non-nmethods': size=5696Kb used=2273Kb max_used=2312Kb free=3422Kb
 bounds [0x000002d7cf650000, 0x000002d7cf8c0000, 0x000002d7cfbe0000]
 total_blobs=4682 nmethods=3909 adapters=686
 compilation: enabled
              stopped_count=0, restarted_count=0
 full_count=0

Compilation events (20 events):
Event: 19.862 Thread 0x000002d7e5a6b800 nmethod 3913 0x000002d7d042d410 code [0x000002d7d042d5c0, 0x000002d7d042d758]
Event: 19.862 Thread 0x000002d7e5a6b800 3914       3       org.codehaus.groovy.runtime.metaclass.MetaMethodIndex::getHeader (38 bytes)
Event: 19.863 Thread 0x000002d7e5a6b800 nmethod 3914 0x000002d7d042d890 code [0x000002d7d042da80, 0x000002d7d042e078]
Event: 19.863 Thread 0x000002d7e5a31000 3915       4       org.codehaus.groovy.runtime.metaclass.MetaMethodIndex::getOrPutMethods (184 bytes)
Event: 19.883 Thread 0x000002d7e5a6b800 3917       1       groovy.lang.MetaClassImpl$MethodIndexAction::skipClass (2 bytes)
Event: 19.884 Thread 0x000002d7e5a6b800 nmethod 3917 0x000002d7d730eb90 code [0x000002d7d730ed40, 0x000002d7d730edf8]
Event: 19.885 Thread 0x000002d7e5a6b800 3920       3       com.sun.beans.util.Cache$Kind$Soft::getReferent (5 bytes)
Event: 19.886 Thread 0x000002d7e5a6b800 nmethod 3920 0x000002d7d042e290 code [0x000002d7d042e440, 0x000002d7d042e6d8]
Event: 19.886 Thread 0x000002d7e5a6b800 3921       3       groovy.lang.MetaClassImpl$$Lambda$306/0x000000010049f840::apply (8 bytes)
Event: 19.887 Thread 0x000002d7e5a6b800 nmethod 3921 0x000002d7d042e790 code [0x000002d7d042e960, 0x000002d7d042ed28]
Event: 19.887 Thread 0x000002d7e5a6b800 3922       3       org.codehaus.groovy.util.ComplexKeyHashMap::getEntrySetIterator (9 bytes)
Event: 19.887 Thread 0x000002d7e5a6b800 nmethod 3922 0x000002d7d042ee90 code [0x000002d7d042f040, 0x000002d7d042f1c8]
Event: 19.887 Thread 0x000002d7e5a6b800 3923       3       org.codehaus.groovy.reflection.CachedField::getModifiers (8 bytes)
Event: 19.887 Thread 0x000002d7e5a6b800 nmethod 3923 0x000002d7d042f290 code [0x000002d7d042f440, 0x000002d7d042f558]
Event: 19.891 Thread 0x000002d7e5a31000 nmethod 3915 0x000002d7d730ee90 code [0x000002d7d730f060, 0x000002d7d730fbf8]
Event: 19.891 Thread 0x000002d7e5a31000 3919       4       groovy.lang.MetaClassImpl$1MOPIter::methodNameAction (325 bytes)
Event: 20.206 Thread 0x000002d7e5a6b800 3924       3       sun.nio.fs.WindowsFileSystemProvider::getFileAttributeView (132 bytes)
Event: 20.207 Thread 0x000002d7e5a6b800 nmethod 3924 0x000002d7d042f610 code [0x000002d7d042f940, 0x000002d7d0430d68]
Event: 20.332 Thread 0x000002d7e5a6b800 3925   !   3       sun.nio.fs.WindowsFileAttributes::get (214 bytes)
Event: 20.335 Thread 0x000002d7e5a6b800 nmethod 3925 0x000002d7d0431390 code [0x000002d7d04318a0, 0x000002d7d0433938]

GC Heap History (20 events):
Event: 15.521 GC heap after
{Heap after GC invocations=29 (full 0):
 garbage-first heap   total 73728K, used 46887K [0x0000000080000000, 0x0000000100000000)
  region size 1024K, 2 young (2048K), 2 survivors (2048K)
 Metaspace       used 35607K, capacity 36651K, committed 36656K, reserved 1081344K
  class space    used 4602K, capacity 4988K, committed 4992K, reserved 1048576K
}
Event: 16.123 GC heap before
{Heap before GC invocations=29 (full 0):
 garbage-first heap   total 73728K, used 57127K [0x0000000080000000, 0x0000000100000000)
  region size 1024K, 13 young (13312K), 2 survivors (2048K)
 Metaspace       used 37393K, capacity 38465K, committed 38704K, reserved 1083392K
  class space    used 4771K, capacity 5142K, committed 5248K, reserved 1048576K
}
Event: 16.135 GC heap after
{Heap after GC invocations=30 (full 0):
 garbage-first heap   total 73728K, used 48399K [0x0000000080000000, 0x0000000100000000)
  region size 1024K, 2 young (2048K), 2 survivors (2048K)
 Metaspace       used 37393K, capacity 38465K, committed 38704K, reserved 1083392K
  class space    used 4771K, capacity 5142K, committed 5248K, reserved 1048576K
}
Event: 16.711 GC heap before
{Heap before GC invocations=31 (full 0):
 garbage-first heap   total 73728K, used 58639K [0x0000000080000000, 0x0000000100000000)
  region size 1024K, 12 young (12288K), 2 survivors (2048K)
 Metaspace       used 37393K, capacity 38465K, committed 38704K, reserved 1083392K
  class space    used 4771K, capacity 5142K, committed 5248K, reserved 1048576K
}
Event: 16.720 GC heap after
{Heap after GC invocations=32 (full 0):
 garbage-first heap   total 93184K, used 49377K [0x0000000080000000, 0x0000000100000000)
  region size 1024K, 2 young (2048K), 2 survivors (2048K)
 Metaspace       used 37393K, capacity 38465K, committed 38704K, reserved 1083392K
  class space    used 4771K, capacity 5142K, committed 5248K, reserved 1048576K
}
Event: 17.058 GC heap before
{Heap before GC invocations=32 (full 0):
 garbage-first heap   total 93184K, used 60641K [0x0000000080000000, 0x0000000100000000)
  region size 1024K, 14 young (14336K), 2 survivors (2048K)
 Metaspace       used 37907K, capacity 39002K, committed 39216K, reserved 1083392K
  class space    used 4823K, capacity 5211K, committed 5248K, reserved 1048576K
}
Event: 17.072 GC heap after
{Heap after GC invocations=33 (full 0):
 garbage-first heap   total 93184K, used 51191K [0x0000000080000000, 0x0000000100000000)
  region size 1024K, 3 young (3072K), 3 survivors (3072K)
 Metaspace       used 37907K, capacity 39002K, committed 39216K, reserved 1083392K
  class space    used 4823K, capacity 5211K, committed 5248K, reserved 1048576K
}
Event: 17.440 GC heap before
{Heap before GC invocations=34 (full 0):
 garbage-first heap   total 93184K, used 52215K [0x0000000080000000, 0x0000000100000000)
  region size 1024K, 3 young (3072K), 3 survivors (3072K)
 Metaspace       used 37907K, capacity 39002K, committed 39216K, reserved 1083392K
  class space    used 4823K, capacity 5211K, committed 5248K, reserved 1048576K
}
Event: 17.456 GC heap after
{Heap after GC invocations=35 (full 0):
 garbage-first heap   total 93184K, used 51658K [0x0000000080000000, 0x0000000100000000)
  region size 1024K, 0 young (0K), 0 survivors (0K)
 Metaspace       used 37907K, capacity 39002K, committed 39216K, reserved 1083392K
  class space    used 4823K, capacity 5211K, committed 5248K, reserved 1048576K
}
Event: 18.717 GC heap before
{Heap before GC invocations=36 (full 0):
 garbage-first heap   total 93184K, used 70090K [0x0000000080000000, 0x0000000100000000)
  region size 1024K, 17 young (17408K), 0 survivors (0K)
 Metaspace       used 40412K, capacity 41496K, committed 41776K, reserved 1085440K
  class space    used 5072K, capacity 5445K, committed 5504K, reserved 1048576K
}
Event: 18.724 GC heap after
{Heap after GC invocations=37 (full 0):
 garbage-first heap   total 93184K, used 51766K [0x0000000080000000, 0x0000000100000000)
  region size 1024K, 2 young (2048K), 2 survivors (2048K)
 Metaspace       used 40412K, capacity 41496K, committed 41776K, reserved 1085440K
  class space    used 5072K, capacity 5445K, committed 5504K, reserved 1048576K
}
Event: 19.400 GC heap before
{Heap before GC invocations=37 (full 0):
 garbage-first heap   total 93184K, used 70198K [0x0000000080000000, 0x0000000100000000)
  region size 1024K, 20 young (20480K), 2 survivors (2048K)
 Metaspace       used 41876K, capacity 42951K, committed 43056K, reserved 1087488K
  class space    used 5278K, capacity 5678K, committed 5760K, reserved 1048576K
}
Event: 19.407 GC heap after
{Heap after GC invocations=38 (full 0):
 garbage-first heap   total 112640K, used 52138K [0x0000000080000000, 0x0000000100000000)
  region size 1024K, 2 young (2048K), 2 survivors (2048K)
 Metaspace       used 41876K, capacity 42951K, committed 43056K, reserved 1087488K
  class space    used 5278K, capacity 5678K, committed 5760K, reserved 1048576K
}
Event: 19.898 GC heap before
{Heap before GC invocations=39 (full 0):
 garbage-first heap   total 112640K, used 59306K [0x0000000080000000, 0x0000000100000000)
  region size 1024K, 10 young (10240K), 2 survivors (2048K)
 Metaspace       used 42268K, capacity 43406K, committed 43568K, reserved 1087488K
  class space    used 5339K, capacity 5737K, committed 5760K, reserved 1048576K
}
Event: 19.909 GC heap after
{Heap after GC invocations=40 (full 0):
 garbage-first heap   total 112640K, used 53199K [0x0000000080000000, 0x0000000100000000)
  region size 1024K, 3 young (3072K), 3 survivors (3072K)
 Metaspace       used 42268K, capacity 43406K, committed 43568K, reserved 1087488K
  class space    used 5339K, capacity 5737K, committed 5760K, reserved 1048576K
}
Event: 20.060 GC heap before
{Heap before GC invocations=41 (full 0):
 garbage-first heap   total 112640K, used 57295K [0x0000000080000000, 0x0000000100000000)
  region size 1024K, 4 young (4096K), 3 survivors (3072K)
 Metaspace       used 42268K, capacity 43406K, committed 43568K, reserved 1087488K
  class space    used 5339K, capacity 5737K, committed 5760K, reserved 1048576K
}
Event: 20.069 GC heap after
{Heap after GC invocations=42 (full 0):
 garbage-first heap   total 112640K, used 58075K [0x0000000080000000, 0x0000000100000000)
  region size 1024K, 3 young (3072K), 3 survivors (3072K)
 Metaspace       used 42268K, capacity 43406K, committed 43568K, reserved 1087488K
  class space    used 5339K, capacity 5737K, committed 5760K, reserved 1048576K
}
Event: 20.208 GC heap before
{Heap before GC invocations=43 (full 0):
 garbage-first heap   total 112640K, used 61147K [0x0000000080000000, 0x0000000100000000)
  region size 1024K, 4 young (4096K), 3 survivors (3072K)
 Metaspace       used 42270K, capacity 43406K, committed 43568K, reserved 1087488K
  class space    used 5339K, capacity 5737K, committed 5760K, reserved 1048576K
}
Event: 20.215 GC heap after
{Heap after GC invocations=44 (full 0):
 garbage-first heap   total 112640K, used 61612K [0x0000000080000000, 0x0000000100000000)
  region size 1024K, 3 young (3072K), 3 survivors (3072K)
 Metaspace       used 42270K, capacity 43406K, committed 43568K, reserved 1087488K
  class space    used 5339K, capacity 5737K, committed 5760K, reserved 1048576K
}
Event: 20.336 GC heap before
{Heap before GC invocations=45 (full 0):
 garbage-first heap   total 112640K, used 63660K [0x0000000080000000, 0x0000000100000000)
  region size 1024K, 4 young (4096K), 3 survivors (3072K)
 Metaspace       used 42270K, capacity 43406K, committed 43568K, reserved 1087488K
  class space    used 5339K, capacity 5737K, committed 5760K, reserved 1048576K
}

Deoptimization events (20 events):
Event: 19.551 Thread 0x000002d7e7659800 DEOPT PACKING pc=0x000002d7d72c937c sp=0x000000defccf9590
Event: 19.551 Thread 0x000002d7e7659800 DEOPT UNPACKING pc=0x000002d7cf69a1a9 sp=0x000000defccf9530 mode 2
Event: 19.552 Thread 0x000002d7e7659800 Uncommon trap: trap_request=0xffffffc6 fr.pc=0x000002d7d72c937c relative=0x00000000000005fc
Event: 19.552 Thread 0x000002d7e7659800 Uncommon trap: reason=bimorphic_or_optimized_type_check action=maybe_recompile pc=0x000002d7d72c937c method=java.util.stream.ReferencePipeline.forEachWithCancel(Ljava/util/Spliterator;Ljava/util/stream/Sink;)Z @ 1 c2
Event: 19.552 Thread 0x000002d7e7659800 DEOPT PACKING pc=0x000002d7d72c937c sp=0x000000defccf9210
Event: 19.553 Thread 0x000002d7e7659800 DEOPT UNPACKING pc=0x000002d7cf69a1a9 sp=0x000000defccf91b0 mode 2
Event: 19.739 Thread 0x000002d7e6b66000 Uncommon trap: trap_request=0xffffffbe fr.pc=0x000002d7d72c9328 relative=0x00000000000005a8
Event: 19.739 Thread 0x000002d7e6b66000 Uncommon trap: reason=profile_predicate action=maybe_recompile pc=0x000002d7d72c9328 method=java.util.stream.ReferencePipeline.forEachWithCancel(Ljava/util/Spliterator;Ljava/util/stream/Sink;)Z @ 8 c2
Event: 19.739 Thread 0x000002d7e6b66000 DEOPT PACKING pc=0x000002d7d72c9328 sp=0x000000defc6fea00
Event: 19.739 Thread 0x000002d7e6b66000 DEOPT UNPACKING pc=0x000002d7cf69a1a9 sp=0x000000defc6fe9a0 mode 2
Event: 19.850 Thread 0x000002d7e7659800 DEOPT PACKING pc=0x000002d7cff7dce8 sp=0x000000defccf9f80
Event: 19.850 Thread 0x000002d7e7659800 DEOPT UNPACKING pc=0x000002d7cf69a93f sp=0x000000defccf9488 mode 0
Event: 20.043 Thread 0x000002d7e7659800 DEOPT PACKING pc=0x000002d7d00fff04 sp=0x000000defccf4c40
Event: 20.044 Thread 0x000002d7e7659800 DEOPT UNPACKING pc=0x000002d7cf69a93f sp=0x000000defccf4218 mode 0
Event: 20.199 Thread 0x000002d7e7659800 DEOPT PACKING pc=0x000002d7d00fff04 sp=0x000000defccf4c40
Event: 20.199 Thread 0x000002d7e7659800 DEOPT UNPACKING pc=0x000002d7cf69a93f sp=0x000000defccf4218 mode 0
Event: 20.205 Thread 0x000002d7e7659800 Uncommon trap: trap_request=0xffffff4d fr.pc=0x000002d7d71885d8 relative=0x00000000000019d8
Event: 20.205 Thread 0x000002d7e7659800 Uncommon trap: reason=unstable_if action=reinterpret pc=0x000002d7d71885d8 method=java.util.zip.ZipFile$Source.initCEN(ILjava/util/zip/ZipCoder;)V @ 621 c2
Event: 20.205 Thread 0x000002d7e7659800 DEOPT PACKING pc=0x000002d7d71885d8 sp=0x000000defccf4d50
Event: 20.205 Thread 0x000002d7e7659800 DEOPT UNPACKING pc=0x000002d7cf69a1a9 sp=0x000000defccf4d20 mode 2

Classes redefined (0 events):
No events

Internal exceptions (20 events):
Event: 18.650 Thread 0x000002d7e7659800 Exception <a 'java/lang/ClassNotFoundException'{0x0000000084b9dd10}: org/gradle/api/internal/artifacts/dsl/dependencies/DefaultDependencyHandlerCustomizer> (0x0000000084b9dd10) thrown at [./src/hotspot/share/classfile/systemDictionary.cpp, line 231]
Event: 18.663 Thread 0x000002d7e7659800 Exception <a 'java/lang/ClassNotFoundException'{0x0000000084a042f8}: org/gradle/api/internal/artifacts/dsl/dependencies/DefaultDependencyHandler_DecoratedCustomizer> (0x0000000084a042f8) thrown at [./src/hotspot/share/classfile/systemDictionary.cpp, line 231]
Event: 18.709 Thread 0x000002d7e7659800 Exception <a 'java/lang/NoSuchMethodError'{0x0000000084ae5678}: 'int java.lang.invoke.DirectMethodHandle$Holder.invokeVirtual(java.lang.Object, java.lang.Object)'> (0x0000000084ae5678) thrown at [./src/hotspot/share/interpreter/linkResolver.cpp, line 773]
Event: 18.755 Thread 0x000002d7e7659800 Exception <a 'java/lang/NoSuchMethodError'{0x0000000085ae86e0}: 'java.lang.Object java.lang.invoke.DirectMethodHandle$Holder.invokeStatic(java.lang.Object, java.lang.Object, int, java.lang.Object)'> (0x0000000085ae86e0) thrown at [./src/hotspot/share/interpreter/linkResolver.cpp, line 773]
Event: 18.755 Thread 0x000002d7e7659800 Exception <a 'java/lang/NoSuchMethodError'{0x0000000085aef6d0}: 'java.lang.Object java.lang.invoke.Invokers$Holder.linkToTargetMethod(java.lang.Object, int, java.lang.Object, java.lang.Object)'> (0x0000000085aef6d0) thrown at [./src/hotspot/share/interpreter/linkResolver.cpp, line 773]
Event: 19.276 Thread 0x000002d7e7659800 Exception <a 'java/lang/IncompatibleClassChangeError'{0x0000000084c13cb8}: Found class java.lang.Object, but interface was expected> (0x0000000084c13cb8) thrown at [./src/hotspot/share/interpreter/linkResolver.cpp, line 839]
Event: 19.362 Thread 0x000002d7e7659800 Exception <a 'java/lang/NoSuchMethodError'{0x0000000084bdd380}: 'java.lang.Object java.lang.invoke.Invokers$Holder.linkToTargetMethod(java.lang.Object, int, java.lang.Object)'> (0x0000000084bdd380) thrown at [./src/hotspot/share/interpreter/linkResolver.cpp, line 773]
Event: 19.512 Thread 0x000002d7e7659800 Exception <a 'java/lang/NoSuchMethodError'{0x0000000086b36078}: 'int java.lang.invoke.DirectMethodHandle$Holder.invokeStaticInit(java.lang.Object)'> (0x0000000086b36078) thrown at [./src/hotspot/share/interpreter/linkResolver.cpp, line 773]
Event: 19.603 Thread 0x000002d7e7779000 Exception <a 'sun/nio/fs/WindowsException'{0x0000000086a85ad0}> (0x0000000086a85ad0) thrown at [./src/hotspot/share/prims/jni.cpp, line 616]
Event: 19.628 Thread 0x000002d7e7779000 Exception <a 'sun/nio/fs/WindowsException'{0x0000000086976280}> (0x0000000086976280) thrown at [./src/hotspot/share/prims/jni.cpp, line 616]
Event: 19.640 Thread 0x000002d7e7779000 Exception <a 'sun/nio/fs/WindowsException'{0x00000000869763d8}> (0x00000000869763d8) thrown at [./src/hotspot/share/prims/jni.cpp, line 616]
Event: 19.661 Thread 0x000002d7e7659800 Exception <a 'java/lang/ClassNotFoundException'{0x00000000869d48a0}: sync_studio_tooling454_cnpfju724ccrz5pivfo8sx4etBeanInfo> (0x00000000869d48a0) thrown at [./src/hotspot/share/classfile/systemDictionary.cpp, line 231]
Event: 19.661 Thread 0x000002d7e7659800 Exception <a 'java/lang/ClassNotFoundException'{0x00000000869e0df0}: sync_studio_tooling454_cnpfju724ccrz5pivfo8sx4etCustomizer> (0x00000000869e0df0) thrown at [./src/hotspot/share/classfile/systemDictionary.cpp, line 231]
Event: 19.711 Thread 0x000002d7e7659800 Exception <a 'java/lang/ClassNotFoundException'{0x00000000868bbf68}: ijinit_5d4qdduervzwjkw3mn4eca3ieBeanInfo> (0x00000000868bbf68) thrown at [./src/hotspot/share/classfile/systemDictionary.cpp, line 231]
Event: 19.711 Thread 0x000002d7e7659800 Exception <a 'java/lang/ClassNotFoundException'{0x00000000868c7288}: ijinit_5d4qdduervzwjkw3mn4eca3ieCustomizer> (0x00000000868c7288) thrown at [./src/hotspot/share/classfile/systemDictionary.cpp, line 231]
Event: 19.726 Thread 0x000002d7e7659800 Exception <a 'java/lang/ClassNotFoundException'{0x00000000867190b0}: ijinit_5d4qdduervzwjkw3mn4eca3ie$_run_closure1BeanInfo> (0x00000000867190b0) thrown at [./src/hotspot/share/classfile/systemDictionary.cpp, line 231]
Event: 19.727 Thread 0x000002d7e7659800 Exception <a 'java/lang/ClassNotFoundException'{0x000000008671f378}: ijinit_5d4qdduervzwjkw3mn4eca3ie$_run_closure1Customizer> (0x000000008671f378) thrown at [./src/hotspot/share/classfile/systemDictionary.cpp, line 231]
Event: 19.885 Thread 0x000002d7e7659800 Exception <a 'java/lang/ClassNotFoundException'{0x000000008665c698}: ijinit_5d4qdduervzwjkw3mn4eca3ieBeanInfo> (0x000000008665c698) thrown at [./src/hotspot/share/classfile/systemDictionary.cpp, line 231]
Event: 19.885 Thread 0x000002d7e7659800 Exception <a 'java/lang/ClassNotFoundException'{0x0000000086667958}: ijinit_5d4qdduervzwjkw3mn4eca3ieCustomizer> (0x0000000086667958) thrown at [./src/hotspot/share/classfile/systemDictionary.cpp, line 231]
Event: 20.205 Thread 0x000002d7e7659800 Implicit null exception at 0x000002d7d71875f5 to 0x000002d7d71885c4

Events (20 events):
Event: 19.888 loading class JetGradlePlugin done
Event: 19.898 Executing VM operation: G1CollectForAllocation
Event: 19.909 Executing VM operation: G1CollectForAllocation done
Event: 19.967 Executing VM operation: CGC_Operation
Event: 19.981 Executing VM operation: CGC_Operation done
Event: 20.006 Executing VM operation: CGC_Operation
Event: 20.007 Executing VM operation: CGC_Operation done
Event: 20.059 Executing VM operation: G1CollectForAllocation
Event: 20.069 Executing VM operation: G1CollectForAllocation done
Event: 20.134 Executing VM operation: CGC_Operation
Event: 20.155 Executing VM operation: CGC_Operation done
Event: 20.185 Executing VM operation: CGC_Operation
Event: 20.185 Executing VM operation: CGC_Operation done
Event: 20.208 Executing VM operation: G1CollectForAllocation
Event: 20.215 Executing VM operation: G1CollectForAllocation done
Event: 20.274 Executing VM operation: CGC_Operation
Event: 20.288 Executing VM operation: CGC_Operation done
Event: 20.317 Executing VM operation: CGC_Operation
Event: 20.318 Executing VM operation: CGC_Operation done
Event: 20.336 Executing VM operation: G1CollectForAllocation


Dynamic libraries:
0x00007ff79e540000 - 0x00007ff79e54a000 	C:\Program Files\Android\Android Studio\jre\bin\java.exe
0x00007ffcced70000 - 0x00007ffccef68000 	C:\Windows\SYSTEM32\ntdll.dll
0x00007ffccd780000 - 0x00007ffccd83f000 	C:\Windows\System32\KERNEL32.DLL
0x00007ffccc900000 - 0x00007ffcccbd2000 	C:\Windows\System32\KERNELBASE.dll
0x00007ffcccc80000 - 0x00007ffcccd80000 	C:\Windows\System32\ucrtbase.dll
0x00007ffc9d300000 - 0x00007ffc9d319000 	C:\Program Files\Android\Android Studio\jre\bin\jli.dll
0x00007ffccdd70000 - 0x00007ffccdf11000 	C:\Windows\System32\USER32.dll
0x00007ffcccd80000 - 0x00007ffcccda2000 	C:\Windows\System32\win32u.dll
0x00007ffccdbd0000 - 0x00007ffccdbfb000 	C:\Windows\System32\GDI32.dll
0x00007ffccc610000 - 0x00007ffccc71f000 	C:\Windows\System32\gdi32full.dll
0x00007ffcccbe0000 - 0x00007ffcccc7d000 	C:\Windows\System32\msvcp_win.dll
0x00007ffcb3350000 - 0x00007ffcb3367000 	C:\Program Files\Android\Android Studio\jre\bin\VCRUNTIME140.dll
0x00007ffcb9cf0000 - 0x00007ffcb9f8a000 	C:\Windows\WinSxS\amd64_microsoft.windows.common-controls_6595b64144ccf1df_6.0.19041.1110_none_60b5254171f9507e\COMCTL32.dll
0x00007ffccd8e0000 - 0x00007ffccd97e000 	C:\Windows\System32\msvcrt.dll
0x00007ffccec40000 - 0x00007ffccec72000 	C:\Windows\System32\IMM32.DLL
0x00007ffc9bc50000 - 0x00007ffc9bced000 	C:\Program Files\Android\Android Studio\jre\bin\msvcp140.dll
0x00007ffc8bfd0000 - 0x00007ffc8cad2000 	C:\Program Files\Android\Android Studio\jre\bin\server\jvm.dll
0x00007ffccdc00000 - 0x00007ffccdcae000 	C:\Windows\System32\ADVAPI32.dll
0x00007ffccd840000 - 0x00007ffccd8dc000 	C:\Windows\System32\sechost.dll
0x00007ffccea40000 - 0x00007ffcceb65000 	C:\Windows\System32\RPCRT4.dll
0x00007ffccdcb0000 - 0x00007ffccdcb8000 	C:\Windows\System32\PSAPI.DLL
0x00007ffcaad90000 - 0x00007ffcaad99000 	C:\Windows\SYSTEM32\WSOCK32.dll
0x00007ffccdb60000 - 0x00007ffccdbcb000 	C:\Windows\System32\WS2_32.dll
0x00007ffcb1260000 - 0x00007ffcb1287000 	C:\Windows\SYSTEM32\WINMM.dll
0x00007ffcc2d10000 - 0x00007ffcc2d1a000 	C:\Windows\SYSTEM32\VERSION.dll
0x00007ffccad00000 - 0x00007ffccad12000 	C:\Windows\SYSTEM32\kernel.appcore.dll
0x00007ffcc45d0000 - 0x00007ffcc45e1000 	C:\Program Files\Android\Android Studio\jre\bin\verify.dll
0x00007ffcca9d0000 - 0x00007ffccabb4000 	C:\Windows\SYSTEM32\DBGHELP.DLL
0x00007ffcb7e40000 - 0x00007ffcb7e75000 	C:\Windows\SYSTEM32\dbgcore.DLL
0x00007ffccc580000 - 0x00007ffccc602000 	C:\Windows\System32\bcryptPrimitives.dll
0x00007ffc9b1e0000 - 0x00007ffc9b209000 	C:\Program Files\Android\Android Studio\jre\bin\java.dll
0x00007ffcb9090000 - 0x00007ffcb909b000 	C:\Program Files\Android\Android Studio\jre\bin\jimage.dll
0x00007ffc9c670000 - 0x00007ffc9c688000 	C:\Program Files\Android\Android Studio\jre\bin\zip.dll
0x00007ffcccdb0000 - 0x00007ffccd4f4000 	C:\Windows\System32\SHELL32.dll
0x00007ffcca160000 - 0x00007ffcca8f2000 	C:\Windows\SYSTEM32\windows.storage.dll
0x00007ffcce6e0000 - 0x00007ffccea35000 	C:\Windows\System32\combase.dll
0x00007ffccbe50000 - 0x00007ffccbe80000 	C:\Windows\SYSTEM32\Wldp.dll
0x00007ffccdcc0000 - 0x00007ffccdd6d000 	C:\Windows\System32\SHCORE.dll
0x00007ffcce680000 - 0x00007ffcce6d5000 	C:\Windows\System32\shlwapi.dll
0x00007ffccc3a0000 - 0x00007ffccc3bf000 	C:\Windows\SYSTEM32\profapi.dll
0x00007ffc9b1c0000 - 0x00007ffc9b1da000 	C:\Program Files\Android\Android Studio\jre\bin\net.dll
0x00007ffcba090000 - 0x00007ffcba19c000 	C:\Windows\SYSTEM32\WINHTTP.dll
0x00007ffccbbb0000 - 0x00007ffccbc1a000 	C:\Windows\system32\mswsock.dll
0x00007ffc9b1a0000 - 0x00007ffc9b1b4000 	C:\Program Files\Android\Android Studio\jre\bin\nio.dll
0x00007ffc943a0000 - 0x00007ffc943c7000 	C:\Users\hp\.gradle\native\8bec1ad78214c89d9ad589b4d07fe93259594b29d510b10fafb7a158f7737e5d\windows-amd64\native-platform.dll
0x00007ffc7f790000 - 0x00007ffc7f8cd000 	C:\Users\hp\.gradle\native\53dbd7edfb1c66fb8903c78663c9afc45aea4f116125fa6feffd364cf09443e8\windows-amd64\native-platform-file-events.dll
0x00007ffcc73d0000 - 0x00007ffcc73da000 	C:\Program Files\Android\Android Studio\jre\bin\management.dll
0x00007ffcc5ee0000 - 0x00007ffcc5eed000 	C:\Program Files\Android\Android Studio\jre\bin\management_ext.dll
0x00007ffccbdb0000 - 0x00007ffccbdc8000 	C:\Windows\SYSTEM32\CRYPTSP.dll
0x00007ffccb460000 - 0x00007ffccb494000 	C:\Windows\system32\rsaenh.dll
0x00007ffccc720000 - 0x00007ffccc747000 	C:\Windows\System32\bcrypt.dll
0x00007ffccc320000 - 0x00007ffccc34e000 	C:\Windows\SYSTEM32\USERENV.dll
0x00007ffccbda0000 - 0x00007ffccbdac000 	C:\Windows\SYSTEM32\CRYPTBASE.dll
0x00007ffccb830000 - 0x00007ffccb86b000 	C:\Windows\SYSTEM32\IPHLPAPI.DLL
0x00007ffcce050000 - 0x00007ffcce058000 	C:\Windows\System32\NSI.dll
0x00007ffcc2c80000 - 0x00007ffcc2c97000 	C:\Windows\SYSTEM32\dhcpcsvc6.DLL
0x00007ffcc2c60000 - 0x00007ffcc2c7d000 	C:\Windows\SYSTEM32\dhcpcsvc.DLL
0x00007ffccb870000 - 0x00007ffccb93a000 	C:\Windows\SYSTEM32\DNSAPI.dll

dbghelp: loaded successfully - version: 4.0.5 - missing functions: none
symbol engine: initialized successfully - sym options: 0x614 - pdb path: .;C:\Program Files\Android\Android Studio\jre\bin;C:\Windows\SYSTEM32;C:\Windows\WinSxS\amd64_microsoft.windows.common-controls_6595b64144ccf1df_6.0.19041.1110_none_60b5254171f9507e;C:\Program Files\Android\Android Studio\jre\bin\server;C:\Users\hp\.gradle\native\8bec1ad78214c89d9ad589b4d07fe93259594b29d510b10fafb7a158f7737e5d\windows-amd64;C:\Users\hp\.gradle\native\53dbd7edfb1c66fb8903c78663c9afc45aea4f116125fa6feffd364cf09443e8\windows-amd64

VM Arguments:
jvm_args: --add-opens=java.base/java.util=ALL-UNNAMED --add-opens=java.base/java.lang=ALL-UNNAMED --add-opens=java.base/java.lang.invoke=ALL-UNNAMED --add-opens=java.base/java.util=ALL-UNNAMED --add-opens=java.prefs/java.util.prefs=ALL-UNNAMED --add-opens=java.prefs/java.util.prefs=ALL-UNNAMED --add-opens=java.base/java.nio.charset=ALL-UNNAMED --add-opens=java.base/java.net=ALL-UNNAMED --add-opens=java.base/java.util.concurrent.atomic=ALL-UNNAMED -Xmx2048m -Dfile.encoding=UTF-8 -Duser.country=US -Duser.language=en -Duser.variant 
java_command: org.gradle.launcher.daemon.bootstrap.GradleDaemon 7.0.2
java_class_path (initial): C:\Users\hp\.gradle\wrapper\dists\gradle-7.0.2-bin\857tjihv64xamwrf0h14cai3r\gradle-7.0.2\lib\gradle-launcher-7.0.2.jar
Launcher Type: SUN_STANDARD

[Global flags]
     intx CICompilerCount                          = 2                                         {product} {ergonomic}
     uint ConcGCThreads                            = 1                                         {product} {ergonomic}
     uint G1ConcRefinementThreads                  = 2                                         {product} {ergonomic}
   size_t G1HeapRegionSize                         = 1048576                                   {product} {ergonomic}
    uintx GCDrainStackTargetSize                   = 64                                        {product} {ergonomic}
   size_t InitialHeapSize                          = 62914560                                  {product} {ergonomic}
   size_t MarkStackSize                            = 4194304                                   {product} {ergonomic}
   size_t MaxHeapSize                              = 2147483648                                {product} {command line}
   size_t MaxNewSize                               = 1287651328                                {product} {ergonomic}
   size_t MinHeapDeltaBytes                        = 1048576                                   {product} {ergonomic}
    uintx NonNMethodCodeHeapSize                   = 5825164                                {pd product} {ergonomic}
    uintx NonProfiledCodeHeapSize                  = 122916538                              {pd product} {ergonomic}
    uintx ProfiledCodeHeapSize                     = 122916538                              {pd product} {ergonomic}
    uintx ReservedCodeCacheSize                    = 251658240                              {pd product} {ergonomic}
     bool SegmentedCodeCache                       = true                                      {product} {ergonomic}
     bool UseCompressedClassPointers               = true                                 {lp64_product} {ergonomic}
     bool UseCompressedOops                        = true                                 {lp64_product} {ergonomic}
     bool UseG1GC                                  = true                                      {product} {ergonomic}
     bool UseLargePagesIndividualAllocation        = false                                  {pd product} {ergonomic}

Logging:
Log output configuration:
 #0: stdout all=warning uptime,level,tags
 #1: stderr all=off uptime,level,tags

Environment Variables:
JAVA_HOME=C:\JAVA\jdk1.8.0_202\
PATH=C:\Python310\Scripts\;C:\Python310\;C:\app\hp\product\21c\dbhomeXE\bin;C:\JAVA\jdk1.8.0_202\bin;C:\Program Files (x86)\Common Files\Oracle\Java\javapath;C:\Windows\system32;C:\Windows;C:\Windows\System32\Wbem;C:\Windows\System32\WindowsPowerShell\v1.0\;C:\Windows\System32\OpenSSH\;C:\Program Files\MongoDB\Server\5.0\bin;C:\Program Files\PuTTY\;C:\Users\hp\AppData\Local\Microsoft\WindowsApps;C:\Program Files\Java\jdk1.8.0_321\bin;C:\Program Files\MongoDB\Server\5.0\bin;C:\Users\hp\AppData\Local\Programs\Microsoft VS Code\bin
USERNAME=hp
OS=Windows_NT
PROCESSOR_IDENTIFIER=Intel64 Family 6 Model 122 Stepping 8, GenuineIntel



---------------  S Y S T E M  ---------------

OS: Windows 10 , 64 bit Build 19041 (10.0.19041.2364)
OS uptime: 0 days 4:18 hours

CPU:total 2 (initial active 2) (2 cores per cpu, 1 threads per core) family 6 model 122 stepping 8 microcode 0x16, cmov, cx8, fxsr, mmx, sse, sse2, sse3, ssse3, sse4.1, sse4.2, popcnt, aes, clmul, erms, 3dnowpref, tsc, tscinvbit, sha

Memory: 4k page, system-wide physical 3737M (187M free)
TotalPageFile size 10347M (AvailPageFile size 23M)
current process WorkingSet (physical memory assigned to process): 200M, peak: 200M
current process commit charge ("private bytes"): 277M, peak: 299M

vm_info: OpenJDK 64-Bit Server VM (11.0.13+0-b1751.21-8125866) for windows-amd64 JRE (11.0.13+0-b1751.21-8125866), built on Feb  2 2022 03:00:22 by "builder" with MS VC++ 14.0 (VS2015)

END.
