#
# There is insufficient memory for the Java Runtime Environment to continue.
# Native memory allocation (malloc) failed to allocate 1837776 bytes for Chunk::new
# Possible reasons:
#   The system is out of physical RAM or swap space
#   The process is running with CompressedOops enabled, and the Java Heap may be blocking the growth of the native heap
# Possible solutions:
#   Reduce memory load on the system
#   Increase physical memory or swap space
#   Check if swap backing store is full
#   Decrease Java heap size (-Xmx/-Xms)
#   Decrease number of Java threads
#   Decrease Java thread stack sizes (-Xss)
#   Set larger code cache with -XX:ReservedCodeCacheSize=
#   JVM is running with Unscaled Compressed Oops mode in which the Java heap is
#     placed in the first 4GB address space. The Java Heap base address is the
#     maximum limit for the native heap growth. Please use -XX:HeapBaseMinAddress
#     to set the Java Heap base and to place the Java Heap above 4GB virtual address.
# This output file may be truncated or incomplete.
#
#  Out of Memory Error (./src/hotspot/share/memory/arena.cpp:197), pid=11432, tid=9624
#
# JRE version: OpenJDK Runtime Environment (11.0.13) (build 11.0.13+0-b1751.21-8125866)
# Java VM: OpenJDK 64-Bit Server VM (11.0.13+0-b1751.21-8125866, mixed mode, tiered, compressed oops, g1 gc, windows-amd64)
# No core dump will be written. Minidumps are not enabled by default on client versions of Windows
#

---------------  S U M M A R Y ------------

Command Line: --add-opens=java.base/java.util=ALL-UNNAMED --add-opens=java.base/java.lang=ALL-UNNAMED --add-opens=java.base/java.lang.invoke=ALL-UNNAMED --add-opens=java.base/java.util=ALL-UNNAMED --add-opens=java.prefs/java.util.prefs=ALL-UNNAMED --add-opens=java.prefs/java.util.prefs=ALL-UNNAMED --add-opens=java.base/java.nio.charset=ALL-UNNAMED --add-opens=java.base/java.net=ALL-UNNAMED --add-opens=java.base/java.util.concurrent.atomic=ALL-UNNAMED -Xmx2048m -Dfile.encoding=UTF-8 -Duser.country=US -Duser.language=en -Duser.variant org.gradle.launcher.daemon.bootstrap.GradleDaemon 7.0.2

Host: Intel(R) Celeron(R) N4020 CPU @ 1.10GHz, 2 cores, 3G,  Windows 10 , 64 bit Build 19041 (10.0.19041.2364)
Time: Thu Jan 26 17:12:36 2023 Malay Peninsula Standard Time elapsed time: 19.750107 seconds (0d 0h 0m 19s)

---------------  T H R E A D  ---------------

Current thread (0x0000028a0fae1000):  JavaThread "C2 CompilerThread0" daemon [_thread_in_native, id=9624, stack(0x000000acae300000,0x000000acae400000)]


Current CompileTask:
C2:  19750 3845       4       groovy.lang.MetaClassImpl$1MOPIter::methodNameAction (325 bytes)

Stack: [0x000000acae300000,0x000000acae400000]
Native frames: (J=compiled Java code, j=interpreted, Vv=VM code, C=native code)
V  [jvm.dll+0x6100fa]
V  [jvm.dll+0x747090]
V  [jvm.dll+0x7486ad]
V  [jvm.dll+0x748d83]
V  [jvm.dll+0x24ab48]
V  [jvm.dll+0xc04dc]
V  [jvm.dll+0xc0a0c]
V  [jvm.dll+0x35eb9d]
V  [jvm.dll+0x32b833]
V  [jvm.dll+0x32ad2a]
V  [jvm.dll+0x2032b2]
V  [jvm.dll+0x202437]
V  [jvm.dll+0x188e01]
V  [jvm.dll+0x21106b]
V  [jvm.dll+0x20f8c1]
V  [jvm.dll+0x70de0f]
V  [jvm.dll+0x706a75]
V  [jvm.dll+0x60ed66]
C  [ucrtbase.dll+0x21bb2]
C  [KERNEL32.DLL+0x17614]
C  [ntdll.dll+0x526a1]


---------------  P R O C E S S  ---------------

Threads class SMR info:
_java_thread_list=0x0000028a108aaac0, length=33, elements={
0x0000028a73b8a800, 0x0000028a0fa7a800, 0x0000028a0fa7e000, 0x0000028a0fad9800,
0x0000028a0fadb800, 0x0000028a0fadd800, 0x0000028a0fae1000, 0x0000028a0fae2000,
0x0000028a0fae7800, 0x0000028a0fd5d800, 0x0000028a0ff91000, 0x0000028a10d5d000,
0x0000028a11568000, 0x0000028a108fb000, 0x0000028a108fa800, 0x0000028a113e5000,
0x0000028a10633800, 0x0000028a101a6000, 0x0000028a101a6800, 0x0000028a1167e800,
0x0000028a100fc000, 0x0000028a100fc800, 0x0000028a100fb000, 0x0000028a100ff000,
0x0000028a10100000, 0x0000028a100fe800, 0x0000028a100fa800, 0x0000028a100fd800,
0x0000028a10101000, 0x0000028a12832800, 0x0000028a12831000, 0x0000028a12832000,
0x0000028a12834800
}

Java Threads: ( => current thread )
  0x0000028a73b8a800 JavaThread "main" [_thread_blocked, id=15520, stack(0x000000acad700000,0x000000acad800000)]
  0x0000028a0fa7a800 JavaThread "Reference Handler" daemon [_thread_blocked, id=2936, stack(0x000000acade00000,0x000000acadf00000)]
  0x0000028a0fa7e000 JavaThread "Finalizer" daemon [_thread_blocked, id=9416, stack(0x000000acadf00000,0x000000acae000000)]
  0x0000028a0fad9800 JavaThread "Signal Dispatcher" daemon [_thread_blocked, id=2312, stack(0x000000acae000000,0x000000acae100000)]
  0x0000028a0fadb800 JavaThread "Attach Listener" daemon [_thread_blocked, id=1756, stack(0x000000acae100000,0x000000acae200000)]
  0x0000028a0fadd800 JavaThread "Service Thread" daemon [_thread_blocked, id=6636, stack(0x000000acae200000,0x000000acae300000)]
=>0x0000028a0fae1000 JavaThread "C2 CompilerThread0" daemon [_thread_in_native, id=9624, stack(0x000000acae300000,0x000000acae400000)]
  0x0000028a0fae2000 JavaThread "C1 CompilerThread0" daemon [_thread_blocked, id=8632, stack(0x000000acae400000,0x000000acae500000)]
  0x0000028a0fae7800 JavaThread "Sweeper thread" daemon [_thread_blocked, id=16884, stack(0x000000acae500000,0x000000acae600000)]
  0x0000028a0fd5d800 JavaThread "Common-Cleaner" daemon [_thread_blocked, id=10180, stack(0x000000acae600000,0x000000acae700000)]
  0x0000028a0ff91000 JavaThread "Daemon health stats" [_thread_blocked, id=15144, stack(0x000000acae900000,0x000000acaea00000)]
  0x0000028a10d5d000 JavaThread "Incoming local TCP Connector on port 52930" [_thread_in_native, id=3232, stack(0x000000acaea00000,0x000000acaeb00000)]
  0x0000028a11568000 JavaThread "Daemon" [_thread_blocked, id=6900, stack(0x000000acaeb00000,0x000000acaec00000)]
  0x0000028a108fb000 JavaThread "Handler for socket connection from /127.0.0.1:52930 to /127.0.0.1:52931" [_thread_in_native, id=16756, stack(0x000000acaec00000,0x000000acaed00000)]
  0x0000028a108fa800 JavaThread "Daemon periodic checks" [_thread_blocked, id=16724, stack(0x000000acaed00000,0x000000acaee00000)]
  0x0000028a113e5000 JavaThread "Cancel handler" [_thread_blocked, id=16716, stack(0x000000acaee00000,0x000000acaef00000)]
  0x0000028a10633800 JavaThread "Daemon worker" [_thread_in_native, id=13564, stack(0x000000acaef00000,0x000000acaf000000)]
  0x0000028a101a6000 JavaThread "Asynchronous log dispatcher for DefaultDaemonConnection: socket connection from /127.0.0.1:52930 to /127.0.0.1:52931" [_thread_blocked, id=13792, stack(0x000000acaf000000,0x000000acaf100000)]
  0x0000028a101a6800 JavaThread "Stdin handler" [_thread_blocked, id=9496, stack(0x000000acaf100000,0x000000acaf200000)]
  0x0000028a1167e800 JavaThread "Daemon client event forwarder" [_thread_blocked, id=13700, stack(0x000000acaf200000,0x000000acaf300000)]
  0x0000028a100fc000 JavaThread "Cache worker for file hash cache (C:\Users\hp\.gradle\caches\7.0.2\fileHashes)" [_thread_blocked, id=14728, stack(0x000000acaf300000,0x000000acaf400000)]
  0x0000028a100fc800 JavaThread "File lock request listener" [_thread_in_native, id=12404, stack(0x000000acaf400000,0x000000acaf500000)]
  0x0000028a100fb000 JavaThread "Cache worker for journal cache (C:\Users\hp\.gradle\caches\journal-1)" [_thread_blocked, id=10512, stack(0x000000acaf500000,0x000000acaf600000)]
  0x0000028a100ff000 JavaThread "Cache worker for file hash cache (E:\SEMESTER 5\UAS MOBILE\carkus\.gradle\7.0.2\fileHashes)" [_thread_blocked, id=10316, stack(0x000000acaf600000,0x000000acaf700000)]
  0x0000028a10100000 JavaThread "File watcher server" daemon [_thread_in_native, id=17396, stack(0x000000acaf700000,0x000000acaf800000)]
  0x0000028a100fe800 JavaThread "File watcher consumer" daemon [_thread_blocked, id=10516, stack(0x000000acaf800000,0x000000acaf900000)]
  0x0000028a100fa800 JavaThread "jar transforms" [_thread_blocked, id=13976, stack(0x000000acaf900000,0x000000acafa00000)]
  0x0000028a100fd800 JavaThread "jar transforms Thread 2" [_thread_blocked, id=11544, stack(0x000000acafa00000,0x000000acafb00000)]
  0x0000028a10101000 JavaThread "Cache worker for checksums cache (E:\SEMESTER 5\UAS MOBILE\carkus\.gradle\checksums)" [_thread_blocked, id=12136, stack(0x000000acafb00000,0x000000acafc00000)]
  0x0000028a12832800 JavaThread "Cache worker for cache directory md-supplier (C:\Users\hp\.gradle\caches\7.0.2\md-supplier)" [_thread_blocked, id=16004, stack(0x000000acafc00000,0x000000acafd00000)]
  0x0000028a12831000 JavaThread "Cache worker for cache directory md-rule (C:\Users\hp\.gradle\caches\7.0.2\md-rule)" [_thread_blocked, id=2604, stack(0x000000acafd00000,0x000000acafe00000)]
  0x0000028a12832000 JavaThread "Cache worker for execution history cache (C:\Users\hp\.gradle\caches\7.0.2\executionHistory)" [_thread_blocked, id=1780, stack(0x000000acafe00000,0x000000acaff00000)]
  0x0000028a12834800 JavaThread "Cache worker for file content cache (C:\Users\hp\.gradle\caches\7.0.2\fileContent)" [_thread_blocked, id=15304, stack(0x000000acaff00000,0x000000acb0000000)]

Other Threads:
  0x0000028a0fa77000 VMThread "VM Thread" [stack: 0x000000acadd00000,0x000000acade00000] [id=11596]
  0x0000028a0fd71000 WatcherThread [stack: 0x000000acae700000,0x000000acae800000] [id=12912]
  0x0000028a73ba2800 GCTaskThread "GC Thread#0" [stack: 0x000000acad800000,0x000000acad900000] [id=6148]
  0x0000028a0fe46800 GCTaskThread "GC Thread#1" [stack: 0x000000acae800000,0x000000acae900000] [id=12676]
  0x0000028a73bd5800 ConcurrentGCThread "G1 Main Marker" [stack: 0x000000acad900000,0x000000acada00000] [id=16768]
  0x0000028a73bd7000 ConcurrentGCThread "G1 Conc#0" [stack: 0x000000acada00000,0x000000acadb00000] [id=13032]
  0x0000028a73c16000 ConcurrentGCThread "G1 Refine#0" [stack: 0x000000acadb00000,0x000000acadc00000] [id=13708]
  0x0000028a73c17000 ConcurrentGCThread "G1 Young RemSet Sampling" [stack: 0x000000acadc00000,0x000000acadd00000] [id=13348]

Threads with active compile tasks:
C2 CompilerThread0  19808 3845       4       groovy.lang.MetaClassImpl$1MOPIter::methodNameAction (325 bytes)

VM state:not at safepoint (normal execution)

VM Mutex/Monitor currently owned by a thread: None

Heap address: 0x0000000080000000, size: 2048 MB, Compressed Oops mode: 32-bit
Narrow klass base: 0x0000000000000000, Narrow klass shift: 3
Compressed class space size: 1073741824 Address: 0x0000000100000000

Heap:
 garbage-first heap   total 107520K, used 53225K [0x0000000080000000, 0x0000000100000000)
  region size 1024K, 4 young (4096K), 3 survivors (3072K)
 Metaspace       used 42219K, capacity 43335K, committed 43568K, reserved 1087488K
  class space    used 5338K, capacity 5737K, committed 5760K, reserved 1048576K
Heap Regions: E=young(eden), S=young(survivor), O=old, HS=humongous(starts), HC=humongous(continues), CS=collection set, F=free, A=archive, TAMS=top-at-mark-start (previous, next)
|   0|0x0000000080000000, 0x0000000080100000, 0x0000000080100000|100%| O|  |TAMS 0x0000000080100000, 0x0000000080000000| Untracked 
|   1|0x0000000080100000, 0x0000000080200000, 0x0000000080200000|100%| O|  |TAMS 0x0000000080200000, 0x0000000080100000| Untracked 
|   2|0x0000000080200000, 0x0000000080300000, 0x0000000080300000|100%| O|  |TAMS 0x0000000080300000, 0x0000000080200000| Untracked 
|   3|0x0000000080300000, 0x0000000080400000, 0x0000000080400000|100%| O|  |TAMS 0x0000000080400000, 0x0000000080300000| Untracked 
|   4|0x0000000080400000, 0x0000000080500000, 0x0000000080500000|100%|HS|  |TAMS 0x0000000080500000, 0x0000000080400000| Complete 
|   5|0x0000000080500000, 0x0000000080600000, 0x0000000080600000|100%|HC|  |TAMS 0x0000000080600000, 0x0000000080500000| Complete 
|   6|0x0000000080600000, 0x0000000080700000, 0x0000000080700000|100%|HC|  |TAMS 0x0000000080700000, 0x0000000080600000| Complete 
|   7|0x0000000080700000, 0x0000000080800000, 0x0000000080800000|100%| O|  |TAMS 0x0000000080800000, 0x0000000080700000| Untracked 
|   8|0x0000000080800000, 0x0000000080900000, 0x0000000080900000|100%| O|  |TAMS 0x0000000080900000, 0x0000000080800000| Untracked 
|   9|0x0000000080900000, 0x0000000080a00000, 0x0000000080a00000|100%| O|  |TAMS 0x0000000080a00000, 0x0000000080900000| Untracked 
|  10|0x0000000080a00000, 0x0000000080b00000, 0x0000000080b00000|100%| O|  |TAMS 0x0000000080b00000, 0x0000000080a00000| Untracked 
|  11|0x0000000080b00000, 0x0000000080c00000, 0x0000000080c00000|100%| O|  |TAMS 0x0000000080c00000, 0x0000000080b00000| Untracked 
|  12|0x0000000080c00000, 0x0000000080d00000, 0x0000000080d00000|100%| O|  |TAMS 0x0000000080d00000, 0x0000000080c00000| Untracked 
|  13|0x0000000080d00000, 0x0000000080e00000, 0x0000000080e00000|100%| O|  |TAMS 0x0000000080e00000, 0x0000000080d00000| Untracked 
|  14|0x0000000080e00000, 0x0000000080f00000, 0x0000000080f00000|100%| O|  |TAMS 0x0000000080f00000, 0x0000000080e00000| Untracked 
|  15|0x0000000080f00000, 0x0000000081000000, 0x0000000081000000|100%| O|  |TAMS 0x0000000081000000, 0x0000000080f00000| Untracked 
|  16|0x0000000081000000, 0x0000000081100000, 0x0000000081100000|100%|HS|  |TAMS 0x0000000081100000, 0x0000000081000000| Complete 
|  17|0x0000000081100000, 0x0000000081200000, 0x0000000081200000|100%|HC|  |TAMS 0x0000000081200000, 0x0000000081100000| Complete 
|  18|0x0000000081200000, 0x0000000081300000, 0x0000000081300000|100%|HS|  |TAMS 0x0000000081300000, 0x0000000081200000| Complete 
|  19|0x0000000081300000, 0x0000000081400000, 0x0000000081400000|100%|HC|  |TAMS 0x0000000081400000, 0x0000000081300000| Complete 
|  20|0x0000000081400000, 0x0000000081500000, 0x0000000081500000|100%|HC|  |TAMS 0x0000000081500000, 0x0000000081400000| Complete 
|  21|0x0000000081500000, 0x0000000081600000, 0x0000000081600000|100%|HS|  |TAMS 0x0000000081600000, 0x0000000081500000| Complete 
|  22|0x0000000081600000, 0x0000000081700000, 0x0000000081700000|100%|HC|  |TAMS 0x0000000081700000, 0x0000000081600000| Complete 
|  23|0x0000000081700000, 0x0000000081800000, 0x0000000081800000|100%|HC|  |TAMS 0x0000000081800000, 0x0000000081700000| Complete 
|  24|0x0000000081800000, 0x0000000081900000, 0x0000000081900000|100%| O|  |TAMS 0x0000000081900000, 0x0000000081800000| Untracked 
|  25|0x0000000081900000, 0x0000000081a00000, 0x0000000081a00000|100%|HS|  |TAMS 0x0000000081a00000, 0x0000000081900000| Complete 
|  26|0x0000000081a00000, 0x0000000081b00000, 0x0000000081b00000|100%|HC|  |TAMS 0x0000000081b00000, 0x0000000081a00000| Complete 
|  27|0x0000000081b00000, 0x0000000081c00000, 0x0000000081c00000|100%|HC|  |TAMS 0x0000000081c00000, 0x0000000081b00000| Complete 
|  28|0x0000000081c00000, 0x0000000081d00000, 0x0000000081d00000|100%|HC|  |TAMS 0x0000000081d00000, 0x0000000081c00000| Complete 
|  29|0x0000000081d00000, 0x0000000081e00000, 0x0000000081e00000|100%| O|  |TAMS 0x0000000081e00000, 0x0000000081d00000| Untracked 
|  30|0x0000000081e00000, 0x0000000081f00000, 0x0000000081f00000|100%| O|  |TAMS 0x0000000081f00000, 0x0000000081e00000| Untracked 
|  31|0x0000000081f00000, 0x0000000082000000, 0x0000000082000000|100%| O|  |TAMS 0x0000000082000000, 0x0000000081f00000| Untracked 
|  32|0x0000000082000000, 0x0000000082100000, 0x0000000082100000|100%| O|  |TAMS 0x0000000082100000, 0x0000000082000000| Untracked 
|  33|0x0000000082100000, 0x0000000082200000, 0x0000000082200000|100%|HS|  |TAMS 0x0000000082200000, 0x0000000082100000| Complete 
|  34|0x0000000082200000, 0x0000000082300000, 0x0000000082300000|100%|HC|  |TAMS 0x0000000082300000, 0x0000000082200000| Complete 
|  35|0x0000000082300000, 0x0000000082400000, 0x0000000082400000|100%|HC|  |TAMS 0x0000000082400000, 0x0000000082300000| Complete 
|  36|0x0000000082400000, 0x0000000082500000, 0x0000000082500000|100%|HC|  |TAMS 0x0000000082500000, 0x0000000082400000| Complete 
|  37|0x0000000082500000, 0x0000000082600000, 0x0000000082600000|100%|HC|  |TAMS 0x0000000082600000, 0x0000000082500000| Complete 
|  38|0x0000000082600000, 0x0000000082700000, 0x0000000082700000|100%| O|  |TAMS 0x0000000082700000, 0x0000000082600000| Untracked 
|  39|0x0000000082700000, 0x0000000082800000, 0x0000000082800000|100%| O|  |TAMS 0x0000000082800000, 0x0000000082700000| Untracked 
|  40|0x0000000082800000, 0x0000000082900000, 0x0000000082900000|100%| O|  |TAMS 0x0000000082900000, 0x0000000082800000| Untracked 
|  41|0x0000000082900000, 0x0000000082a00000, 0x0000000082a00000|100%| O|  |TAMS 0x0000000082a00000, 0x0000000082900000| Untracked 
|  42|0x0000000082a00000, 0x0000000082b00000, 0x0000000082b00000|100%| O|  |TAMS 0x0000000082b00000, 0x0000000082a00000| Untracked 
|  43|0x0000000082b00000, 0x0000000082c00000, 0x0000000082c00000|100%| O|  |TAMS 0x0000000082c00000, 0x0000000082b00000| Untracked 
|  44|0x0000000082c00000, 0x0000000082c8e200, 0x0000000082d00000| 55%| O|  |TAMS 0x0000000082c8e200, 0x0000000082c00000| Untracked 
|  45|0x0000000082d00000, 0x0000000082d00000, 0x0000000082e00000|  0%| F|  |TAMS 0x0000000082d00000, 0x0000000082d00000| Untracked 
|  46|0x0000000082e00000, 0x0000000082e00000, 0x0000000082f00000|  0%| F|  |TAMS 0x0000000082e00000, 0x0000000082e00000| Untracked 
|  47|0x0000000082f00000, 0x0000000083000000, 0x0000000083000000|100%| O|  |TAMS 0x0000000083000000, 0x0000000082f00000| Untracked 
|  48|0x0000000083000000, 0x0000000083100000, 0x0000000083100000|100%|HS|  |TAMS 0x0000000083000000, 0x0000000083000000| Complete 
|  49|0x0000000083100000, 0x0000000083200000, 0x0000000083200000|100%|HC|  |TAMS 0x0000000083100000, 0x0000000083100000| Complete 
|  50|0x0000000083200000, 0x0000000083300000, 0x0000000083300000|100%|HC|  |TAMS 0x0000000083200000, 0x0000000083200000| Complete 
|  51|0x0000000083300000, 0x0000000083400000, 0x0000000083400000|100%|HC|  |TAMS 0x0000000083300000, 0x0000000083300000| Complete 
|  52|0x0000000083400000, 0x0000000083400000, 0x0000000083500000|  0%| F|  |TAMS 0x0000000083400000, 0x0000000083400000| Untracked 
|  53|0x0000000083500000, 0x0000000083500000, 0x0000000083600000|  0%| F|  |TAMS 0x0000000083500000, 0x0000000083500000| Untracked 
|  54|0x0000000083600000, 0x0000000083600000, 0x0000000083700000|  0%| F|  |TAMS 0x0000000083600000, 0x0000000083600000| Untracked 
|  55|0x0000000083700000, 0x0000000083700000, 0x0000000083800000|  0%| F|  |TAMS 0x0000000083700000, 0x0000000083700000| Untracked 
|  56|0x0000000083800000, 0x0000000083800000, 0x0000000083900000|  0%| F|  |TAMS 0x0000000083800000, 0x0000000083800000| Untracked 
|  57|0x0000000083900000, 0x0000000083900000, 0x0000000083a00000|  0%| F|  |TAMS 0x0000000083900000, 0x0000000083900000| Untracked 
|  58|0x0000000083a00000, 0x0000000083a00000, 0x0000000083b00000|  0%| F|  |TAMS 0x0000000083a00000, 0x0000000083a00000| Untracked 
|  59|0x0000000083b00000, 0x0000000083b00000, 0x0000000083c00000|  0%| F|  |TAMS 0x0000000083b00000, 0x0000000083b00000| Untracked 
|  60|0x0000000083c00000, 0x0000000083c00000, 0x0000000083d00000|  0%| F|  |TAMS 0x0000000083c00000, 0x0000000083c00000| Untracked 
|  61|0x0000000083d00000, 0x0000000083d00000, 0x0000000083e00000|  0%| F|  |TAMS 0x0000000083d00000, 0x0000000083d00000| Untracked 
|  62|0x0000000083e00000, 0x0000000083e00000, 0x0000000083f00000|  0%| F|  |TAMS 0x0000000083e00000, 0x0000000083e00000| Untracked 
|  63|0x0000000083f00000, 0x0000000083f00000, 0x0000000084000000|  0%| F|  |TAMS 0x0000000083f00000, 0x0000000083f00000| Untracked 
|  64|0x0000000084000000, 0x0000000084000000, 0x0000000084100000|  0%| F|  |TAMS 0x0000000084000000, 0x0000000084000000| Untracked 
|  65|0x0000000084100000, 0x0000000084100000, 0x0000000084200000|  0%| F|  |TAMS 0x0000000084100000, 0x0000000084100000| Untracked 
|  66|0x0000000084200000, 0x0000000084200000, 0x0000000084300000|  0%| F|  |TAMS 0x0000000084200000, 0x0000000084200000| Untracked 
|  67|0x0000000084300000, 0x0000000084300000, 0x0000000084400000|  0%| F|  |TAMS 0x0000000084300000, 0x0000000084300000| Untracked 
|  68|0x0000000084400000, 0x0000000084400000, 0x0000000084500000|  0%| F|  |TAMS 0x0000000084400000, 0x0000000084400000| Untracked 
|  69|0x0000000084500000, 0x0000000084500000, 0x0000000084600000|  0%| F|  |TAMS 0x0000000084500000, 0x0000000084500000| Untracked 
|  70|0x0000000084600000, 0x0000000084600000, 0x0000000084700000|  0%| F|  |TAMS 0x0000000084600000, 0x0000000084600000| Untracked 
|  71|0x0000000084700000, 0x0000000084700000, 0x0000000084800000|  0%| F|  |TAMS 0x0000000084700000, 0x0000000084700000| Untracked 
|  72|0x0000000084800000, 0x0000000084800000, 0x0000000084900000|  0%| F|  |TAMS 0x0000000084800000, 0x0000000084800000| Untracked 
|  73|0x0000000084900000, 0x000000008496c558, 0x0000000084a00000| 42%| S|CS|TAMS 0x0000000084900000, 0x0000000084900000| Complete 
|  74|0x0000000084a00000, 0x0000000084b00000, 0x0000000084b00000|100%| S|CS|TAMS 0x0000000084a00000, 0x0000000084a00000| Complete 
|  75|0x0000000084b00000, 0x0000000084c00000, 0x0000000084c00000|100%| S|CS|TAMS 0x0000000084b00000, 0x0000000084b00000| Complete 
|  76|0x0000000084c00000, 0x0000000084c00000, 0x0000000084d00000|  0%| F|  |TAMS 0x0000000084c00000, 0x0000000084c00000| Untracked 
|  77|0x0000000084d00000, 0x0000000084d00000, 0x0000000084e00000|  0%| F|  |TAMS 0x0000000084d00000, 0x0000000084d00000| Untracked 
|  78|0x0000000084e00000, 0x0000000084e00000, 0x0000000084f00000|  0%| F|  |TAMS 0x0000000084e00000, 0x0000000084e00000| Untracked 
|  79|0x0000000084f00000, 0x0000000084f00000, 0x0000000085000000|  0%| F|  |TAMS 0x0000000084f00000, 0x0000000084f00000| Untracked 
|  80|0x0000000085000000, 0x0000000085000000, 0x0000000085100000|  0%| F|  |TAMS 0x0000000085000000, 0x0000000085000000| Untracked 
|  81|0x0000000085100000, 0x0000000085100000, 0x0000000085200000|  0%| F|  |TAMS 0x0000000085100000, 0x0000000085100000| Untracked 
|  82|0x0000000085200000, 0x0000000085200000, 0x0000000085300000|  0%| F|  |TAMS 0x0000000085200000, 0x0000000085200000| Untracked 
|  83|0x0000000085300000, 0x0000000085300000, 0x0000000085400000|  0%| F|  |TAMS 0x0000000085300000, 0x0000000085300000| Untracked 
|  84|0x0000000085400000, 0x0000000085400000, 0x0000000085500000|  0%| F|  |TAMS 0x0000000085400000, 0x0000000085400000| Untracked 
|  85|0x0000000085500000, 0x0000000085500000, 0x0000000085600000|  0%| F|  |TAMS 0x0000000085500000, 0x0000000085500000| Untracked 
|  86|0x0000000085600000, 0x0000000085600000, 0x0000000085700000|  0%| F|  |TAMS 0x0000000085600000, 0x0000000085600000| Untracked 
|  87|0x0000000085700000, 0x0000000085700000, 0x0000000085800000|  0%| F|  |TAMS 0x0000000085700000, 0x0000000085700000| Untracked 
|  88|0x0000000085800000, 0x0000000085800000, 0x0000000085900000|  0%| F|  |TAMS 0x0000000085800000, 0x0000000085800000| Untracked 
|  89|0x0000000085900000, 0x0000000085900000, 0x0000000085a00000|  0%| F|  |TAMS 0x0000000085900000, 0x0000000085900000| Untracked 
|  90|0x0000000085a00000, 0x0000000085a00000, 0x0000000085b00000|  0%| F|  |TAMS 0x0000000085a00000, 0x0000000085a00000| Untracked 
|  91|0x0000000085b00000, 0x0000000085b00000, 0x0000000085c00000|  0%| F|  |TAMS 0x0000000085b00000, 0x0000000085b00000| Untracked 
|  92|0x0000000085c00000, 0x0000000085c00000, 0x0000000085d00000|  0%| F|  |TAMS 0x0000000085c00000, 0x0000000085c00000| Untracked 
|  93|0x0000000085d00000, 0x0000000085d00000, 0x0000000085e00000|  0%| F|  |TAMS 0x0000000085d00000, 0x0000000085d00000| Untracked 
|  94|0x0000000085e00000, 0x0000000085e00000, 0x0000000085f00000|  0%| F|  |TAMS 0x0000000085e00000, 0x0000000085e00000| Untracked 
|  95|0x0000000085f00000, 0x0000000085f00000, 0x0000000086000000|  0%| F|  |TAMS 0x0000000085f00000, 0x0000000085f00000| Untracked 
|  96|0x0000000086000000, 0x0000000086000000, 0x0000000086100000|  0%| F|  |TAMS 0x0000000086000000, 0x0000000086000000| Untracked 
|  97|0x0000000086100000, 0x0000000086100000, 0x0000000086200000|  0%| F|  |TAMS 0x0000000086100000, 0x0000000086100000| Untracked 
|  98|0x0000000086200000, 0x0000000086200000, 0x0000000086300000|  0%| F|  |TAMS 0x0000000086200000, 0x0000000086200000| Untracked 
|  99|0x0000000086300000, 0x0000000086300000, 0x0000000086400000|  0%| F|  |TAMS 0x0000000086300000, 0x0000000086300000| Untracked 
| 100|0x0000000086400000, 0x0000000086400000, 0x0000000086500000|  0%| F|  |TAMS 0x0000000086400000, 0x0000000086400000| Untracked 
| 101|0x0000000086500000, 0x0000000086500000, 0x0000000086600000|  0%| F|  |TAMS 0x0000000086500000, 0x0000000086500000| Untracked 
| 102|0x0000000086600000, 0x0000000086600000, 0x0000000086700000|  0%| F|  |TAMS 0x0000000086600000, 0x0000000086600000| Untracked 
| 103|0x0000000086700000, 0x0000000086700000, 0x0000000086800000|  0%| F|  |TAMS 0x0000000086700000, 0x0000000086700000| Untracked 
| 104|0x0000000086800000, 0x00000000868048c8, 0x0000000086900000|  1%| E|  |TAMS 0x0000000086800000, 0x0000000086800000| Complete 

Card table byte_map: [0x0000028a796a0000,0x0000028a79aa0000] _byte_map_base: 0x0000028a792a0000

Marking Bits (Prev, Next): (CMBitMap*) 0x0000028a73bcc6c0, (CMBitMap*) 0x0000028a73bcc688
 Prev Bits: [0x0000028a7bea0000, 0x0000028a7dea0000)
 Next Bits: [0x0000028a79ea0000, 0x0000028a7bea0000)

Polling page: 0x0000028a73c70000

Metaspace:

Usage:
  Non-class:     36.72 MB capacity,    36.02 MB ( 98%) used,   611.91 KB (  2%) free+waste,   105.88 KB ( <1%) overhead. 
      Class:      5.60 MB capacity,     5.21 MB ( 93%) used,   347.09 KB (  6%) free+waste,    51.13 KB ( <1%) overhead. 
       Both:     42.32 MB capacity,    41.23 MB ( 97%) used,   959.00 KB (  2%) free+waste,   157.00 KB ( <1%) overhead. 

Virtual space:
  Non-class space:       38.00 MB reserved,      36.92 MB ( 97%) committed 
      Class space:        1.00 GB reserved,       5.63 MB ( <1%) committed 
             Both:        1.04 GB reserved,      42.55 MB (  4%) committed 

Chunk freelists:
   Non-Class:  18.00 KB
       Class:  23.00 KB
        Both:  41.00 KB

MaxMetaspaceSize: 17179869184.00 GB
CompressedClassSpaceSize: 1.00 GB
Initial GC threshold: 20.80 MB
Current GC threshold: 70.91 MB
CDS: off

CodeHeap 'non-profiled nmethods': size=120064Kb used=1976Kb max_used=1976Kb free=118087Kb
 bounds [0x0000028a07ac0000, 0x0000028a07d30000, 0x0000028a0f000000]
CodeHeap 'profiled nmethods': size=120000Kb used=8178Kb max_used=8178Kb free=111821Kb
 bounds [0x0000028a00590000, 0x0000028a00d90000, 0x0000028a07ac0000]
CodeHeap 'non-nmethods': size=5696Kb used=2275Kb max_used=2308Kb free=3420Kb
 bounds [0x0000028a00000000, 0x0000028a00270000, 0x0000028a00590000]
 total_blobs=4609 nmethods=3836 adapters=686
 compilation: enabled
              stopped_count=0, restarted_count=0
 full_count=0

Compilation events (20 events):
Event: 19.506 Thread 0x0000028a0fae2000 nmethod 3840 0x0000028a00d89f90 code [0x0000028a00d8a180, 0x0000028a00d8a778]
Event: 19.507 Thread 0x0000028a0fae1000 3841       4       org.codehaus.groovy.runtime.metaclass.MetaMethodIndex::getOrPutMethods (184 bytes)
Event: 19.508 Thread 0x0000028a0fae2000 3843       1       groovy.lang.MetaClassImpl$MethodIndexAction::skipClass (2 bytes)
Event: 19.509 Thread 0x0000028a0fae2000 nmethod 3843 0x0000028a07cacc90 code [0x0000028a07cace40, 0x0000028a07cacef8]
Event: 19.512 Thread 0x0000028a0fae2000 3846       3       com.sun.beans.util.Cache$Kind$Soft::getReferent (5 bytes)
Event: 19.512 Thread 0x0000028a0fae2000 nmethod 3846 0x0000028a00d8a990 code [0x0000028a00d8ab40, 0x0000028a00d8add8]
Event: 19.513 Thread 0x0000028a0fae2000 3847       3       groovy.lang.MetaClassImpl$$Lambda$306/0x000000010049f840::apply (8 bytes)
Event: 19.513 Thread 0x0000028a0fae2000 nmethod 3847 0x0000028a00d8ae90 code [0x0000028a00d8b060, 0x0000028a00d8b428]
Event: 19.513 Thread 0x0000028a0fae2000 3848       3       org.codehaus.groovy.util.ComplexKeyHashMap::getEntrySetIterator (9 bytes)
Event: 19.513 Thread 0x0000028a0fae2000 nmethod 3848 0x0000028a00d8b590 code [0x0000028a00d8b740, 0x0000028a00d8b8c8]
Event: 19.513 Thread 0x0000028a0fae2000 3849       3       org.codehaus.groovy.reflection.CachedField::getModifiers (8 bytes)
Event: 19.513 Thread 0x0000028a0fae2000 nmethod 3849 0x0000028a00d8b990 code [0x0000028a00d8bb40, 0x0000028a00d8bc58]
Event: 19.525 Thread 0x0000028a0fae2000 3850       3       java.util.jar.JarFile::getMetaInfEntryNames (10 bytes)
Event: 19.525 Thread 0x0000028a0fae2000 nmethod 3850 0x0000028a00d8bd10 code [0x0000028a00d8bee0, 0x0000028a00d8c068]
Event: 19.525 Thread 0x0000028a0fae2000 3851       3       java.util.zip.ZipFile$1::getMetaInfEntryNames (5 bytes)
Event: 19.525 Thread 0x0000028a0fae2000 nmethod 3851 0x0000028a00d8c190 code [0x0000028a00d8c340, 0x0000028a00d8c468]
Event: 19.551 Thread 0x0000028a0fae1000 nmethod 3841 0x0000028a07cacf90 code [0x0000028a07cad160, 0x0000028a07cadcb8]
Event: 19.551 Thread 0x0000028a0fae1000 3845       4       groovy.lang.MetaClassImpl$1MOPIter::methodNameAction (325 bytes)
Event: 19.664 Thread 0x0000028a0fae2000 3852       3       java.util.stream.Collectors$$Lambda$63/0x0000000100161040::accept (11 bytes)
Event: 19.664 Thread 0x0000028a0fae2000 nmethod 3852 0x0000028a00d8c510 code [0x0000028a00d8c6e0, 0x0000028a00d8c9a8]

GC Heap History (20 events):
Event: 13.073 GC heap before
{Heap before GC invocations=14 (full 0):
 garbage-first heap   total 73728K, used 52421K [0x0000000080000000, 0x0000000100000000)
  region size 1024K, 14 young (14336K), 2 survivors (2048K)
 Metaspace       used 28282K, capacity 29086K, committed 29360K, reserved 1075200K
  class space    used 3707K, capacity 4002K, committed 4096K, reserved 1048576K
}
Event: 13.077 GC heap after
{Heap after GC invocations=15 (full 0):
 garbage-first heap   total 73728K, used 40616K [0x0000000080000000, 0x0000000100000000)
  region size 1024K, 2 young (2048K), 2 survivors (2048K)
 Metaspace       used 28282K, capacity 29086K, committed 29360K, reserved 1075200K
  class space    used 3707K, capacity 4002K, committed 4096K, reserved 1048576K
}
Event: 13.460 GC heap before
{Heap before GC invocations=16 (full 0):
 garbage-first heap   total 73728K, used 52904K [0x0000000080000000, 0x0000000100000000)
  region size 1024K, 14 young (14336K), 2 survivors (2048K)
 Metaspace       used 29514K, capacity 30381K, committed 30512K, reserved 1075200K
  class space    used 3894K, capacity 4177K, committed 4224K, reserved 1048576K
}
Event: 13.465 GC heap after
{Heap after GC invocations=17 (full 0):
 garbage-first heap   total 73728K, used 41217K [0x0000000080000000, 0x0000000100000000)
  region size 1024K, 1 young (1024K), 1 survivors (1024K)
 Metaspace       used 29514K, capacity 30381K, committed 30512K, reserved 1075200K
  class space    used 3894K, capacity 4177K, committed 4224K, reserved 1048576K
}
Event: 14.034 GC heap before
{Heap before GC invocations=17 (full 0):
 garbage-first heap   total 73728K, used 54529K [0x0000000080000000, 0x0000000100000000)
  region size 1024K, 14 young (14336K), 1 survivors (1024K)
 Metaspace       used 31507K, capacity 32376K, committed 32688K, reserved 1077248K
  class space    used 4204K, capacity 4501K, committed 4608K, reserved 1048576K
}
Event: 14.040 GC heap after
{Heap after GC invocations=18 (full 0):
 garbage-first heap   total 73728K, used 41804K [0x0000000080000000, 0x0000000100000000)
  region size 1024K, 2 young (2048K), 2 survivors (2048K)
 Metaspace       used 31507K, capacity 32376K, committed 32688K, reserved 1077248K
  class space    used 4204K, capacity 4501K, committed 4608K, reserved 1048576K
}
Event: 15.321 GC heap before
{Heap before GC invocations=19 (full 0):
 garbage-first heap   total 73728K, used 55116K [0x0000000080000000, 0x0000000100000000)
  region size 1024K, 15 young (15360K), 2 survivors (2048K)
 Metaspace       used 35756K, capacity 36835K, committed 36912K, reserved 1081344K
  class space    used 4619K, capacity 4988K, committed 4992K, reserved 1048576K
}
Event: 15.332 GC heap after
{Heap after GC invocations=20 (full 0):
 garbage-first heap   total 73728K, used 43737K [0x0000000080000000, 0x0000000100000000)
  region size 1024K, 2 young (2048K), 2 survivors (2048K)
 Metaspace       used 35756K, capacity 36835K, committed 36912K, reserved 1081344K
  class space    used 4619K, capacity 4988K, committed 4992K, reserved 1048576K
}
Event: 15.944 GC heap before
{Heap before GC invocations=20 (full 0):
 garbage-first heap   total 73728K, used 56025K [0x0000000080000000, 0x0000000100000000)
  region size 1024K, 15 young (15360K), 2 survivors (2048K)
 Metaspace       used 37356K, capacity 38393K, committed 38704K, reserved 1083392K
  class space    used 4770K, capacity 5142K, committed 5248K, reserved 1048576K
}
Event: 15.955 GC heap after
{Heap after GC invocations=21 (full 0):
 garbage-first heap   total 73728K, used 45661K [0x0000000080000000, 0x0000000100000000)
  region size 1024K, 2 young (2048K), 2 survivors (2048K)
 Metaspace       used 37356K, capacity 38393K, committed 38704K, reserved 1083392K
  class space    used 4770K, capacity 5142K, committed 5248K, reserved 1048576K
}
Event: 16.179 GC heap before
{Heap before GC invocations=22 (full 0):
 garbage-first heap   total 73728K, used 57949K [0x0000000080000000, 0x0000000100000000)
  region size 1024K, 14 young (14336K), 2 survivors (2048K)
 Metaspace       used 37375K, capacity 38401K, committed 38704K, reserved 1083392K
  class space    used 4772K, capacity 5143K, committed 5248K, reserved 1048576K
}
Event: 16.187 GC heap after
{Heap after GC invocations=23 (full 0):
 garbage-first heap   total 89088K, used 45923K [0x0000000080000000, 0x0000000100000000)
  region size 1024K, 1 young (1024K), 1 survivors (1024K)
 Metaspace       used 37375K, capacity 38401K, committed 38704K, reserved 1083392K
  class space    used 4772K, capacity 5143K, committed 5248K, reserved 1048576K
}
Event: 16.506 GC heap before
{Heap before GC invocations=23 (full 0):
 garbage-first heap   total 89088K, used 53091K [0x0000000080000000, 0x0000000100000000)
  region size 1024K, 10 young (10240K), 1 survivors (1024K)
 Metaspace       used 37870K, capacity 38931K, committed 39216K, reserved 1083392K
  class space    used 4823K, capacity 5211K, committed 5248K, reserved 1048576K
}
Event: 16.512 GC heap after
{Heap after GC invocations=24 (full 0):
 garbage-first heap   total 89088K, used 47149K [0x0000000080000000, 0x0000000100000000)
  region size 1024K, 3 young (3072K), 3 survivors (3072K)
 Metaspace       used 37870K, capacity 38931K, committed 39216K, reserved 1083392K
  class space    used 4823K, capacity 5211K, committed 5248K, reserved 1048576K
}
Event: 18.266 GC heap before
{Heap before GC invocations=25 (full 0):
 garbage-first heap   total 89088K, used 66605K [0x0000000080000000, 0x0000000100000000)
  region size 1024K, 19 young (19456K), 3 survivors (3072K)
 Metaspace       used 40233K, capacity 41325K, committed 41520K, reserved 1085440K
  class space    used 5042K, capacity 5411K, committed 5504K, reserved 1048576K
}
Event: 18.275 GC heap after
{Heap after GC invocations=26 (full 0):
 garbage-first heap   total 89088K, used 47758K [0x0000000080000000, 0x0000000100000000)
  region size 1024K, 2 young (2048K), 2 survivors (2048K)
 Metaspace       used 40233K, capacity 41325K, committed 41520K, reserved 1085440K
  class space    used 5042K, capacity 5411K, committed 5504K, reserved 1048576K
}
Event: 18.755 GC heap before
{Heap before GC invocations=26 (full 0):
 garbage-first heap   total 89088K, used 65166K [0x0000000080000000, 0x0000000100000000)
  region size 1024K, 19 young (19456K), 2 survivors (2048K)
 Metaspace       used 41671K, capacity 42760K, committed 43056K, reserved 1087488K
  class space    used 5251K, capacity 5637K, committed 5760K, reserved 1048576K
}
Event: 18.771 GC heap after
{Heap after GC invocations=27 (full 0):
 garbage-first heap   total 89088K, used 48178K [0x0000000080000000, 0x0000000100000000)
  region size 1024K, 2 young (2048K), 2 survivors (2048K)
 Metaspace       used 41671K, capacity 42760K, committed 43056K, reserved 1087488K
  class space    used 5251K, capacity 5637K, committed 5760K, reserved 1048576K
}
Event: 19.530 GC heap before
{Heap before GC invocations=28 (full 0):
 garbage-first heap   total 89088K, used 58418K [0x0000000080000000, 0x0000000100000000)
  region size 1024K, 13 young (13312K), 2 survivors (2048K)
 Metaspace       used 42218K, capacity 43335K, committed 43568K, reserved 1087488K
  class space    used 5338K, capacity 5737K, committed 5760K, reserved 1048576K
}
Event: 19.540 GC heap after
{Heap after GC invocations=29 (full 0):
 garbage-first heap   total 107520K, used 49129K [0x0000000080000000, 0x0000000100000000)
  region size 1024K, 3 young (3072K), 3 survivors (3072K)
 Metaspace       used 42218K, capacity 43335K, committed 43568K, reserved 1087488K
  class space    used 5338K, capacity 5737K, committed 5760K, reserved 1048576K
}

Deoptimization events (20 events):
Event: 18.406 Thread 0x0000028a10633800 DEOPT PACKING pc=0x0000028a00c7452f sp=0x000000acaeff7540
Event: 18.406 Thread 0x0000028a10633800 DEOPT UNPACKING pc=0x0000028a0004a93f sp=0x000000acaeff69c8 mode 0
Event: 19.217 Thread 0x0000028a100fd800 Uncommon trap: trap_request=0xffffffbe fr.pc=0x0000028a07c70cb8 relative=0x0000000000000a78
Event: 19.217 Thread 0x0000028a100fd800 Uncommon trap: reason=profile_predicate action=maybe_recompile pc=0x0000028a07c70cb8 method=java.util.regex.Pattern$BnM.optimize(Ljava/util/regex/Pattern$Node;)Ljava/util/regex/Pattern$Node; @ 67 c2
Event: 19.217 Thread 0x0000028a100fd800 DEOPT PACKING pc=0x0000028a07c70cb8 sp=0x000000acafafe630
Event: 19.217 Thread 0x0000028a100fd800 DEOPT UNPACKING pc=0x0000028a0004a1a9 sp=0x000000acafafe578 mode 2
Event: 19.217 Thread 0x0000028a100fd800 Uncommon trap: trap_request=0xffffffbe fr.pc=0x0000028a07c70cb8 relative=0x0000000000000a78
Event: 19.217 Thread 0x0000028a100fd800 Uncommon trap: reason=profile_predicate action=maybe_recompile pc=0x0000028a07c70cb8 method=java.util.regex.Pattern$BnM.optimize(Ljava/util/regex/Pattern$Node;)Ljava/util/regex/Pattern$Node; @ 67 c2
Event: 19.217 Thread 0x0000028a100fd800 DEOPT PACKING pc=0x0000028a07c70cb8 sp=0x000000acafafe600
Event: 19.218 Thread 0x0000028a100fd800 DEOPT UNPACKING pc=0x0000028a0004a1a9 sp=0x000000acafafe548 mode 2
Event: 19.218 Thread 0x0000028a100fd800 Uncommon trap: trap_request=0xffffffbe fr.pc=0x0000028a07c70cb8 relative=0x0000000000000a78
Event: 19.218 Thread 0x0000028a100fd800 Uncommon trap: reason=profile_predicate action=maybe_recompile pc=0x0000028a07c70cb8 method=java.util.regex.Pattern$BnM.optimize(Ljava/util/regex/Pattern$Node;)Ljava/util/regex/Pattern$Node; @ 67 c2
Event: 19.218 Thread 0x0000028a100fd800 DEOPT PACKING pc=0x0000028a07c70cb8 sp=0x000000acafafe570
Event: 19.218 Thread 0x0000028a100fd800 DEOPT UNPACKING pc=0x0000028a0004a1a9 sp=0x000000acafafe4b8 mode 2
Event: 19.218 Thread 0x0000028a100fd800 Uncommon trap: trap_request=0xffffffbe fr.pc=0x0000028a07c70cb8 relative=0x0000000000000a78
Event: 19.218 Thread 0x0000028a100fd800 Uncommon trap: reason=profile_predicate action=maybe_recompile pc=0x0000028a07c70cb8 method=java.util.regex.Pattern$BnM.optimize(Ljava/util/regex/Pattern$Node;)Ljava/util/regex/Pattern$Node; @ 67 c2
Event: 19.218 Thread 0x0000028a100fd800 DEOPT PACKING pc=0x0000028a07c70cb8 sp=0x000000acafafe650
Event: 19.218 Thread 0x0000028a100fd800 DEOPT UNPACKING pc=0x0000028a0004a1a9 sp=0x000000acafafe598 mode 2
Event: 19.220 Thread 0x0000028a100fd800 DEOPT PACKING pc=0x0000028a0099d31c sp=0x000000acafafe360
Event: 19.221 Thread 0x0000028a100fd800 DEOPT UNPACKING pc=0x0000028a0004a93f sp=0x000000acafafd838 mode 0

Classes redefined (0 events):
No events

Internal exceptions (20 events):
Event: 18.257 Thread 0x0000028a10633800 Exception <a 'java/lang/ClassNotFoundException'{0x00000000844a5b80}: org/gradle/api/internal/artifacts/dsl/dependencies/DefaultDependencyHandlerBeanInfo> (0x00000000844a5b80) thrown at [./src/hotspot/share/classfile/systemDictionary.cpp, line 231]
Event: 18.259 Thread 0x0000028a10633800 Exception <a 'java/lang/ClassNotFoundException'{0x00000000844e20a8}: org/gradle/api/internal/artifacts/dsl/dependencies/DefaultDependencyHandlerCustomizer> (0x00000000844e20a8) thrown at [./src/hotspot/share/classfile/systemDictionary.cpp, line 231]
Event: 18.319 Thread 0x0000028a10633800 Exception <a 'java/lang/ClassNotFoundException'{0x00000000856483f8}: org/gradle/api/internal/artifacts/dsl/dependencies/DefaultDependencyHandler_DecoratedCustomizer> (0x00000000856483f8) thrown at [./src/hotspot/share/classfile/systemDictionary.cpp, line 231]
Event: 18.344 Thread 0x0000028a10633800 Exception <a 'java/lang/NoSuchMethodError'{0x0000000085529e10}: 'int java.lang.invoke.DirectMethodHandle$Holder.invokeVirtual(java.lang.Object, java.lang.Object)'> (0x0000000085529e10) thrown at [./src/hotspot/share/interpreter/linkResolver.cpp, line 773]
Event: 18.372 Thread 0x0000028a10633800 Exception <a 'java/lang/NoSuchMethodError'{0x000000008542d320}: 'java.lang.Object java.lang.invoke.DirectMethodHandle$Holder.invokeStatic(java.lang.Object, java.lang.Object, int, java.lang.Object)'> (0x000000008542d320) thrown at [./src/hotspot/share/interpreter/linkResolver.cpp, line 773]
Event: 18.372 Thread 0x0000028a10633800 Exception <a 'java/lang/NoSuchMethodError'{0x0000000085434310}: 'java.lang.Object java.lang.invoke.Invokers$Holder.linkToTargetMethod(java.lang.Object, int, java.lang.Object, java.lang.Object)'> (0x0000000085434310) thrown at [./src/hotspot/share/interpreter/linkResolver.cpp, line 773]
Event: 18.686 Thread 0x0000028a10633800 Exception <a 'java/lang/IncompatibleClassChangeError'{0x00000000847862c0}: Found class java.lang.Object, but interface was expected> (0x00000000847862c0) thrown at [./src/hotspot/share/interpreter/linkResolver.cpp, line 839]
Event: 18.917 Thread 0x0000028a10633800 Exception <a 'java/lang/NoSuchMethodError'{0x00000000856507f8}: 'java.lang.Object java.lang.invoke.Invokers$Holder.linkToTargetMethod(java.lang.Object, int, java.lang.Object)'> (0x00000000856507f8) thrown at [./src/hotspot/share/interpreter/linkResolver.cpp, line 773]
Event: 19.055 Thread 0x0000028a10633800 Exception <a 'java/lang/NoSuchMethodError'{0x00000000852a1ac0}: 'int java.lang.invoke.DirectMethodHandle$Holder.invokeStaticInit(java.lang.Object)'> (0x00000000852a1ac0) thrown at [./src/hotspot/share/interpreter/linkResolver.cpp, line 773]
Event: 19.210 Thread 0x0000028a100fd800 Exception <a 'sun/nio/fs/WindowsException'{0x00000000851baaf8}> (0x00000000851baaf8) thrown at [./src/hotspot/share/prims/jni.cpp, line 616]
Event: 19.230 Thread 0x0000028a100fd800 Exception <a 'sun/nio/fs/WindowsException'{0x00000000850c53d8}> (0x00000000850c53d8) thrown at [./src/hotspot/share/prims/jni.cpp, line 616]
Event: 19.239 Thread 0x0000028a100fd800 Exception <a 'sun/nio/fs/WindowsException'{0x00000000850c5530}> (0x00000000850c5530) thrown at [./src/hotspot/share/prims/jni.cpp, line 616]
Event: 19.260 Thread 0x0000028a10633800 Exception <a 'java/lang/ClassNotFoundException'{0x0000000084f38d10}: sync_studio_tooling703_2tu5dgjp0az1oczyt115uixwlBeanInfo> (0x0000000084f38d10) thrown at [./src/hotspot/share/classfile/systemDictionary.cpp, line 231]
Event: 19.261 Thread 0x0000028a10633800 Exception <a 'java/lang/ClassNotFoundException'{0x0000000084f45260}: sync_studio_tooling703_2tu5dgjp0az1oczyt115uixwlCustomizer> (0x0000000084f45260) thrown at [./src/hotspot/share/classfile/systemDictionary.cpp, line 231]
Event: 19.317 Thread 0x0000028a10633800 Exception <a 'java/lang/ClassNotFoundException'{0x0000000084e1cf88}: ijinit_5d4qdduervzwjkw3mn4eca3ieBeanInfo> (0x0000000084e1cf88) thrown at [./src/hotspot/share/classfile/systemDictionary.cpp, line 231]
Event: 19.318 Thread 0x0000028a10633800 Exception <a 'java/lang/ClassNotFoundException'{0x0000000084e282a8}: ijinit_5d4qdduervzwjkw3mn4eca3ieCustomizer> (0x0000000084e282a8) thrown at [./src/hotspot/share/classfile/systemDictionary.cpp, line 231]
Event: 19.334 Thread 0x0000028a10633800 Exception <a 'java/lang/ClassNotFoundException'{0x0000000084e79e10}: ijinit_5d4qdduervzwjkw3mn4eca3ie$_run_closure1BeanInfo> (0x0000000084e79e10) thrown at [./src/hotspot/share/classfile/systemDictionary.cpp, line 231]
Event: 19.335 Thread 0x0000028a10633800 Exception <a 'java/lang/ClassNotFoundException'{0x0000000084e800d8}: ijinit_5d4qdduervzwjkw3mn4eca3ie$_run_closure1Customizer> (0x0000000084e800d8) thrown at [./src/hotspot/share/classfile/systemDictionary.cpp, line 231]
Event: 19.511 Thread 0x0000028a10633800 Exception <a 'java/lang/ClassNotFoundException'{0x0000000084dc0490}: ijinit_5d4qdduervzwjkw3mn4eca3ieBeanInfo> (0x0000000084dc0490) thrown at [./src/hotspot/share/classfile/systemDictionary.cpp, line 231]
Event: 19.511 Thread 0x0000028a10633800 Exception <a 'java/lang/ClassNotFoundException'{0x0000000084dcb750}: ijinit_5d4qdduervzwjkw3mn4eca3ieCustomizer> (0x0000000084dcb750) thrown at [./src/hotspot/share/classfile/systemDictionary.cpp, line 231]

Events (20 events):
Event: 19.457 loading class org/gradle/internal/snapshot/LargeChildMap
Event: 19.457 loading class org/gradle/internal/snapshot/LargeChildMap done
Event: 19.501 loading class groovy/runtime/metaclass/ijinit_5d4qdduervzwjkw3mn4eca3ieMetaClass
Event: 19.501 loading class groovy/runtime/metaclass/ijinit_5d4qdduervzwjkw3mn4eca3ieMetaClass done
Event: 19.510 loading class ijinit_5d4qdduervzwjkw3mn4eca3ieBeanInfo
Event: 19.510 loading class ijinit_5d4qdduervzwjkw3mn4eca3ieBeanInfo done
Event: 19.511 loading class ijinit_5d4qdduervzwjkw3mn4eca3ieBeanInfo
Event: 19.511 loading class ijinit_5d4qdduervzwjkw3mn4eca3ieBeanInfo done
Event: 19.511 loading class ijinit_5d4qdduervzwjkw3mn4eca3ieCustomizer
Event: 19.511 loading class ijinit_5d4qdduervzwjkw3mn4eca3ieCustomizer done
Event: 19.511 loading class ijinit_5d4qdduervzwjkw3mn4eca3ieCustomizer
Event: 19.511 loading class ijinit_5d4qdduervzwjkw3mn4eca3ieCustomizer done
Event: 19.515 loading class JetGradlePlugin
Event: 19.515 loading class JetGradlePlugin done
Event: 19.530 Executing VM operation: G1CollectForAllocation
Event: 19.540 Executing VM operation: G1CollectForAllocation done
Event: 19.598 Executing VM operation: CGC_Operation
Event: 19.613 Executing VM operation: CGC_Operation done
Event: 19.640 Executing VM operation: CGC_Operation
Event: 19.640 Executing VM operation: CGC_Operation done


Dynamic libraries:
0x00007ff79e540000 - 0x00007ff79e54a000 	C:\Program Files\Android\Android Studio\jre\bin\java.exe
0x00007ffcced70000 - 0x00007ffccef68000 	C:\Windows\SYSTEM32\ntdll.dll
0x00007ffccd780000 - 0x00007ffccd83f000 	C:\Windows\System32\KERNEL32.DLL
0x00007ffccc900000 - 0x00007ffcccbd2000 	C:\Windows\System32\KERNELBASE.dll
0x00007ffcccc80000 - 0x00007ffcccd80000 	C:\Windows\System32\ucrtbase.dll
0x00007ffc9d300000 - 0x00007ffc9d319000 	C:\Program Files\Android\Android Studio\jre\bin\jli.dll
0x00007ffcb3350000 - 0x00007ffcb3367000 	C:\Program Files\Android\Android Studio\jre\bin\VCRUNTIME140.dll
0x00007ffccdd70000 - 0x00007ffccdf11000 	C:\Windows\System32\USER32.dll
0x00007ffcccd80000 - 0x00007ffcccda2000 	C:\Windows\System32\win32u.dll
0x00007ffccdbd0000 - 0x00007ffccdbfb000 	C:\Windows\System32\GDI32.dll
0x00007ffccc610000 - 0x00007ffccc71f000 	C:\Windows\System32\gdi32full.dll
0x00007ffcccbe0000 - 0x00007ffcccc7d000 	C:\Windows\System32\msvcp_win.dll
0x00007ffcb9cf0000 - 0x00007ffcb9f8a000 	C:\Windows\WinSxS\amd64_microsoft.windows.common-controls_6595b64144ccf1df_6.0.19041.1110_none_60b5254171f9507e\COMCTL32.dll
0x00007ffccd8e0000 - 0x00007ffccd97e000 	C:\Windows\System32\msvcrt.dll
0x00007ffccec40000 - 0x00007ffccec72000 	C:\Windows\System32\IMM32.DLL
0x00007ffc9bc50000 - 0x00007ffc9bced000 	C:\Program Files\Android\Android Studio\jre\bin\msvcp140.dll
0x00007ffc8bfd0000 - 0x00007ffc8cad2000 	C:\Program Files\Android\Android Studio\jre\bin\server\jvm.dll
0x00007ffccdc00000 - 0x00007ffccdcae000 	C:\Windows\System32\ADVAPI32.dll
0x00007ffccd840000 - 0x00007ffccd8dc000 	C:\Windows\System32\sechost.dll
0x00007ffccea40000 - 0x00007ffcceb65000 	C:\Windows\System32\RPCRT4.dll
0x00007ffccdcb0000 - 0x00007ffccdcb8000 	C:\Windows\System32\PSAPI.DLL
0x00007ffcaad90000 - 0x00007ffcaad99000 	C:\Windows\SYSTEM32\WSOCK32.dll
0x00007ffccdb60000 - 0x00007ffccdbcb000 	C:\Windows\System32\WS2_32.dll
0x00007ffcb1260000 - 0x00007ffcb1287000 	C:\Windows\SYSTEM32\WINMM.dll
0x00007ffcc2d10000 - 0x00007ffcc2d1a000 	C:\Windows\SYSTEM32\VERSION.dll
0x00007ffccad00000 - 0x00007ffccad12000 	C:\Windows\SYSTEM32\kernel.appcore.dll
0x00007ffcc45d0000 - 0x00007ffcc45e1000 	C:\Program Files\Android\Android Studio\jre\bin\verify.dll
0x00007ffcca9d0000 - 0x00007ffccabb4000 	C:\Windows\SYSTEM32\DBGHELP.DLL
0x00007ffcb7e40000 - 0x00007ffcb7e75000 	C:\Windows\SYSTEM32\dbgcore.DLL
0x00007ffccc580000 - 0x00007ffccc602000 	C:\Windows\System32\bcryptPrimitives.dll
0x00007ffc9b1e0000 - 0x00007ffc9b209000 	C:\Program Files\Android\Android Studio\jre\bin\java.dll
0x00007ffcb9090000 - 0x00007ffcb909b000 	C:\Program Files\Android\Android Studio\jre\bin\jimage.dll
0x00007ffc9c670000 - 0x00007ffc9c688000 	C:\Program Files\Android\Android Studio\jre\bin\zip.dll
0x00007ffcccdb0000 - 0x00007ffccd4f4000 	C:\Windows\System32\SHELL32.dll
0x00007ffcca160000 - 0x00007ffcca8f2000 	C:\Windows\SYSTEM32\windows.storage.dll
0x00007ffcce6e0000 - 0x00007ffccea35000 	C:\Windows\System32\combase.dll
0x00007ffccbe50000 - 0x00007ffccbe80000 	C:\Windows\SYSTEM32\Wldp.dll
0x00007ffccdcc0000 - 0x00007ffccdd6d000 	C:\Windows\System32\SHCORE.dll
0x00007ffcce680000 - 0x00007ffcce6d5000 	C:\Windows\System32\shlwapi.dll
0x00007ffccc3a0000 - 0x00007ffccc3bf000 	C:\Windows\SYSTEM32\profapi.dll
0x00007ffc9b1c0000 - 0x00007ffc9b1da000 	C:\Program Files\Android\Android Studio\jre\bin\net.dll
0x00007ffcba090000 - 0x00007ffcba19c000 	C:\Windows\SYSTEM32\WINHTTP.dll
0x00007ffccbbb0000 - 0x00007ffccbc1a000 	C:\Windows\system32\mswsock.dll
0x00007ffc9b1a0000 - 0x00007ffc9b1b4000 	C:\Program Files\Android\Android Studio\jre\bin\nio.dll
0x00007ffc943a0000 - 0x00007ffc943c7000 	C:\Users\hp\.gradle\native\8bec1ad78214c89d9ad589b4d07fe93259594b29d510b10fafb7a158f7737e5d\windows-amd64\native-platform.dll
0x00007ffc7f790000 - 0x00007ffc7f8cd000 	C:\Users\hp\.gradle\native\53dbd7edfb1c66fb8903c78663c9afc45aea4f116125fa6feffd364cf09443e8\windows-amd64\native-platform-file-events.dll
0x00007ffcc73d0000 - 0x00007ffcc73da000 	C:\Program Files\Android\Android Studio\jre\bin\management.dll
0x00007ffcc5ee0000 - 0x00007ffcc5eed000 	C:\Program Files\Android\Android Studio\jre\bin\management_ext.dll
0x00007ffccbdb0000 - 0x00007ffccbdc8000 	C:\Windows\SYSTEM32\CRYPTSP.dll
0x00007ffccb460000 - 0x00007ffccb494000 	C:\Windows\system32\rsaenh.dll
0x00007ffccc720000 - 0x00007ffccc747000 	C:\Windows\System32\bcrypt.dll
0x00007ffccc320000 - 0x00007ffccc34e000 	C:\Windows\SYSTEM32\USERENV.dll
0x00007ffccbda0000 - 0x00007ffccbdac000 	C:\Windows\SYSTEM32\CRYPTBASE.dll
0x00007ffccb830000 - 0x00007ffccb86b000 	C:\Windows\SYSTEM32\IPHLPAPI.DLL
0x00007ffcce050000 - 0x00007ffcce058000 	C:\Windows\System32\NSI.dll
0x00007ffcc2c80000 - 0x00007ffcc2c97000 	C:\Windows\SYSTEM32\dhcpcsvc6.DLL
0x00007ffcc2c60000 - 0x00007ffcc2c7d000 	C:\Windows\SYSTEM32\dhcpcsvc.DLL
0x00007ffccb870000 - 0x00007ffccb93a000 	C:\Windows\SYSTEM32\DNSAPI.dll

dbghelp: loaded successfully - version: 4.0.5 - missing functions: none
symbol engine: initialized successfully - sym options: 0x614 - pdb path: .;C:\Program Files\Android\Android Studio\jre\bin;C:\Windows\SYSTEM32;C:\Windows\WinSxS\amd64_microsoft.windows.common-controls_6595b64144ccf1df_6.0.19041.1110_none_60b5254171f9507e;C:\Program Files\Android\Android Studio\jre\bin\server;C:\Users\hp\.gradle\native\8bec1ad78214c89d9ad589b4d07fe93259594b29d510b10fafb7a158f7737e5d\windows-amd64;C:\Users\hp\.gradle\native\53dbd7edfb1c66fb8903c78663c9afc45aea4f116125fa6feffd364cf09443e8\windows-amd64

VM Arguments:
jvm_args: --add-opens=java.base/java.util=ALL-UNNAMED --add-opens=java.base/java.lang=ALL-UNNAMED --add-opens=java.base/java.lang.invoke=ALL-UNNAMED --add-opens=java.base/java.util=ALL-UNNAMED --add-opens=java.prefs/java.util.prefs=ALL-UNNAMED --add-opens=java.prefs/java.util.prefs=ALL-UNNAMED --add-opens=java.base/java.nio.charset=ALL-UNNAMED --add-opens=java.base/java.net=ALL-UNNAMED --add-opens=java.base/java.util.concurrent.atomic=ALL-UNNAMED -Xmx2048m -Dfile.encoding=UTF-8 -Duser.country=US -Duser.language=en -Duser.variant 
java_command: org.gradle.launcher.daemon.bootstrap.GradleDaemon 7.0.2
java_class_path (initial): C:\Users\hp\.gradle\wrapper\dists\gradle-7.0.2-bin\857tjihv64xamwrf0h14cai3r\gradle-7.0.2\lib\gradle-launcher-7.0.2.jar
Launcher Type: SUN_STANDARD

[Global flags]
     intx CICompilerCount                          = 2                                         {product} {ergonomic}
     uint ConcGCThreads                            = 1                                         {product} {ergonomic}
     uint G1ConcRefinementThreads                  = 2                                         {product} {ergonomic}
   size_t G1HeapRegionSize                         = 1048576                                   {product} {ergonomic}
    uintx GCDrainStackTargetSize                   = 64                                        {product} {ergonomic}
   size_t InitialHeapSize                          = 62914560                                  {product} {ergonomic}
   size_t MarkStackSize                            = 4194304                                   {product} {ergonomic}
   size_t MaxHeapSize                              = 2147483648                                {product} {command line}
   size_t MaxNewSize                               = 1287651328                                {product} {ergonomic}
   size_t MinHeapDeltaBytes                        = 1048576                                   {product} {ergonomic}
    uintx NonNMethodCodeHeapSize                   = 5825164                                {pd product} {ergonomic}
    uintx NonProfiledCodeHeapSize                  = 122916538                              {pd product} {ergonomic}
    uintx ProfiledCodeHeapSize                     = 122916538                              {pd product} {ergonomic}
    uintx ReservedCodeCacheSize                    = 251658240                              {pd product} {ergonomic}
     bool SegmentedCodeCache                       = true                                      {product} {ergonomic}
     bool UseCompressedClassPointers               = true                                 {lp64_product} {ergonomic}
     bool UseCompressedOops                        = true                                 {lp64_product} {ergonomic}
     bool UseG1GC                                  = true                                      {product} {ergonomic}
     bool UseLargePagesIndividualAllocation        = false                                  {pd product} {ergonomic}

Logging:
Log output configuration:
 #0: stdout all=warning uptime,level,tags
 #1: stderr all=off uptime,level,tags

Environment Variables:
JAVA_HOME=C:\JAVA\jdk1.8.0_202\
PATH=C:\Python310\Scripts\;C:\Python310\;C:\app\hp\product\21c\dbhomeXE\bin;C:\JAVA\jdk1.8.0_202\bin;C:\Program Files (x86)\Common Files\Oracle\Java\javapath;C:\Windows\system32;C:\Windows;C:\Windows\System32\Wbem;C:\Windows\System32\WindowsPowerShell\v1.0\;C:\Windows\System32\OpenSSH\;C:\Program Files\MongoDB\Server\5.0\bin;C:\Program Files\PuTTY\;C:\Users\hp\AppData\Local\Microsoft\WindowsApps;C:\Program Files\Java\jdk1.8.0_321\bin;C:\Program Files\MongoDB\Server\5.0\bin;C:\Users\hp\AppData\Local\Programs\Microsoft VS Code\bin
USERNAME=hp
OS=Windows_NT
PROCESSOR_IDENTIFIER=Intel64 Family 6 Model 122 Stepping 8, GenuineIntel



---------------  S Y S T E M  ---------------

OS: Windows 10 , 64 bit Build 19041 (10.0.19041.2364)
OS uptime: 0 days 4:23 hours

CPU:total 2 (initial active 2) (2 cores per cpu, 1 threads per core) family 6 model 122 stepping 8 microcode 0x16, cmov, cx8, fxsr, mmx, sse, sse2, sse3, ssse3, sse4.1, sse4.2, popcnt, aes, clmul, erms, 3dnowpref, tsc, tscinvbit, sha

Memory: 4k page, system-wide physical 3737M (306M free)
TotalPageFile size 10347M (AvailPageFile size 5M)
current process WorkingSet (physical memory assigned to process): 178M, peak: 194M
current process commit charge ("private bytes"): 267M, peak: 269M

vm_info: OpenJDK 64-Bit Server VM (11.0.13+0-b1751.21-8125866) for windows-amd64 JRE (11.0.13+0-b1751.21-8125866), built on Feb  2 2022 03:00:22 by "builder" with MS VC++ 14.0 (VS2015)

END.
